<?xml version="1.0" encoding="UTF-8"?>
<robot generator="Robot 4.1.1 (Python 3.7.5 on win32)" generated="20210930 14:18:29.708" rpa="true" schemaversion="2">
<suite id="s1" name="Tasks" source="c:\development\Robots\Steven the robot\tasks.robot">
<test id="s1-t1" name="Create New WorkSheet Tasks">
<kw name="Create New WorkBook From Map" library="excel">
<arg>new_wbook_2.xlsx</arg>
<kw name="Create Workbook" library="RPA.Excel.Files">
<arg>${EXCEL_FILE_NAME}</arg>
<doc>Create and open a new Excel workbook.</doc>
<status status="PASS" starttime="20210930 14:18:30.296" endtime="20210930 14:18:30.297"/>
</kw>
<for flavor="IN RANGE">
<var>${index}</var>
<value>15</value>
<iter>
<var name="${index}">0</var>
<kw name="Generate Random String" library="String">
<var>${ret}</var>
<doc>Generates a string with a desired ``length`` from the given ``chars``.</doc>
<msg timestamp="20210930 14:18:30.298" level="INFO">${ret} = pDjs72cW</msg>
<status status="PASS" starttime="20210930 14:18:30.298" endtime="20210930 14:18:30.298"/>
</kw>
<kw name="Create Dictionary" library="BuiltIn">
<var>&amp;{row}</var>
<arg>Order ID</arg>
<arg>${index}</arg>
<arg>Amount</arg>
<arg>${index * 25}</arg>
<arg>Invoice No</arg>
<arg>${ret}</arg>
<doc>Creates and returns a dictionary based on the given ``items``.</doc>
<msg timestamp="20210930 14:18:30.299" level="INFO">&amp;{row} = { Order ID=0 | Amount=0 | Invoice No=pDjs72cW }</msg>
<status status="PASS" starttime="20210930 14:18:30.298" endtime="20210930 14:18:30.299"/>
</kw>
<kw name="Append Rows To Worksheet" library="RPA.Excel.Files">
<arg>${row}</arg>
<arg>header=${TRUE}</arg>
<doc>Append values to the end of the worksheet.</doc>
<status status="PASS" starttime="20210930 14:18:30.299" endtime="20210930 14:18:30.299"/>
</kw>
<status status="PASS" starttime="20210930 14:18:30.298" endtime="20210930 14:18:30.299"/>
</iter>
<iter>
<var name="${index}">1</var>
<kw name="Generate Random String" library="String">
<var>${ret}</var>
<doc>Generates a string with a desired ``length`` from the given ``chars``.</doc>
<msg timestamp="20210930 14:18:30.300" level="INFO">${ret} = R4VEq7PP</msg>
<status status="PASS" starttime="20210930 14:18:30.299" endtime="20210930 14:18:30.300"/>
</kw>
<kw name="Create Dictionary" library="BuiltIn">
<var>&amp;{row}</var>
<arg>Order ID</arg>
<arg>${index}</arg>
<arg>Amount</arg>
<arg>${index * 25}</arg>
<arg>Invoice No</arg>
<arg>${ret}</arg>
<doc>Creates and returns a dictionary based on the given ``items``.</doc>
<msg timestamp="20210930 14:18:30.300" level="INFO">&amp;{row} = { Order ID=1 | Amount=25 | Invoice No=R4VEq7PP }</msg>
<status status="PASS" starttime="20210930 14:18:30.300" endtime="20210930 14:18:30.300"/>
</kw>
<kw name="Append Rows To Worksheet" library="RPA.Excel.Files">
<arg>${row}</arg>
<arg>header=${TRUE}</arg>
<doc>Append values to the end of the worksheet.</doc>
<status status="PASS" starttime="20210930 14:18:30.300" endtime="20210930 14:18:30.301"/>
</kw>
<status status="PASS" starttime="20210930 14:18:30.299" endtime="20210930 14:18:30.301"/>
</iter>
<iter>
<var name="${index}">2</var>
<kw name="Generate Random String" library="String">
<var>${ret}</var>
<doc>Generates a string with a desired ``length`` from the given ``chars``.</doc>
<msg timestamp="20210930 14:18:30.301" level="INFO">${ret} = ySK4JQ2w</msg>
<status status="PASS" starttime="20210930 14:18:30.301" endtime="20210930 14:18:30.301"/>
</kw>
<kw name="Create Dictionary" library="BuiltIn">
<var>&amp;{row}</var>
<arg>Order ID</arg>
<arg>${index}</arg>
<arg>Amount</arg>
<arg>${index * 25}</arg>
<arg>Invoice No</arg>
<arg>${ret}</arg>
<doc>Creates and returns a dictionary based on the given ``items``.</doc>
<msg timestamp="20210930 14:18:30.302" level="INFO">&amp;{row} = { Order ID=2 | Amount=50 | Invoice No=ySK4JQ2w }</msg>
<status status="PASS" starttime="20210930 14:18:30.301" endtime="20210930 14:18:30.302"/>
</kw>
<kw name="Append Rows To Worksheet" library="RPA.Excel.Files">
<arg>${row}</arg>
<arg>header=${TRUE}</arg>
<doc>Append values to the end of the worksheet.</doc>
<status status="PASS" starttime="20210930 14:18:30.302" endtime="20210930 14:18:30.302"/>
</kw>
<status status="PASS" starttime="20210930 14:18:30.301" endtime="20210930 14:18:30.302"/>
</iter>
<iter>
<var name="${index}">3</var>
<kw name="Generate Random String" library="String">
<var>${ret}</var>
<doc>Generates a string with a desired ``length`` from the given ``chars``.</doc>
<msg timestamp="20210930 14:18:30.302" level="INFO">${ret} = 8o1Mw3y6</msg>
<status status="PASS" starttime="20210930 14:18:30.302" endtime="20210930 14:18:30.302"/>
</kw>
<kw name="Create Dictionary" library="BuiltIn">
<var>&amp;{row}</var>
<arg>Order ID</arg>
<arg>${index}</arg>
<arg>Amount</arg>
<arg>${index * 25}</arg>
<arg>Invoice No</arg>
<arg>${ret}</arg>
<doc>Creates and returns a dictionary based on the given ``items``.</doc>
<msg timestamp="20210930 14:18:30.303" level="INFO">&amp;{row} = { Order ID=3 | Amount=75 | Invoice No=8o1Mw3y6 }</msg>
<status status="PASS" starttime="20210930 14:18:30.302" endtime="20210930 14:18:30.303"/>
</kw>
<kw name="Append Rows To Worksheet" library="RPA.Excel.Files">
<arg>${row}</arg>
<arg>header=${TRUE}</arg>
<doc>Append values to the end of the worksheet.</doc>
<status status="PASS" starttime="20210930 14:18:30.303" endtime="20210930 14:18:30.303"/>
</kw>
<status status="PASS" starttime="20210930 14:18:30.302" endtime="20210930 14:18:30.303"/>
</iter>
<iter>
<var name="${index}">4</var>
<kw name="Generate Random String" library="String">
<var>${ret}</var>
<doc>Generates a string with a desired ``length`` from the given ``chars``.</doc>
<msg timestamp="20210930 14:18:30.304" level="INFO">${ret} = ET3Vd0y8</msg>
<status status="PASS" starttime="20210930 14:18:30.304" endtime="20210930 14:18:30.304"/>
</kw>
<kw name="Create Dictionary" library="BuiltIn">
<var>&amp;{row}</var>
<arg>Order ID</arg>
<arg>${index}</arg>
<arg>Amount</arg>
<arg>${index * 25}</arg>
<arg>Invoice No</arg>
<arg>${ret}</arg>
<doc>Creates and returns a dictionary based on the given ``items``.</doc>
<msg timestamp="20210930 14:18:30.304" level="INFO">&amp;{row} = { Order ID=4 | Amount=100 | Invoice No=ET3Vd0y8 }</msg>
<status status="PASS" starttime="20210930 14:18:30.304" endtime="20210930 14:18:30.304"/>
</kw>
<kw name="Append Rows To Worksheet" library="RPA.Excel.Files">
<arg>${row}</arg>
<arg>header=${TRUE}</arg>
<doc>Append values to the end of the worksheet.</doc>
<status status="PASS" starttime="20210930 14:18:30.305" endtime="20210930 14:18:30.305"/>
</kw>
<status status="PASS" starttime="20210930 14:18:30.304" endtime="20210930 14:18:30.305"/>
</iter>
<iter>
<var name="${index}">5</var>
<kw name="Generate Random String" library="String">
<var>${ret}</var>
<doc>Generates a string with a desired ``length`` from the given ``chars``.</doc>
<msg timestamp="20210930 14:18:30.305" level="INFO">${ret} = eAdHD3F4</msg>
<status status="PASS" starttime="20210930 14:18:30.305" endtime="20210930 14:18:30.305"/>
</kw>
<kw name="Create Dictionary" library="BuiltIn">
<var>&amp;{row}</var>
<arg>Order ID</arg>
<arg>${index}</arg>
<arg>Amount</arg>
<arg>${index * 25}</arg>
<arg>Invoice No</arg>
<arg>${ret}</arg>
<doc>Creates and returns a dictionary based on the given ``items``.</doc>
<msg timestamp="20210930 14:18:30.306" level="INFO">&amp;{row} = { Order ID=5 | Amount=125 | Invoice No=eAdHD3F4 }</msg>
<status status="PASS" starttime="20210930 14:18:30.305" endtime="20210930 14:18:30.306"/>
</kw>
<kw name="Append Rows To Worksheet" library="RPA.Excel.Files">
<arg>${row}</arg>
<arg>header=${TRUE}</arg>
<doc>Append values to the end of the worksheet.</doc>
<status status="PASS" starttime="20210930 14:18:30.306" endtime="20210930 14:18:30.306"/>
</kw>
<status status="PASS" starttime="20210930 14:18:30.305" endtime="20210930 14:18:30.306"/>
</iter>
<iter>
<var name="${index}">6</var>
<kw name="Generate Random String" library="String">
<var>${ret}</var>
<doc>Generates a string with a desired ``length`` from the given ``chars``.</doc>
<msg timestamp="20210930 14:18:30.307" level="INFO">${ret} = xDO6qXm0</msg>
<status status="PASS" starttime="20210930 14:18:30.306" endtime="20210930 14:18:30.307"/>
</kw>
<kw name="Create Dictionary" library="BuiltIn">
<var>&amp;{row}</var>
<arg>Order ID</arg>
<arg>${index}</arg>
<arg>Amount</arg>
<arg>${index * 25}</arg>
<arg>Invoice No</arg>
<arg>${ret}</arg>
<doc>Creates and returns a dictionary based on the given ``items``.</doc>
<msg timestamp="20210930 14:18:30.307" level="INFO">&amp;{row} = { Order ID=6 | Amount=150 | Invoice No=xDO6qXm0 }</msg>
<status status="PASS" starttime="20210930 14:18:30.307" endtime="20210930 14:18:30.307"/>
</kw>
<kw name="Append Rows To Worksheet" library="RPA.Excel.Files">
<arg>${row}</arg>
<arg>header=${TRUE}</arg>
<doc>Append values to the end of the worksheet.</doc>
<status status="PASS" starttime="20210930 14:18:30.307" endtime="20210930 14:18:30.308"/>
</kw>
<status status="PASS" starttime="20210930 14:18:30.306" endtime="20210930 14:18:30.308"/>
</iter>
<iter>
<var name="${index}">7</var>
<kw name="Generate Random String" library="String">
<var>${ret}</var>
<doc>Generates a string with a desired ``length`` from the given ``chars``.</doc>
<msg timestamp="20210930 14:18:30.308" level="INFO">${ret} = x11QWQQp</msg>
<status status="PASS" starttime="20210930 14:18:30.308" endtime="20210930 14:18:30.308"/>
</kw>
<kw name="Create Dictionary" library="BuiltIn">
<var>&amp;{row}</var>
<arg>Order ID</arg>
<arg>${index}</arg>
<arg>Amount</arg>
<arg>${index * 25}</arg>
<arg>Invoice No</arg>
<arg>${ret}</arg>
<doc>Creates and returns a dictionary based on the given ``items``.</doc>
<msg timestamp="20210930 14:18:30.309" level="INFO">&amp;{row} = { Order ID=7 | Amount=175 | Invoice No=x11QWQQp }</msg>
<status status="PASS" starttime="20210930 14:18:30.308" endtime="20210930 14:18:30.309"/>
</kw>
<kw name="Append Rows To Worksheet" library="RPA.Excel.Files">
<arg>${row}</arg>
<arg>header=${TRUE}</arg>
<doc>Append values to the end of the worksheet.</doc>
<status status="PASS" starttime="20210930 14:18:30.309" endtime="20210930 14:18:30.309"/>
</kw>
<status status="PASS" starttime="20210930 14:18:30.308" endtime="20210930 14:18:30.309"/>
</iter>
<iter>
<var name="${index}">8</var>
<kw name="Generate Random String" library="String">
<var>${ret}</var>
<doc>Generates a string with a desired ``length`` from the given ``chars``.</doc>
<msg timestamp="20210930 14:18:30.309" level="INFO">${ret} = tWli19Yc</msg>
<status status="PASS" starttime="20210930 14:18:30.309" endtime="20210930 14:18:30.309"/>
</kw>
<kw name="Create Dictionary" library="BuiltIn">
<var>&amp;{row}</var>
<arg>Order ID</arg>
<arg>${index}</arg>
<arg>Amount</arg>
<arg>${index * 25}</arg>
<arg>Invoice No</arg>
<arg>${ret}</arg>
<doc>Creates and returns a dictionary based on the given ``items``.</doc>
<msg timestamp="20210930 14:18:30.310" level="INFO">&amp;{row} = { Order ID=8 | Amount=200 | Invoice No=tWli19Yc }</msg>
<status status="PASS" starttime="20210930 14:18:30.310" endtime="20210930 14:18:30.310"/>
</kw>
<kw name="Append Rows To Worksheet" library="RPA.Excel.Files">
<arg>${row}</arg>
<arg>header=${TRUE}</arg>
<doc>Append values to the end of the worksheet.</doc>
<status status="PASS" starttime="20210930 14:18:30.310" endtime="20210930 14:18:30.311"/>
</kw>
<status status="PASS" starttime="20210930 14:18:30.309" endtime="20210930 14:18:30.311"/>
</iter>
<iter>
<var name="${index}">9</var>
<kw name="Generate Random String" library="String">
<var>${ret}</var>
<doc>Generates a string with a desired ``length`` from the given ``chars``.</doc>
<msg timestamp="20210930 14:18:30.311" level="INFO">${ret} = jqfJBgmm</msg>
<status status="PASS" starttime="20210930 14:18:30.311" endtime="20210930 14:18:30.311"/>
</kw>
<kw name="Create Dictionary" library="BuiltIn">
<var>&amp;{row}</var>
<arg>Order ID</arg>
<arg>${index}</arg>
<arg>Amount</arg>
<arg>${index * 25}</arg>
<arg>Invoice No</arg>
<arg>${ret}</arg>
<doc>Creates and returns a dictionary based on the given ``items``.</doc>
<msg timestamp="20210930 14:18:30.312" level="INFO">&amp;{row} = { Order ID=9 | Amount=225 | Invoice No=jqfJBgmm }</msg>
<status status="PASS" starttime="20210930 14:18:30.311" endtime="20210930 14:18:30.312"/>
</kw>
<kw name="Append Rows To Worksheet" library="RPA.Excel.Files">
<arg>${row}</arg>
<arg>header=${TRUE}</arg>
<doc>Append values to the end of the worksheet.</doc>
<status status="PASS" starttime="20210930 14:18:30.312" endtime="20210930 14:18:30.312"/>
</kw>
<status status="PASS" starttime="20210930 14:18:30.311" endtime="20210930 14:18:30.312"/>
</iter>
<iter>
<var name="${index}">10</var>
<kw name="Generate Random String" library="String">
<var>${ret}</var>
<doc>Generates a string with a desired ``length`` from the given ``chars``.</doc>
<msg timestamp="20210930 14:18:30.312" level="INFO">${ret} = jRGHmWAK</msg>
<status status="PASS" starttime="20210930 14:18:30.312" endtime="20210930 14:18:30.312"/>
</kw>
<kw name="Create Dictionary" library="BuiltIn">
<var>&amp;{row}</var>
<arg>Order ID</arg>
<arg>${index}</arg>
<arg>Amount</arg>
<arg>${index * 25}</arg>
<arg>Invoice No</arg>
<arg>${ret}</arg>
<doc>Creates and returns a dictionary based on the given ``items``.</doc>
<msg timestamp="20210930 14:18:30.313" level="INFO">&amp;{row} = { Order ID=10 | Amount=250 | Invoice No=jRGHmWAK }</msg>
<status status="PASS" starttime="20210930 14:18:30.312" endtime="20210930 14:18:30.313"/>
</kw>
<kw name="Append Rows To Worksheet" library="RPA.Excel.Files">
<arg>${row}</arg>
<arg>header=${TRUE}</arg>
<doc>Append values to the end of the worksheet.</doc>
<status status="PASS" starttime="20210930 14:18:30.313" endtime="20210930 14:18:30.313"/>
</kw>
<status status="PASS" starttime="20210930 14:18:30.312" endtime="20210930 14:18:30.313"/>
</iter>
<iter>
<var name="${index}">11</var>
<kw name="Generate Random String" library="String">
<var>${ret}</var>
<doc>Generates a string with a desired ``length`` from the given ``chars``.</doc>
<msg timestamp="20210930 14:18:30.314" level="INFO">${ret} = x5NJuMIL</msg>
<status status="PASS" starttime="20210930 14:18:30.313" endtime="20210930 14:18:30.314"/>
</kw>
<kw name="Create Dictionary" library="BuiltIn">
<var>&amp;{row}</var>
<arg>Order ID</arg>
<arg>${index}</arg>
<arg>Amount</arg>
<arg>${index * 25}</arg>
<arg>Invoice No</arg>
<arg>${ret}</arg>
<doc>Creates and returns a dictionary based on the given ``items``.</doc>
<msg timestamp="20210930 14:18:30.314" level="INFO">&amp;{row} = { Order ID=11 | Amount=275 | Invoice No=x5NJuMIL }</msg>
<status status="PASS" starttime="20210930 14:18:30.314" endtime="20210930 14:18:30.314"/>
</kw>
<kw name="Append Rows To Worksheet" library="RPA.Excel.Files">
<arg>${row}</arg>
<arg>header=${TRUE}</arg>
<doc>Append values to the end of the worksheet.</doc>
<status status="PASS" starttime="20210930 14:18:30.314" endtime="20210930 14:18:30.315"/>
</kw>
<status status="PASS" starttime="20210930 14:18:30.313" endtime="20210930 14:18:30.315"/>
</iter>
<iter>
<var name="${index}">12</var>
<kw name="Generate Random String" library="String">
<var>${ret}</var>
<doc>Generates a string with a desired ``length`` from the given ``chars``.</doc>
<msg timestamp="20210930 14:18:30.315" level="INFO">${ret} = 6oArHA8T</msg>
<status status="PASS" starttime="20210930 14:18:30.315" endtime="20210930 14:18:30.315"/>
</kw>
<kw name="Create Dictionary" library="BuiltIn">
<var>&amp;{row}</var>
<arg>Order ID</arg>
<arg>${index}</arg>
<arg>Amount</arg>
<arg>${index * 25}</arg>
<arg>Invoice No</arg>
<arg>${ret}</arg>
<doc>Creates and returns a dictionary based on the given ``items``.</doc>
<msg timestamp="20210930 14:18:30.316" level="INFO">&amp;{row} = { Order ID=12 | Amount=300 | Invoice No=6oArHA8T }</msg>
<status status="PASS" starttime="20210930 14:18:30.315" endtime="20210930 14:18:30.316"/>
</kw>
<kw name="Append Rows To Worksheet" library="RPA.Excel.Files">
<arg>${row}</arg>
<arg>header=${TRUE}</arg>
<doc>Append values to the end of the worksheet.</doc>
<status status="PASS" starttime="20210930 14:18:30.316" endtime="20210930 14:18:30.316"/>
</kw>
<status status="PASS" starttime="20210930 14:18:30.315" endtime="20210930 14:18:30.317"/>
</iter>
<iter>
<var name="${index}">13</var>
<kw name="Generate Random String" library="String">
<var>${ret}</var>
<doc>Generates a string with a desired ``length`` from the given ``chars``.</doc>
<msg timestamp="20210930 14:18:30.317" level="INFO">${ret} = FKMP2JvK</msg>
<status status="PASS" starttime="20210930 14:18:30.317" endtime="20210930 14:18:30.317"/>
</kw>
<kw name="Create Dictionary" library="BuiltIn">
<var>&amp;{row}</var>
<arg>Order ID</arg>
<arg>${index}</arg>
<arg>Amount</arg>
<arg>${index * 25}</arg>
<arg>Invoice No</arg>
<arg>${ret}</arg>
<doc>Creates and returns a dictionary based on the given ``items``.</doc>
<msg timestamp="20210930 14:18:30.317" level="INFO">&amp;{row} = { Order ID=13 | Amount=325 | Invoice No=FKMP2JvK }</msg>
<status status="PASS" starttime="20210930 14:18:30.317" endtime="20210930 14:18:30.317"/>
</kw>
<kw name="Append Rows To Worksheet" library="RPA.Excel.Files">
<arg>${row}</arg>
<arg>header=${TRUE}</arg>
<doc>Append values to the end of the worksheet.</doc>
<status status="PASS" starttime="20210930 14:18:30.318" endtime="20210930 14:18:30.318"/>
</kw>
<status status="PASS" starttime="20210930 14:18:30.317" endtime="20210930 14:18:30.318"/>
</iter>
<iter>
<var name="${index}">14</var>
<kw name="Generate Random String" library="String">
<var>${ret}</var>
<doc>Generates a string with a desired ``length`` from the given ``chars``.</doc>
<msg timestamp="20210930 14:18:30.318" level="INFO">${ret} = CjD6ZIkG</msg>
<status status="PASS" starttime="20210930 14:18:30.318" endtime="20210930 14:18:30.318"/>
</kw>
<kw name="Create Dictionary" library="BuiltIn">
<var>&amp;{row}</var>
<arg>Order ID</arg>
<arg>${index}</arg>
<arg>Amount</arg>
<arg>${index * 25}</arg>
<arg>Invoice No</arg>
<arg>${ret}</arg>
<doc>Creates and returns a dictionary based on the given ``items``.</doc>
<msg timestamp="20210930 14:18:30.319" level="INFO">&amp;{row} = { Order ID=14 | Amount=350 | Invoice No=CjD6ZIkG }</msg>
<status status="PASS" starttime="20210930 14:18:30.318" endtime="20210930 14:18:30.319"/>
</kw>
<kw name="Append Rows To Worksheet" library="RPA.Excel.Files">
<arg>${row}</arg>
<arg>header=${TRUE}</arg>
<doc>Append values to the end of the worksheet.</doc>
<status status="PASS" starttime="20210930 14:18:30.319" endtime="20210930 14:18:30.319"/>
</kw>
<status status="PASS" starttime="20210930 14:18:30.318" endtime="20210930 14:18:30.319"/>
</iter>
<status status="PASS" starttime="20210930 14:18:30.298" endtime="20210930 14:18:30.319"/>
</for>
<kw name="Save Workbook" library="RPA.Excel.Files">
<doc>Save the active workbook.</doc>
<status status="PASS" starttime="20210930 14:18:30.319" endtime="20210930 14:18:30.330"/>
</kw>
<status status="PASS" starttime="20210930 14:18:30.296" endtime="20210930 14:18:30.331"/>
</kw>
<kw name="Read Excel File WorkSheet As Table" library="excel">
<var>${policydata}</var>
<arg>new_wbook_2.xlsx</arg>
<arg>Sheet</arg>
<kw name="Open Workbook" library="RPA.Excel.Files">
<arg>${EXCEL_FILE}</arg>
<doc>Open an existing Excel workbook.</doc>
<msg timestamp="20210930 14:18:30.331" level="INFO">Closing workbook: &lt;RPA.Excel.Files.XlsxWorkbook object at 0x0000019DB529EC08&gt;</msg>
<msg timestamp="20210930 14:18:30.340" level="INFO">Opened workbook: &lt;RPA.Excel.Files.XlsxWorkbook object at 0x0000019DB2DF5508&gt;</msg>
<status status="PASS" starttime="20210930 14:18:30.331" endtime="20210930 14:18:30.340"/>
</kw>
<kw name="Read Worksheet" library="RPA.Excel.Files">
<var>${worksheet}</var>
<arg>name=${WORK_SHEET_NAME}</arg>
<arg>header=${TRUE}</arg>
<doc>Read the content of a worksheet into a list of dictionaries.</doc>
<msg timestamp="20210930 14:18:30.341" level="INFO">${worksheet} = [{'Order ID': 0, 'Amount': 0, 'Invoice No': 'pDjs72cW'}, {'Order ID': 1, 'Amount': 25, 'Invoice No': 'R4VEq7PP'}, {'Order ID': 2, 'Amount': 50, 'Invoice No': 'ySK4JQ2w'}, {'Order ID': 3, 'Amount': 75,...</msg>
<status status="PASS" starttime="20210930 14:18:30.340" endtime="20210930 14:18:30.341"/>
</kw>
<kw name="Close Workbook" library="RPA.Excel.Files">
<doc>Close the active workbook.</doc>
<msg timestamp="20210930 14:18:30.341" level="INFO">Closing workbook: &lt;RPA.Excel.Files.XlsxWorkbook object at 0x0000019DB2DF5508&gt;</msg>
<status status="PASS" starttime="20210930 14:18:30.341" endtime="20210930 14:18:30.341"/>
</kw>
<kw name="Create Table" library="RPA.Tables">
<var>${policies}</var>
<arg>${worksheet}</arg>
<doc>Create Table object from data.</doc>
<msg timestamp="20210930 14:18:30.341" level="INFO">Created table: Table(columns=['Order ID', 'Amount', 'Invoice No'], rows=15)</msg>
<msg timestamp="20210930 14:18:30.342" level="INFO">${policies} = Table(columns=['Order ID', 'Amount', 'Invoice No'], rows=15)</msg>
<status status="PASS" starttime="20210930 14:18:30.341" endtime="20210930 14:18:30.342"/>
</kw>
<msg timestamp="20210930 14:18:30.342" level="INFO">${policydata} = Table(columns=['Order ID', 'Amount', 'Invoice No'], rows=15)</msg>
<status status="PASS" starttime="20210930 14:18:30.331" endtime="20210930 14:18:30.342"/>
</kw>
<status status="PASS" starttime="20210930 14:18:30.295" endtime="20210930 14:18:30.342"/>
</test>
<doc>Excel File Related Keyword Examples</doc>
<status status="PASS" starttime="20210930 14:18:29.709" endtime="20210930 14:18:30.342"/>
</suite>
<statistics>
<total>
<stat pass="1" fail="0" skip="0">All Tasks</stat>
</total>
<tag>
</tag>
<suite>
<stat pass="1" fail="0" skip="0" id="s1" name="Tasks">Tasks</stat>
</suite>
</statistics>
<errors>
</errors>
</robot>
