<?xml version="1.0" encoding="UTF-8"?>
<robot generator="Robot 4.1.1 (Python 3.7.5 on win32)" generated="20210930 14:46:55.621" rpa="false" schemaversion="2">
<suite id="s1" name="Robot Interactive Console" source="c:\Users\mksma\.vscode\extensions\robocorp.robotframework-lsp-0.23.2\src\robotframework_ls\vendored\robotframework_interactive\robot_interactive_console.robot">
<test id="s1-t1" name="Default Task/Test">
<kw name="Interpreter Main Loop" library="MainLoop">
<status status="PASS" starttime="20210930 14:46:55.647" endtime="20210930 14:50:22.203"/>
</kw>
<status status="PASS" starttime="20210930 14:46:55.647" endtime="20210930 14:50:22.204"/>
</test>
<status status="PASS" starttime="20210930 14:46:55.623" endtime="20210930 14:50:22.205"/>
</suite>
<statistics>
<total>
<stat pass="1" fail="0" skip="0">All Tests</stat>
</total>
<tag>
</tag>
<suite>
<stat pass="1" fail="0" skip="0" id="s1" name="Robot Interactive Console">Robot Interactive Console</stat>
</suite>
</statistics>
<errors>
</errors>
</robot>
stamp="20210930 14:48:07.663" level="INFO">${worksheet} = [{'Policy': '100242', 'Expiry': datetime.datetime(2021, 1, 2, 0, 0), 'Location': 'Urban', 'State': 'NY', 'Region': 'East', 'InsuredValue': 1617630, 'Construction': 'Frame', 'BusinessType': 'Retail', '...</msg>
<status status="PASS" starttime="20210930 14:48:07.657" endtime="20210930 14:48:07.663"/>
</kw>
<kw name="Close Workbook" library="RPA.Excel.Files">
<doc>Close the active workbook.</doc>
<msg timestamp="20210930 14:48:07.663" level="INFO">Closing workbook: &lt;RPA.Excel.Files.XlsxWorkbook object at 0x0000024A33797A48&gt;</msg>
<status status="PASS" starttime="20210930 14:48:07.663" endtime="20210930 14:48:07.663"/>
</kw>
<kw name="Create Table" library="RPA.Tables">
<var>${policies}</var>
<arg>${worksheet}</arg>
<doc>Create Table object from data.</doc>
<msg timestamp="20210930 14:48:07.666" level="INFO">Created table: Table(columns=['Policy', 'Expiry', 'Location', 'State', 'Region', 'InsuredValue', 'Construction', 'BusinessType', 'Earthquake', 'Flood'], rows=500)</msg>
<msg timestamp="20210930 14:48:07.666" level="INFO">${policies} = Table(columns=['Policy', 'Expiry', 'Location', 'State', 'Region', 'InsuredValue', 'Construction', 'BusinessType', 'Earthquake', 'Flood'], rows=500)</msg>
<status status="PASS" starttime="20210930 14:48:07.663" endtime="20210930 14:48:07.666"/>
</kw>
<msg timestamp="20210930 14:48:07.667" level="INFO">${policydata} = Table(columns=['Policy', 'Expiry', 'Location', 'State', 'Region', 'InsuredValue', 'Construction', 'BusinessType', 'Earthquake', 'Flood'], rows=500)</msg>
<status status="PASS" starttime="20210930 14:48:07.551" endtime="20210930 14:48:07.667"/>
</kw>
<kw name="Get Table Dimensions" library="RPA.Tables">
<var>@{table_dim}</var>
<arg>${policydata}</arg>
<doc>Return table dimensions, as (rows, columns).</doc>
<msg timestamp="20210930 14:48:07.667" level="INFO">@{table_dim} = [ 500 | 10 ]</msg>
<status status="PASS" starttime="20210930 14:48:07.667" endtime="20210930 14:48:07.667"/>
</kw>
<kw name="Get Table Row" library="RPA.Tables">
<var>${row_value}</var>
<arg>${policydata}</arg>
<arg>${0}</arg>
<arg>False</arg>
<doc>Get a single row from a table.</doc>
<msg timestamp="20210930 14:48:07.667" level="INFO">${row_value} = {'Policy': '100242', 'Expiry': datetime.datetime(2021, 1, 2, 0, 0), 'Location': 'Urban', 'State': 'NY', 'Region': 'East', 'InsuredValue': 1617630, 'Construction': 'Frame', 'BusinessType': 'Retail', 'E...</msg>
<status status="PASS" starttime="20210930 14:48:07.667" endtime="20210930 14:48:07.667"/>
</kw>
<for flavor="IN RANGE">
<var>${i}</var>
<value>${table_dim}[0]</value>
<iter>
<var name="${i}">0</var>
<kw name="Get Table Row" library="RPA.Tables">
<var>${row_data}</var>
<arg>${policydata}</arg>
<arg>${i}</arg>
<arg>False</arg>
<doc>Get a single row from a table.</doc>
<msg timestamp="20210930 14:48:07.668" level="INFO">${row_data} = {'Policy': '100242', 'Expiry': datetime.datetime(2021, 1, 2, 0, 0), 'Location': 'Urban', 'State': 'NY', 'Region': 'East', 'InsuredValue': 1617630, 'Construction': 'Frame', 'BusinessType': 'Retail', 'E...</msg>
<status status="PASS" starttime="20210930 14:48:07.668" endtime="20210930 14:48:07.668"/>
</kw>
<kw name="Log" library="BuiltIn">
<arg>${row_data}</arg>
<doc>Logs the given message with the given level.</doc>
<msg timestamp="20210930 14:48:07.668" level="INFO">{'Policy': '100242', 'Expiry': datetime.datetime(2021, 1, 2, 0, 0), 'Location': 'Urban', 'State': 'NY', 'Region': 'East', 'InsuredValue': 1617630, 'Construction': 'Frame', 'BusinessType': 'Retail', 'Earthquake': 'N', 'Flood': 'N'}</msg>
<status status="PASS" starttime="20210930 14:48:07.668" endtime="20210930 14:48:07.668"/>
</kw>
<status status="PASS" starttime="20210930 14:48:07.668" endtime="20210930 14:48:07.668"/>
</iter>
<iter>
<var name="${i}">1</var>
<kw name="Get Table Row" library="RPA.Tables">
<var>${row_data}</var>
<arg>${policydata}</arg>
<arg>${i}</arg>
<arg>False</arg>
<doc>Get a single row from a table.</doc>
<msg timestamp="20210930 14:48:07.669" level="INFO">${row_data} = {'Policy': '100314', 'Expiry': datetime.datetime(2021, 1, 2, 0, 0), 'Location': 'Urban', 'State': 'NY', 'Region': 'East', 'InsuredValue': 8678500, 'Construction': 'Fire Resist', 'BusinessType': 'Apart...</msg>
<status status="PASS" starttime="20210930 14:48:07.668" endtime="20210930 14:48:07.669"/>
</kw>
<kw name="Log" library="BuiltIn">
<arg>${row_data}</arg>
<doc>Logs the given message with the given level.</doc>
<msg timestamp="20210930 14:48:07.669" level="INFO">{'Policy': '100314', 'Expiry': datetime.datetime(2021, 1, 2, 0, 0), 'Location': 'Urban', 'State': 'NY', 'Region': 'East', 'InsuredValue': 8678500, 'Construction': 'Fire Resist', 'BusinessType': 'Apartment', 'Earthquake': 'Y', 'Flood': 'Y'}</msg>
<status status="PASS" starttime="20210930 14:48:07.669" endtime="20210930 14:48:07.669"/>
</kw>
<status status="PASS" starttime="20210930 14:48:07.668" endtime="20210930 14:48:07.669"/>
</iter>
<iter>
<var name="${i}">2</var>
<kw name="Get Table Row" library="RPA.Tables">
<var>${row_data}</var>
<arg>${policydata}</arg>
<arg>${i}</arg>
<arg>False</arg>
<doc>Get a single row from a table.</doc>
<msg timestamp="20210930 14:48:07.669" level="INFO">${row_data} = {'Policy': '100359', 'Expiry': datetime.datetime(2021, 1, 2, 0, 0), 'Location': 'Rural', 'State': 'WI', 'Region': 'Midwest', 'InsuredValue': 2052660, 'Construction': 'Frame', 'BusinessType': 'Farming'...</msg>
<status status="PASS" starttime="20210930 14:48:07.669" endtime="20210930 14:48:07.669"/>
</kw>
<kw name="Log" library="BuiltIn">
<arg>${row_data}</arg>
<doc>Logs the given message with the given level.</doc>
<msg timestamp="20210930 14:48:07.669" level="INFO">{'Policy': '100359', 'Expiry': datetime.datetime(2021, 1, 2, 0, 0), 'Location': 'Rural', 'State': 'WI', 'Region': 'Midwest', 'InsuredValue': 2052660, 'Construction': 'Frame', 'BusinessType': 'Farming', 'Earthquake': 'N', 'Flood': 'N'}</msg>
<status status="PASS" starttime="20210930 14:48:07.669" endtime="20210930 14:48:07.669"/>
</kw>
<status status="PASS" starttime="20210930 14:48:07.669" endtime="20210930 14:48:07.669"/>
</iter>
<iter>
<var name="${i}">3</var>
<kw name="Get Table Row" library="RPA.Tables">
<var>${row_data}</var>
<arg>${policydata}</arg>
<arg>${i}</arg>
<arg>False</arg>
<doc>Get a single row from a table.</doc>
<msg timestamp="20210930 14:48:07.670" level="INFO">${row_data} = {'Policy': '100315', 'Expiry': datetime.datetime(2021, 1, 3, 0, 0), 'Location': 'Urban', 'State': 'NY', 'Region': 'East', 'InsuredValue': 17580000, 'Construction': 'Frame', 'BusinessType': 'Apartment'...</msg>
<status status="PASS" starttime="20210930 14:48:07.670" endtime="20210930 14:48:07.670"/>
</kw>
<kw name="Log" library="BuiltIn">
<arg>${row_data}</arg>
<doc>Logs the given message with the given level.</doc>
<msg timestamp="20210930 14:48:07.670" level="INFO">{'Policy': '100315', 'Expiry': datetime.datetime(2021, 1, 3, 0, 0), 'Location': 'Urban', 'State': 'NY', 'Region': 'East', 'InsuredValue': 17580000, 'Construction': 'Frame', 'BusinessType': 'Apartment', 'Earthquake': 'Y', 'Flood': 'Y'}</msg>
<status status="PASS" starttime="20210930 14:48:07.670" endtime="20210930 14:48:07.670"/>
</kw>
<status status="PASS" starttime="20210930 14:48:07.669" endtime="20210930 14:48:07.670"/>
</iter>
<iter>
<var name="${i}">4</var>
<kw name="Get Table Row" library="RPA.Tables">
<var>${row_data}</var>
<arg>${policydata}</arg>
<arg>${i}</arg>
<arg>False</arg>
<doc>Get a single row from a table.</doc>
<msg timestamp="20210930 14:48:07.670" level="INFO">${row_data} = {'Policy': '100385', 'Expiry': datetime.datetime(2021, 1, 3, 0, 0), 'Location': 'Urban', 'State': 'NY', 'Region': 'East', 'InsuredValue': 1925000, 'Construction': 'Masonry', 'BusinessType': 'Hospitali...</msg>
<status status="PASS" starttime="20210930 14:48:07.670" endtime="20210930 14:48:07.671"/>
</kw>
<kw name="Log" library="BuiltIn">
<arg>${row_data}</arg>
<doc>Logs the given message with the given level.</doc>
<msg timestamp="20210930 14:48:07.671" level="INFO">{'Policy': '100385', 'Expiry': datetime.datetime(2021, 1, 3, 0, 0), 'Location': 'Urban', 'State': 'NY', 'Region': 'East', 'InsuredValue': 1925000, 'Construction': 'Masonry', 'BusinessType': 'Hospitality', 'Earthquake': 'N', 'Flood': 'N'}</msg>
<status status="PASS" starttime="20210930 14:48:07.671" endtime="20210930 14:48:07.671"/>
</kw>
<status status="PASS" starttime="20210930 14:48:07.670" endtime="20210930 14:48:07.671"/>
</iter>
<iter>
<var name="${i}">5</var>
<kw name="Get Table Row" library="RPA.Tables">
<var>${row_data}</var>
<arg>${policydata}</arg>
<arg>${i}</arg>
<arg>False</arg>
<doc>Get a single row from a table.</doc>
<msg timestamp="20210930 14:48:07.671" level="INFO">${row_data} = {'Policy': '100388', 'Expiry': datetime.datetime(2021, 1, 4, 0, 0), 'Location': 'Urban', 'State': 'IL', 'Region': 'Midwest', 'InsuredValue': 12934500, 'Construction': 'Frame', 'BusinessType': 'Apartme...</msg>
<status status="PASS" starttime="20210930 14:48:07.671" endtime="20210930 14:48:07.671"/>
</kw>
<kw name="Log" library="BuiltIn">
<arg>${row_data}</arg>
<doc>Logs the given message with the given level.</doc>
<msg timestamp="20210930 14:48:07.671" level="INFO">{'Policy': '100388', 'Expiry': datetime.datetime(2021, 1, 4, 0, 0), 'Location': 'Urban', 'State': 'IL', 'Region': 'Midwest', 'InsuredValue': 12934500, 'Construction': 'Frame', 'BusinessType': 'Apartment', 'Earthquake': 'Y', 'Flood': 'Y'}</msg>
<status status="PASS" starttime="20210930 14:48:07.671" endtime="20210930 14:48:07.671"/>
</kw>
<status status="PASS" starttime="20210930 14:48:07.671" endtime="20210930 14:48:07.671"/>
</iter>
<iter>
<var name="${i}">6</var>
<kw name="Get Table Row" library="RPA.Tables">
<var>${row_data}</var>
<arg>${policydata}</arg>
<arg>${i}</arg>
<arg>False</arg>
<doc>Get a single row from a table.</doc>
<msg timestamp="20210930 14:48:07.672" level="INFO">${row_data} = {'Policy': '100358', 'Expiry': datetime.datetime(2021, 1, 5, 0, 0), 'Location': 'Urban', 'State': 'WI', 'Region': 'Midwest', 'InsuredValue': 928300, 'Construction': 'Masonry', 'BusinessType': 'Office ...</msg>
<status status="PASS" starttime="20210930 14:48:07.671" endtime="20210930 14:48:07.672"/>
</kw>
<kw name="Log" library="BuiltIn">
<arg>${row_data}</arg>
<doc>Logs the given message with the given level.</doc>
<msg timestamp="20210930 14:48:07.672" level="INFO">{'Policy': '100358', 'Expiry': datetime.datetime(2021, 1, 5, 0, 0), 'Location': 'Urban', 'State': 'WI', 'Region': 'Midwest', 'InsuredValue': 928300, 'Construction': 'Masonry', 'BusinessType': 'Office Bldg', 'Earthquake': 'N', 'Flood': 'N'}</msg>
<status status="PASS" starttime="20210930 14:48:07.672" endtime="20210930 14:48:07.672"/>
</kw>
<status status="PASS" starttime="20210930 14:48:07.671" endtime="20210930 14:48:07.672"/>
</iter>
<iter>
<var name="${i}">7</var>
<kw name="Get Table Row" library="RPA.Tables">
<var>${row_data}</var>
<arg>${policydata}</arg>
<arg>${i}</arg>
<arg>False</arg>
<doc>Get a single row from a table.</doc>
<msg timestamp="20210930 14:48:07.672" level="INFO">${row_data} = {'Policy': '100264', 'Expiry': datetime.datetime(2021, 1, 7, 0, 0), 'Location': 'Rural', 'State': 'NY', 'Region': 'East', 'InsuredValue': 2219900, 'Construction': 'Frame', 'BusinessType': 'Farming', '...</msg>
<status status="PASS" starttime="20210930 14:48:07.672" endtime="20210930 14:48:07.672"/>
</kw>
<kw name="Log" library="BuiltIn">
<arg>${row_data}</arg>
<doc>Logs the given message with the given level.</doc>
<msg timestamp="20210930 14:48:07.672" level="INFO">{'Policy': '100264', 'Expiry': datetime.datetime(2021, 1, 7, 0, 0), 'Location': 'Rural', 'State': 'NY', 'Region': 'East', 'InsuredValue': 2219900, 'Construction': 'Frame', 'BusinessType': 'Farming', 'Earthquake': 'N', 'Flood': 'N'}</msg>
<status status="PASS" starttime="20210930 14:48:07.672" endtime="20210930 14:48:07.672"/>
</kw>
<status status="PASS" starttime="20210930 14:48:07.672" endtime="20210930 14:48:07.672"/>
</iter>
<iter>
<var name="${i}">8</var>
<kw name="Get Table Row" library="RPA.Tables">
<var>${row_data}</var>
<arg>${policydata}</arg>
<arg>${i}</arg>
<arg>False</arg>
<doc>Get a single row from a table.</doc>
<msg timestamp="20210930 14:48:07.673" level="INFO">${row_data} = {'Policy': '100265', 'Expiry': datetime.datetime(2021, 1, 7, 0, 0), 'Location': 'Urban', 'State': 'NY', 'Region': 'East', 'InsuredValue': 14100000, 'Construction': 'Frame', 'BusinessType': 'Apartment'...</msg>
<status status="PASS" starttime="20210930 14:48:07.673" endtime="20210930 14:48:07.673"/>
</kw>
<kw name="Log" library="BuiltIn">
<arg>${row_data}</arg>
<doc>Logs the given message with the given level.</doc>
<msg timestamp="20210930 14:48:07.673" level="INFO">{'Policy': '100265', 'Expiry': datetime.datetime(2021, 1, 7, 0, 0), 'Location': 'Urban', 'State': 'NY', 'Region': 'East', 'InsuredValue': 14100000, 'Construction': 'Frame', 'BusinessType': 'Apartment', 'Earthquake': 'Y', 'Flood': 'Y'}</msg>
<status status="PASS" starttime="20210930 14:48:07.673" endtime="20210930 14:48:07.673"/>
</kw>
<status status="PASS" starttime="20210930 14:48:07.673" endtime="20210930 14:48:07.673"/>
</iter>
<iter>
<var name="${i}">9</var>
<kw name="Get Table Row" library="RPA.Tables">
<var>${row_data}</var>
<arg>${policydata}</arg>
<arg>${i}</arg>
<arg>False</arg>
<doc>Get a single row from a table.</doc>
<msg timestamp="20210930 14:48:07.673" level="INFO">${row_data} = {'Policy': '100357', 'Expiry': datetime.datetime(2021, 1, 8, 0, 0), 'Location': 'Urban', 'State': 'NY', 'Region': 'East', 'InsuredValue': 4762808, 'Construction': 'Masonry', 'BusinessType': 'Other', '...</msg>
<status status="PASS" starttime="20210930 14:48:07.673" endtime="20210930 14:48:07.673"/>
</kw>
<kw name="Log" library="BuiltIn">
<arg>${row_data}</arg>
<doc>Logs the given message with the given level.</doc>
<msg timestamp="20210930 14:48:07.674" level="INFO">{'Policy': '100357', 'Expiry': datetime.datetime(2021, 1, 8, 0, 0), 'Location': 'Urban', 'State': 'NY', 'Region': 'East', 'InsuredValue': 4762808, 'Construction': 'Masonry', 'BusinessType': 'Other', 'Earthquake': 'Y', 'Flood': 'Y'}</msg>
<status status="PASS" starttime="20210930 14:48:07.673" endtime="20210930 14:48:07.674"/>
</kw>
<status status="PASS" starttime="20210930 14:48:07.673" endtime="20210930 14:48:07.674"/>
</iter>
<iter>
<var name="${i}">10</var>
<kw name="Get Table Row" library="RPA.Tables">
<var>${row_data}</var>
<arg>${policydata}</arg>
<arg>${i}</arg>
<arg>False</arg>
<doc>Get a single row from a table.</doc>
<msg timestamp="20210930 14:48:07.674" level="INFO">${row_data} = {'Policy': '100399', 'Expiry': datetime.datetime(2021, 1, 8, 0, 0), 'Location': 'Urban', 'State': 'NY', 'Region': 'East', 'InsuredValue': 13925190, 'Construction': 'Frame', 'BusinessType': 'Apartment'...</msg>
<status status="PASS" starttime="20210930 14:48:07.674" endtime="20210930 14:48:07.675"/>
</kw>
<kw name="Log" library="BuiltIn">
<arg>${row_data}</arg>
<doc>Logs the given message with the given level.</doc>
<msg timestamp="20210930 14:48:07.675" level="INFO">{'Policy': '100399', 'Expiry': datetime.datetime(2021, 1, 8, 0, 0), 'Location': 'Urban', 'State': 'NY', 'Region': 'East', 'InsuredValue': 13925190, 'Construction': 'Frame', 'BusinessType': 'Apartment', 'Earthquake': 'Y', 'Flood': 'Y'}</msg>
<status status="PASS" starttime="20210930 14:48:07.675" endtime="20210930 14:48:07.675"/>
</kw>
<status status="PASS" starttime="20210930 14:48:07.674" endtime="20210930 14:48:07.675"/>
</iter>
<iter>
<var name="${i}">11</var>
<kw name="Get Table Row" library="RPA.Tables">
<var>${row_data}</var>
<arg>${policydata}</arg>
<arg>${i}</arg>
<arg>False</arg>
<doc>Get a single row from a table.</doc>
<msg timestamp="20210930 14:48:07.675" level="INFO">${row_data} = {'Policy': '100329', 'Expiry': datetime.datetime(2021, 1, 9, 0, 0), 'Location': 'Urban', 'State': 'NY', 'Region': 'East', 'InsuredValue': 6350000, 'Construction': 'Frame', 'BusinessType': 'Apartment',...</msg>
<status status="PASS" starttime="20210930 14:48:07.675" endtime="20210930 14:48:07.675"/>
</kw>
<kw name="Log" library="BuiltIn">
<arg>${row_data}</arg>
<doc>Logs the given message with the given level.</doc>
<msg timestamp="20210930 14:48:07.675" level="INFO">{'Policy': '100329', 'Expiry': datetime.datetime(2021, 1, 9, 0, 0), 'Location': 'Urban', 'State': 'NY', 'Region': 'East', 'InsuredValue': 6350000, 'Construction': 'Frame', 'BusinessType': 'Apartment', 'Earthquake': 'Y', 'Flood': 'Y'}</msg>
<status status="PASS" starttime="20210930 14:48:07.675" endtime="20210930 14:48:07.675"/>
</kw>
<status status="PASS" starttime="20210930 14:48:07.675" endtime="20210930 14:48:07.675"/>
</iter>
<iter>
<var name="${i}">12</var>
<kw name="Get Table Row" library="RPA.Tables">
<var>${row_data}</var>
<arg>${policydata}</arg>
<arg>${i}</arg>
<arg>False</arg>
<doc>Get a single row from a table.</doc>
<msg timestamp="20210930 14:48:07.675" level="INFO">${row_data} = {'Policy': '100429', 'Expiry': datetime.datetime(2021, 1, 9, 0, 0), 'Location': 'Urban', 'State': 'WI', 'Region': 'Midwest', 'InsuredValue': 4036000, 'Construction': 'Masonry', 'BusinessType': 'Medica...</msg>
<status status="PASS" starttime="20210930 14:48:07.675" endtime="20210930 14:48:07.675"/>
</kw>
<kw name="Log" library="BuiltIn">
<arg>${row_data}</arg>
<doc>Logs the given message with the given level.</doc>
<msg timestamp="20210930 14:48:07.675" level="INFO">{'Policy': '100429', 'Expiry': datetime.datetime(2021, 1, 9, 0, 0), 'Location': 'Urban', 'State': 'WI', 'Region': 'Midwest', 'InsuredValue': 4036000, 'Construction': 'Masonry', 'BusinessType': 'Medical', 'Earthquake': 'Y', 'Flood': 'Y'}</msg>
<status status="PASS" starttime="20210930 14:48:07.675" endtime="20210930 14:48:07.675"/>
</kw>
<status status="PASS" starttime="20210930 14:48:07.675" endtime="20210930 14:48:07.675"/>
</iter>
<iter>
<var name="${i}">13</var>
<kw name="Get Table Row" library="RPA.Tables">
<var>${row_data}</var>
<arg>${policydata}</arg>
<arg>${i}</arg>
<arg>False</arg>
<doc>Get a single row from a table.</doc>
<msg timestamp="20210930 14:48:07.676" level="INFO">${row_data} = {'Policy': '100441', 'Expiry': datetime.datetime(2021, 1, 10, 0, 0), 'Location': 'Urban', 'State': 'NJ', 'Region': 'East', 'InsuredValue': 472800, 'Construction': 'Masonry', 'BusinessType': 'Retail', ...</msg>
<status status="PASS" starttime="20210930 14:48:07.676" endtime="20210930 14:48:07.676"/>
</kw>
<kw name="Log" library="BuiltIn">
<arg>${row_data}</arg>
<doc>Logs the given message with the given level.</doc>
<msg timestamp="20210930 14:48:07.676" level="INFO">{'Policy': '100441', 'Expiry': datetime.datetime(2021, 1, 10, 0, 0), 'Location': 'Urban', 'State': 'NJ', 'Region': 'East', 'InsuredValue': 472800, 'Construction': 'Masonry', 'BusinessType': 'Retail', 'Earthquake': 'Y', 'Flood': 'Y'}</msg>
<status status="PASS" starttime="20210930 14:48:07.676" endtime="20210930 14:48:07.676"/>
</kw>
<status status="PASS" starttime="20210930 14:48:07.676" endtime="20210930 14:48:07.676"/>
</iter>
<iter>
<var name="${i}">14</var>
<kw name="Get Table Row" library="RPA.Tables">
<var>${row_data}</var>
<arg>${policydata}</arg>
<arg>${i}</arg>
<arg>False</arg>
<doc>Get a single row from a table.</doc>
<msg timestamp="20210930 14:48:07.676" level="INFO">${row_data} = {'Policy': '100442', 'Expiry': datetime.datetime(2021, 1, 10, 0, 0), 'Location': 'Urban', 'State': 'WI', 'Region': 'Midwest', 'InsuredValue': 11710880, 'Construction': 'Masonry', 'BusinessType': 'Apar...</msg>
<status status="PASS" starttime="20210930 14:48:07.676" endtime="20210930 14:48:07.676"/>
</kw>
<kw name="Log" library="BuiltIn">
<arg>${row_data}</arg>
<doc>Logs the given message with the given level.</doc>
<msg timestamp="20210930 14:48:07.677" level="INFO">{'Policy': '100442', 'Expiry': datetime.datetime(2021, 1, 10, 0, 0), 'Location': 'Urban', 'State': 'WI', 'Region': 'Midwest', 'InsuredValue': 11710880, 'Construction': 'Masonry', 'BusinessType': 'Apartment', 'Earthquake': 'Y', 'Flood': 'Y'}</msg>
<status status="PASS" starttime="20210930 14:48:07.676" endtime="20210930 14:48:07.677"/>
</kw>
<status status="PASS" starttime="20210930 14:48:07.676" endtime="20210930 14:48:07.677"/>
</iter>
<iter>
<var name="${i}">15</var>
<kw name="Get Table Row" library="RPA.Tables">
<var>${row_data}</var>
<arg>${policydata}</arg>
<arg>${i}</arg>
<arg>False</arg>
<doc>Get a single row from a table.</doc>
<msg timestamp="20210930 14:48:07.677" level="INFO">${row_data} = {'Policy': '100372', 'Expiry': datetime.datetime(2021, 1, 12, 0, 0), 'Location': 'Urban', 'State': 'NY', 'Region': 'East', 'InsuredValue': 1370300, 'Construction': 'Frame', 'BusinessType': 'Apartment'...</msg>
<status status="PASS" starttime="20210930 14:48:07.677" endtime="20210930 14:48:07.677"/>
</kw>
<kw name="Log" library="BuiltIn">
<arg>${row_data}</arg>
<doc>Logs the given message with the given level.</doc>
<msg timestamp="20210930 14:48:07.677" level="INFO">{'Policy': '100372', 'Expiry': datetime.datetime(2021, 1, 12, 0, 0), 'Location': 'Urban', 'State': 'NY', 'Region': 'East', 'InsuredValue': 1370300, 'Construction': 'Frame', 'BusinessType': 'Apartment', 'Earthquake': 'Y', 'Flood': 'Y'}</msg>
<status status="PASS" starttime="20210930 14:48:07.677" endtime="20210930 14:48:07.677"/>
</kw>
<status status="PASS" starttime="20210930 14:48:07.677" endtime="20210930 14:48:07.677"/>
</iter>
<iter>
<var name="${i}">16</var>
<kw name="Get Table Row" library="RPA.Tables">
<var>${row_data}</var>
<arg>${policydata}</arg>
<arg>${i}</arg>
<arg>False</arg>
<doc>Get a single row from a table.</doc>
<msg timestamp="20210930 14:48:07.678" level="INFO">${row_data} = {'Policy': '100281', 'Expiry': datetime.datetime(2021, 1, 13, 0, 0), 'Location': 'Rural', 'State': 'WI', 'Region': 'Midwest', 'InsuredValue': 1432835, 'Construction': 'Frame', 'BusinessType': 'Farming...</msg>
<status status="PASS" starttime="20210930 14:48:07.677" endtime="20210930 14:48:07.678"/>
</kw>
<kw name="Log" library="BuiltIn">
<arg>${row_data}</arg>
<doc>Logs the given message with the given level.</doc>
<msg timestamp="20210930 14:48:07.678" level="INFO">{'Policy': '100281', 'Expiry': datetime.datetime(2021, 1, 13, 0, 0), 'Location': 'Rural', 'State': 'WI', 'Region': 'Midwest', 'InsuredValue': 1432835, 'Construction': 'Frame', 'BusinessType': 'Farming', 'Earthquake': 'N', 'Flood': 'N'}</msg>
<status status="PASS" starttime="20210930 14:48:07.678" endtime="20210930 14:48:07.678"/>
</kw>
<status status="PASS" starttime="20210930 14:48:07.677" endtime="20210930 14:48:07.678"/>
</iter>
<iter>
<var name="${i}">17</var>
<kw name="Get Table Row" library="RPA.Tables">
<var>${row_data}</var>
<arg>${policydata}</arg>
<arg>${i}</arg>
<arg>False</arg>
<doc>Get a single row from a table.</doc>
<msg timestamp="20210930 14:48:07.678" level="INFO">${row_data} = {'Policy': '100280', 'Expiry': datetime.datetime(2021, 1, 15, 0, 0), 'Location': 'Urban', 'State': 'NY', 'Region': 'East', 'InsuredValue': 82000, 'Construction': 'Masonry', 'BusinessType': 'Organizati...</msg>
<status status="PASS" starttime="20210930 14:48:07.678" endtime="20210930 14:48:07.678"/>
</kw>
<kw name="Log" library="BuiltIn">
<arg>${row_data}</arg>
<doc>Logs the given message with the given level.</doc>
<msg timestamp="20210930 14:48:07.678" level="INFO">{'Policy': '100280', 'Expiry': datetime.datetime(2021, 1, 15, 0, 0), 'Location': 'Urban', 'State': 'NY', 'Region': 'East', 'InsuredValue': 82000, 'Construction': 'Masonry', 'BusinessType': 'Organization', 'Earthquake': 'Y', 'Flood': 'Y'}</msg>
<status status="PASS" starttime="20210930 14:48:07.678" endtime="20210930 14:48:07.678"/>
</kw>
<status status="PASS" starttime="20210930 14:48:07.678" endtime="20210930 14:48:07.678"/>
</iter>
<iter>
<var name="${i}">18</var>
<kw name="Get Table Row" library="RPA.Tables">
<var>${row_data}</var>
<arg>${policydata}</arg>
<arg>${i}</arg>
<arg>False</arg>
<doc>Get a single row from a table.</doc>
<msg timestamp="20210930 14:48:07.679" level="INFO">${row_data} = {'Policy': '100424', 'Expiry': datetime.datetime(2021, 1, 16, 0, 0), 'Location': 'Urban', 'State': 'NY', 'Region': 'East', 'InsuredValue': 192000, 'Construction': 'Masonry', 'BusinessType': 'Retail', ...</msg>
<status status="PASS" starttime="20210930 14:48:07.678" endtime="20210930 14:48:07.679"/>
</kw>
<kw name="Log" library="BuiltIn">
<arg>${row_data}</arg>
<doc>Logs the given message with the given level.</doc>
<msg timestamp="20210930 14:48:07.679" level="INFO">{'Policy': '100424', 'Expiry': datetime.datetime(2021, 1, 16, 0, 0), 'Location': 'Urban', 'State': 'NY', 'Region': 'East', 'InsuredValue': 192000, 'Construction': 'Masonry', 'BusinessType': 'Retail', 'Earthquake': 'N', 'Flood': 'N'}</msg>
<status status="PASS" starttime="20210930 14:48:07.679" endtime="20210930 14:48:07.679"/>
</kw>
<status status="PASS" starttime="20210930 14:48:07.678" endtime="20210930 14:48:07.679"/>
</iter>
<iter>
<var name="${i}">19</var>
<kw name="Get Table Row" library="RPA.Tables">
<var>${row_data}</var>
<arg>${policydata}</arg>
<arg>${i}</arg>
<arg>False</arg>
<doc>Get a single row from a table.</doc>
<msg timestamp="20210930 14:48:07.679" level="INFO">${row_data} = {'Policy': '100425', 'Expiry': datetime.datetime(2021, 1, 16, 0, 0), 'Location': 'Urban', 'State': 'NY', 'Region': 'East', 'InsuredValue': 4950000, 'Construction': 'Frame', 'BusinessType': 'Office Bld...</msg>
<status status="PASS" starttime="20210930 14:48:07.679" endtime="20210930 14:48:07.679"/>
</kw>
<kw name="Log" library="BuiltIn">
<arg>${row_data}</arg>
<doc>Logs the given message with the given level.</doc>
<msg timestamp="20210930 14:48:07.680" level="INFO">{'Policy': '100425', 'Expiry': datetime.datetime(2021, 1, 16, 0, 0), 'Location': 'Urban', 'State': 'NY', 'Region': 'East', 'InsuredValue': 4950000, 'Construction': 'Frame', 'BusinessType': 'Office Bldg', 'Earthquake': 'Y', 'Flood': 'Y'}</msg>
<status status="PASS" starttime="20210930 14:48:07.679" endtime="20210930 14:48:07.680"/>
</kw>
<status status="PASS" starttime="20210930 14:48:07.679" endtime="20210930 14:48:07.680"/>
</iter>
<iter>
<var name="${i}">20</var>
<kw name="Get Table Row" library="RPA.Tables">
<var>${row_data}</var>
<arg>${policydata}</arg>
<arg>${i}</arg>
<arg>False</arg>
<doc>Get a single row from a table.</doc>
<msg timestamp="20210930 14:48:07.680" level="INFO">${row_data} = {'Policy': '100426', 'Expiry': datetime.datetime(2021, 1, 16, 0, 0), 'Location': 'Urban', 'State': 'VT', 'Region': 'Northeast', 'InsuredValue': 2432875, 'Construction': 'Fire Resist', 'BusinessType': ...</msg>
<status status="PASS" starttime="20210930 14:48:07.680" endtime="20210930 14:48:07.680"/>
</kw>
<kw name="Log" library="BuiltIn">
<arg>${row_data}</arg>
<doc>Logs the given message with the given level.</doc>
<msg timestamp="20210930 14:48:07.680" level="INFO">{'Policy': '100426', 'Expiry': datetime.datetime(2021, 1, 16, 0, 0), 'Location': 'Urban', 'State': 'VT', 'Region': 'Northeast', 'InsuredValue': 2432875, 'Construction': 'Fire Resist', 'BusinessType': 'Apartment', 'Earthquake': 'N', 'Flood': 'N'}</msg>
<status status="PASS" starttime="20210930 14:48:07.680" endtime="20210930 14:48:07.680"/>
</kw>
<status status="PASS" starttime="20210930 14:48:07.680" endtime="20210930 14:48:07.680"/>
</iter>
<iter>
<var name="${i}">21</var>
<kw name="Get Table Row" library="RPA.Tables">
<var>${row_data}</var>
<arg>${policydata}</arg>
<arg>${i}</arg>
<arg>False</arg>
<doc>Get a single row from a table.</doc>
<msg timestamp="20210930 14:48:07.680" level="INFO">${row_data} = {'Policy': '100252', 'Expiry': datetime.datetime(2021, 1, 17, 0, 0), 'Location': 'Urban', 'State': 'OH', 'Region': 'Central', 'InsuredValue': 1529600, 'Construction': 'Masonry', 'BusinessType': 'Apart...</msg>
<status status="PASS" starttime="20210930 14:48:07.680" endtime="20210930 14:48:07.680"/>
</kw>
<kw name="Log" library="BuiltIn">
<arg>${row_data}</arg>
<doc>Logs the given message with the given level.</doc>
<msg timestamp="20210930 14:48:07.681" level="INFO">{'Policy': '100252', 'Expiry': datetime.datetime(2021, 1, 17, 0, 0), 'Location': 'Urban', 'State': 'OH', 'Region': 'Central', 'InsuredValue': 1529600, 'Construction': 'Masonry', 'BusinessType': 'Apartment', 'Earthquake': 'N', 'Flood': 'N'}</msg>
<status status="PASS" starttime="20210930 14:48:07.681" endtime="20210930 14:48:07.681"/>
</kw>
<status status="PASS" starttime="20210930 14:48:07.680" endtime="20210930 14:48:07.681"/>
</iter>
<iter>
<var name="${i}">22</var>
<kw name="Get Table Row" library="RPA.Tables">
<var>${row_data}</var>
<arg>${policydata}</arg>
<arg>${i}</arg>
<arg>False</arg>
<doc>Get a single row from a table.</doc>
<msg timestamp="20210930 14:48:07.681" level="INFO">${row_data} = {'Policy': '100279', 'Expiry': datetime.datetime(2021, 1, 18, 0, 0), 'Location': 'Urban', 'State': 'NY', 'Region': 'East', 'InsuredValue': 7677000, 'Construction': 'Frame', 'BusinessType': 'Apartment'...</msg>
<status status="PASS" starttime="20210930 14:48:07.681" endtime="20210930 14:48:07.681"/>
</kw>
<kw name="Log" library="BuiltIn">
<arg>${row_data}</arg>
<doc>Logs the given message with the given level.</doc>
<msg timestamp="20210930 14:48:07.681" level="INFO">{'Policy': '100279', 'Expiry': datetime.datetime(2021, 1, 18, 0, 0), 'Location': 'Urban', 'State': 'NY', 'Region': 'East', 'InsuredValue': 7677000, 'Construction': 'Frame', 'BusinessType': 'Apartment', 'Earthquake': 'Y', 'Flood': 'Y'}</msg>
<status status="PASS" starttime="20210930 14:48:07.681" endtime="20210930 14:48:07.681"/>
</kw>
<status status="PASS" starttime="20210930 14:48:07.681" endtime="20210930 14:48:07.681"/>
</iter>
<iter>
<var name="${i}">23</var>
<kw name="Get Table Row" library="RPA.Tables">
<var>${row_data}</var>
<arg>${policydata}</arg>
<arg>${i}</arg>
<arg>False</arg>
<doc>Get a single row from a table.</doc>
<msg timestamp="20210930 14:48:07.682" level="INFO">${row_data} = {'Policy': '100292', 'Expiry': datetime.datetime(2021, 1, 18, 0, 0), 'Location': 'Urban', 'State': 'NY', 'Region': 'East', 'InsuredValue': 13750000, 'Construction': 'Frame', 'BusinessType': 'Apartment...</msg>
<status status="PASS" starttime="20210930 14:48:07.681" endtime="20210930 14:48:07.682"/>
</kw>
<kw name="Log" library="BuiltIn">
<arg>${row_data}</arg>
<doc>Logs the given message with the given level.</doc>
<msg timestamp="20210930 14:48:07.682" level="INFO">{'Policy': '100292', 'Expiry': datetime.datetime(2021, 1, 18, 0, 0), 'Location': 'Urban', 'State': 'NY', 'Region': 'East', 'InsuredValue': 13750000, 'Construction': 'Frame', 'BusinessType': 'Apartment', 'Earthquake': 'Y', 'Flood': 'Y'}</msg>
<status status="PASS" starttime="20210930 14:48:07.682" endtime="20210930 14:48:07.682"/>
</kw>
<status status="PASS" starttime="20210930 14:48:07.681" endtime="20210930 14:48:07.682"/>
</iter>
<iter>
<var name="${i}">24</var>
<kw name="Get Table Row" library="RPA.Tables">
<var>${row_data}</var>
<arg>${policydata}</arg>
<arg>${i}</arg>
<arg>False</arg>
<doc>Get a single row from a table.</doc>
<msg timestamp="20210930 14:48:07.682" level="INFO">${row_data} = {'Policy': '100398', 'Expiry': datetime.datetime(2021, 1, 18, 0, 0), 'Location': 'Rural', 'State': 'NY', 'Region': 'East', 'InsuredValue': 2529400, 'Construction': 'Frame', 'BusinessType': 'Farming', ...</msg>
<status status="PASS" starttime="20210930 14:48:07.682" endtime="20210930 14:48:07.682"/>
</kw>
<kw name="Log" library="BuiltIn">
<arg>${row_data}</arg>
<doc>Logs the given message with the given level.</doc>
<msg timestamp="20210930 14:48:07.682" level="INFO">{'Policy': '100398', 'Expiry': datetime.datetime(2021, 1, 18, 0, 0), 'Location': 'Rural', 'State': 'NY', 'Region': 'East', 'InsuredValue': 2529400, 'Construction': 'Frame', 'BusinessType': 'Farming', 'Earthquake': 'N', 'Flood': 'N'}</msg>
<status status="PASS" starttime="20210930 14:48:07.682" endtime="20210930 14:48:07.682"/>
</kw>
<status status="PASS" starttime="20210930 14:48:07.682" endtime="20210930 14:48:07.682"/>
</iter>
<iter>
<var name="${i}">25</var>
<kw name="Get Table Row" library="RPA.Tables">
<var>${row_data}</var>
<arg>${policydata}</arg>
<arg>${i}</arg>
<arg>False</arg>
<doc>Get a single row from a table.</doc>
<msg timestamp="20210930 14:48:07.683" level="INFO">${row_data} = {'Policy': '100382', 'Expiry': datetime.datetime(2021, 1, 19, 0, 0), 'Location': 'Urban', 'State': 'NJ', 'Region': 'East', 'InsuredValue': 2328650, 'Construction': 'Frame', 'BusinessType': 'Organizati...</msg>
<status status="PASS" starttime="20210930 14:48:07.683" endtime="20210930 14:48:07.683"/>
</kw>
<kw name="Log" library="BuiltIn">
<arg>${row_data}</arg>
<doc>Logs the given message with the given level.</doc>
<msg timestamp="20210930 14:48:07.683" level="INFO">{'Policy': '100382', 'Expiry': datetime.datetime(2021, 1, 19, 0, 0), 'Location': 'Urban', 'State': 'NJ', 'Region': 'East', 'InsuredValue': 2328650, 'Construction': 'Frame', 'BusinessType': 'Organization', 'Earthquake': 'N', 'Flood': 'N'}</msg>
<status status="PASS" starttime="20210930 14:48:07.683" endtime="20210930 14:48:07.683"/>
</kw>
<status status="PASS" starttime="20210930 14:48:07.683" endtime="20210930 14:48:07.683"/>
</iter>
<iter>
<var name="${i}">26</var>
<kw name="Get Table Row" library="RPA.Tables">
<var>${row_data}</var>
<arg>${policydata}</arg>
<arg>${i}</arg>
<arg>False</arg>
<doc>Get a single row from a table.</doc>
<msg timestamp="20210930 14:48:07.683" level="INFO">${row_data} = {'Policy': '100461', 'Expiry': datetime.datetime(2021, 1, 20, 0, 0), 'Location': 'Urban', 'State': 'WI', 'Region': 'Midwest', 'InsuredValue': 4380200, 'Construction': 'Masonry', 'BusinessType': 'Offic...</msg>
<status status="PASS" starttime="20210930 14:48:07.683" endtime="20210930 14:48:07.683"/>
</kw>
<kw name="Log" library="BuiltIn">
<arg>${row_data}</arg>
<doc>Logs the given message with the given level.</doc>
<msg timestamp="20210930 14:48:07.684" level="INFO">{'Policy': '100461', 'Expiry': datetime.datetime(2021, 1, 20, 0, 0), 'Location': 'Urban', 'State': 'WI', 'Region': 'Midwest', 'InsuredValue': 4380200, 'Construction': 'Masonry', 'BusinessType': 'Office Bldg', 'Earthquake': 'Y', 'Flood': 'Y'}</msg>
<status status="PASS" starttime="20210930 14:48:07.683" endtime="20210930 14:48:07.684"/>
</kw>
<status status="PASS" starttime="20210930 14:48:07.683" endtime="20210930 14:48:07.684"/>
</iter>
<iter>
<var name="${i}">27</var>
<kw name="Get Table Row" library="RPA.Tables">
<var>${row_data}</var>
<arg>${policydata}</arg>
<arg>${i}</arg>
<arg>False</arg>
<doc>Get a single row from a table.</doc>
<msg timestamp="20210930 14:48:07.684" level="INFO">${row_data} = {'Policy': '100263', 'Expiry': datetime.datetime(2021, 1, 22, 0, 0), 'Location': 'Urban', 'State': 'NJ', 'Region': 'East', 'InsuredValue': 2815000, 'Construction': 'Metal Clad', 'BusinessType': 'Apart...</msg>
<status status="PASS" starttime="20210930 14:48:07.684" endtime="20210930 14:48:07.684"/>
</kw>
<kw name="Log" library="BuiltIn">
<arg>${row_data}</arg>
<doc>Logs the given message with the given level.</doc>
<msg timestamp="20210930 14:48:07.684" level="INFO">{'Policy': '100263', 'Expiry': datetime.datetime(2021, 1, 22, 0, 0), 'Location': 'Urban', 'State': 'NJ', 'Region': 'East', 'InsuredValue': 2815000, 'Construction': 'Metal Clad', 'BusinessType': 'Apartment', 'Earthquake': 'Y', 'Flood': 'Y'}</msg>
<status status="PASS" starttime="20210930 14:48:07.684" endtime="20210930 14:48:07.684"/>
</kw>
<status status="PASS" starttime="20210930 14:48:07.684" endtime="20210930 14:48:07.684"/>
</iter>
<iter>
<var name="${i}">28</var>
<kw name="Get Table Row" library="RPA.Tables">
<var>${row_data}</var>
<arg>${policydata}</arg>
<arg>${i}</arg>
<arg>False</arg>
<doc>Get a single row from a table.</doc>
<msg timestamp="20210930 14:48:07.685" level="INFO">${row_data} = {'Policy': '100453', 'Expiry': datetime.datetime(2021, 1, 22, 0, 0), 'Location': 'Urban', 'State': 'NY', 'Region': 'East', 'InsuredValue': 1177700, 'Construction': 'Frame', 'BusinessType': 'Hospitalit...</msg>
<status status="PASS" starttime="20210930 14:48:07.684" endtime="20210930 14:48:07.685"/>
</kw>
<kw name="Log" library="BuiltIn">
<arg>${row_data}</arg>
<doc>Logs the given message with the given level.</doc>
<msg timestamp="20210930 14:48:07.685" level="INFO">{'Policy': '100453', 'Expiry': datetime.datetime(2021, 1, 22, 0, 0), 'Location': 'Urban', 'State': 'NY', 'Region': 'East', 'InsuredValue': 1177700, 'Construction': 'Frame', 'BusinessType': 'Hospitality', 'Earthquake': 'N', 'Flood': 'N'}</msg>
<status status="PASS" starttime="20210930 14:48:07.685" endtime="20210930 14:48:07.685"/>
</kw>
<status status="PASS" starttime="20210930 14:48:07.684" endtime="20210930 14:48:07.685"/>
</iter>
<iter>
<var name="${i}">29</var>
<kw name="Get Table Row" library="RPA.Tables">
<var>${row_data}</var>
<arg>${policydata}</arg>
<arg>${i}</arg>
<arg>False</arg>
<doc>Get a single row from a table.</doc>
<msg timestamp="20210930 14:48:07.685" level="INFO">${row_data} = {'Policy': '100381', 'Expiry': datetime.datetime(2021, 1, 23, 0, 0), 'Location': 'Urban', 'State': 'VT', 'Region': 'Northeast', 'InsuredValue': 7203500, 'Construction': 'Frame', 'BusinessType': 'Offic...</msg>
<status status="PASS" starttime="20210930 14:48:07.685" endtime="20210930 14:48:07.685"/>
</kw>
<kw name="Log" library="BuiltIn">
<arg>${row_data}</arg>
<doc>Logs the given message with the given level.</doc>
<msg timestamp="20210930 14:48:07.685" level="INFO">{'Policy': '100381', 'Expiry': datetime.datetime(2021, 1, 23, 0, 0), 'Location': 'Urban', 'State': 'VT', 'Region': 'Northeast', 'InsuredValue': 7203500, 'Construction': 'Frame', 'BusinessType': 'Office Bldg', 'Earthquake': 'Y', 'Flood': 'Y'}</msg>
<status status="PASS" starttime="20210930 14:48:07.685" endtime="20210930 14:48:07.685"/>
</kw>
<status status="PASS" starttime="20210930 14:48:07.685" endtime="20210930 14:48:07.685"/>
</iter>
<iter>
<var name="${i}">30</var>
<kw name="Get Table Row" library="RPA.Tables">
<var>${row_data}</var>
<arg>${policydata}</arg>
<arg>${i}</arg>
<arg>False</arg>
<doc>Get a single row from a table.</doc>
<msg timestamp="20210930 14:48:07.686" level="INFO">${row_data} = {'Policy': '100275', 'Expiry': datetime.datetime(2021, 1, 25, 0, 0), 'Location': 'Urban', 'State': 'WI', 'Region': 'Midwest', 'InsuredValue': 53410614, 'Construction': 'Frame', 'BusinessType': 'Constr...</msg>
<status status="PASS" starttime="20210930 14:48:07.685" endtime="20210930 14:48:07.686"/>
</kw>
<kw name="Log" library="BuiltIn">
<arg>${row_data}</arg>
<doc>Logs the given message with the given level.</doc>
<msg timestamp="20210930 14:48:07.686" level="INFO">{'Policy': '100275', 'Expiry': datetime.datetime(2021, 1, 25, 0, 0), 'Location': 'Urban', 'State': 'WI', 'Region': 'Midwest', 'InsuredValue': 53410614, 'Construction': 'Frame', 'BusinessType': 'Construction', 'Earthquake': 'Y', 'Flood': 'Y'}</msg>
<status status="PASS" starttime="20210930 14:48:07.686" endtime="20210930 14:48:07.686"/>
</kw>
<status status="PASS" starttime="20210930 14:48:07.685" endtime="20210930 14:48:07.686"/>
</iter>
<iter>
<var name="${i}">31</var>
<kw name="Get Table Row" library="RPA.Tables">
<var>${row_data}</var>
<arg>${policydata}</arg>
<arg>${i}</arg>
<arg>False</arg>
<doc>Get a single row from a table.</doc>
<msg timestamp="20210930 14:48:07.686" level="INFO">${row_data} = {'Policy': '100277', 'Expiry': datetime.datetime(2021, 1, 25, 0, 0), 'Location': 'Urban', 'State': 'NJ', 'Region': 'East', 'InsuredValue': 3189300, 'Construction': 'Masonry', 'BusinessType': 'Service'...</msg>
<status status="PASS" starttime="20210930 14:48:07.686" endtime="20210930 14:48:07.686"/>
</kw>
<kw name="Log" library="BuiltIn">
<arg>${row_data}</arg>
<doc>Logs the given message with the given level.</doc>
<msg timestamp="20210930 14:48:07.686" level="INFO">{'Policy': '100277', 'Expiry': datetime.datetime(2021, 1, 25, 0, 0), 'Location': 'Urban', 'State': 'NJ', 'Region': 'East', 'InsuredValue': 3189300, 'Construction': 'Masonry', 'BusinessType': 'Service', 'Earthquake': 'Y', 'Flood': 'Y'}</msg>
<status status="PASS" starttime="20210930 14:48:07.686" endtime="20210930 14:48:07.687"/>
</kw>
<status status="PASS" starttime="20210930 14:48:07.686" endtime="20210930 14:48:07.687"/>
</iter>
<iter>
<var name="${i}">32</var>
<kw name="Get Table Row" library="RPA.Tables">
<var>${row_data}</var>
<arg>${policydata}</arg>
<arg>${i}</arg>
<arg>False</arg>
<doc>Get a single row from a table.</doc>
<msg timestamp="20210930 14:48:07.687" level="INFO">${row_data} = {'Policy': '100312', 'Expiry': datetime.datetime(2021, 1, 25, 0, 0), 'Location': 'Rural', 'State': 'IL', 'Region': 'Midwest', 'InsuredValue': 3145700, 'Construction': 'Frame', 'BusinessType': 'Educati...</msg>
<status status="PASS" starttime="20210930 14:48:07.687" endtime="20210930 14:48:07.687"/>
</kw>
<kw name="Log" library="BuiltIn">
<arg>${row_data}</arg>
<doc>Logs the given message with the given level.</doc>
<msg timestamp="20210930 14:48:07.687" level="INFO">{'Policy': '100312', 'Expiry': datetime.datetime(2021, 1, 25, 0, 0), 'Location': 'Rural', 'State': 'IL', 'Region': 'Midwest', 'InsuredValue': 3145700, 'Construction': 'Frame', 'BusinessType': 'Education', 'Earthquake': 'N', 'Flood': 'N'}</msg>
<status status="PASS" starttime="20210930 14:48:07.687" endtime="20210930 14:48:07.687"/>
</kw>
<status status="PASS" starttime="20210930 14:48:07.687" endtime="20210930 14:48:07.687"/>
</iter>
<iter>
<var name="${i}">33</var>
<kw name="Get Table Row" library="RPA.Tables">
<var>${row_data}</var>
<arg>${policydata}</arg>
<arg>${i}</arg>
<arg>False</arg>
<doc>Get a single row from a table.</doc>
<msg timestamp="20210930 14:48:07.687" level="INFO">${row_data} = {'Policy': '100327', 'Expiry': datetime.datetime(2021, 1, 25, 0, 0), 'Location': 'Urban', 'State': 'WI', 'Region': 'Midwest', 'InsuredValue': 1451100, 'Construction': 'Frame', 'BusinessType': 'Recreat...</msg>
<status status="PASS" starttime="20210930 14:48:07.687" endtime="20210930 14:48:07.688"/>
</kw>
<kw name="Log" library="BuiltIn">
<arg>${row_data}</arg>
<doc>Logs the given message with the given level.</doc>
<msg timestamp="20210930 14:48:07.688" level="INFO">{'Policy': '100327', 'Expiry': datetime.datetime(2021, 1, 25, 0, 0), 'Location': 'Urban', 'State': 'WI', 'Region': 'Midwest', 'InsuredValue': 1451100, 'Construction': 'Frame', 'BusinessType': 'Recreation', 'Earthquake': 'N', 'Flood': 'N'}</msg>
<status status="PASS" starttime="20210930 14:48:07.688" endtime="20210930 14:48:07.688"/>
</kw>
<status status="PASS" starttime="20210930 14:48:07.687" endtime="20210930 14:48:07.688"/>
</iter>
<iter>
<var name="${i}">34</var>
<kw name="Get Table Row" library="RPA.Tables">
<var>${row_data}</var>
<arg>${policydata}</arg>
<arg>${i}</arg>
<arg>False</arg>
<doc>Get a single row from a table.</doc>
<msg timestamp="20210930 14:48:07.688" level="INFO">${row_data} = {'Policy': '100326', 'Expiry': datetime.datetime(2021, 1, 26, 0, 0), 'Location': 'Urban', 'State': 'OH', 'Region': 'Central', 'InsuredValue': 1787900, 'Construction': 'Frame', 'BusinessType': 'Office ...</msg>
<status status="PASS" starttime="20210930 14:48:07.688" endtime="20210930 14:48:07.688"/>
</kw>
<kw name="Log" library="BuiltIn">
<arg>${row_data}</arg>
<doc>Logs the given message with the given level.</doc>
<msg timestamp="20210930 14:48:07.688" level="INFO">{'Policy': '100326', 'Expiry': datetime.datetime(2021, 1, 26, 0, 0), 'Location': 'Urban', 'State': 'OH', 'Region': 'Central', 'InsuredValue': 1787900, 'Construction': 'Frame', 'BusinessType': 'Office Bldg', 'Earthquake': 'N', 'Flood': 'N'}</msg>
<status status="PASS" starttime="20210930 14:48:07.688" endtime="20210930 14:48:07.688"/>
</kw>
<status status="PASS" starttime="20210930 14:48:07.688" endtime="20210930 14:48:07.688"/>
</iter>
<iter>
<var name="${i}">35</var>
<kw name="Get Table Row" library="RPA.Tables">
<var>${row_data}</var>
<arg>${policydata}</arg>
<arg>${i}</arg>
<arg>False</arg>
<doc>Get a single row from a table.</doc>
<msg timestamp="20210930 14:48:07.689" level="INFO">${row_data} = {'Policy': '100379', 'Expiry': datetime.datetime(2021, 1, 26, 0, 0), 'Location': 'Urban', 'State': 'NY', 'Region': 'East', 'InsuredValue': 18777355, 'Construction': 'Frame', 'BusinessType': 'Apartment...</msg>
<status status="PASS" starttime="20210930 14:48:07.688" endtime="20210930 14:48:07.689"/>
</kw>
<kw name="Log" library="BuiltIn">
<arg>${row_data}</arg>
<doc>Logs the given message with the given level.</doc>
<msg timestamp="20210930 14:48:07.689" level="INFO">{'Policy': '100379', 'Expiry': datetime.datetime(2021, 1, 26, 0, 0), 'Location': 'Urban', 'State': 'NY', 'Region': 'East', 'InsuredValue': 18777355, 'Construction': 'Frame', 'BusinessType': 'Apartment', 'Earthquake': 'Y', 'Flood': 'Y'}</msg>
<status status="PASS" starttime="20210930 14:48:07.689" endtime="20210930 14:48:07.689"/>
</kw>
<status status="PASS" starttime="20210930 14:48:07.688" endtime="20210930 14:48:07.689"/>
</iter>
<iter>
<var name="${i}">36</var>
<kw name="Get Table Row" library="RPA.Tables">
<var>${row_data}</var>
<arg>${policydata}</arg>
<arg>${i}</arg>
<arg>False</arg>
<doc>Get a single row from a table.</doc>
<msg timestamp="20210930 14:48:07.689" level="INFO">${row_data} = {'Policy': '100310', 'Expiry': datetime.datetime(2021, 1, 28, 0, 0), 'Location': 'Urban', 'State': 'WI', 'Region': 'Midwest', 'InsuredValue': 8800000, 'Construction': 'Fire Resist', 'BusinessType': 'O...</msg>
<status status="PASS" starttime="20210930 14:48:07.689" endtime="20210930 14:48:07.689"/>
</kw>
<kw name="Log" library="BuiltIn">
<arg>${row_data}</arg>
<doc>Logs the given message with the given level.</doc>
<msg timestamp="20210930 14:48:07.689" level="INFO">{'Policy': '100310', 'Expiry': datetime.datetime(2021, 1, 28, 0, 0), 'Location': 'Urban', 'State': 'WI', 'Region': 'Midwest', 'InsuredValue': 8800000, 'Construction': 'Fire Resist', 'BusinessType': 'Office Bldg', 'Earthquake': 'Y', 'Flood': 'Y'}</msg>
<status status="PASS" starttime="20210930 14:48:07.689" endtime="20210930 14:48:07.689"/>
</kw>
<status status="PASS" starttime="20210930 14:48:07.689" endtime="20210930 14:48:07.689"/>
</iter>
<iter>
<var name="${i}">37</var>
<kw name="Get Table Row" library="RPA.Tables">
<var>${row_data}</var>
<arg>${policydata}</arg>
<arg>${i}</arg>
<arg>False</arg>
<doc>Get a single row from a table.</doc>
<msg timestamp="20210930 14:48:07.690" level="INFO">${row_data} = {'Policy': '100341', 'Expiry': datetime.datetime(2021, 1, 28, 0, 0), 'Location': 'Urban', 'State': 'NY', 'Region': 'East', 'InsuredValue': 1123000, 'Construction': 'Frame', 'BusinessType': 'Office Bld...</msg>
<status status="PASS" starttime="20210930 14:48:07.690" endtime="20210930 14:48:07.690"/>
</kw>
<kw name="Log" library="BuiltIn">
<arg>${row_data}</arg>
<doc>Logs the given message with the given level.</doc>
<msg timestamp="20210930 14:48:07.690" level="INFO">{'Policy': '100341', 'Expiry': datetime.datetime(2021, 1, 28, 0, 0), 'Location': 'Urban', 'State': 'NY', 'Region': 'East', 'InsuredValue': 1123000, 'Construction': 'Frame', 'BusinessType': 'Office Bldg', 'Earthquake': 'Y', 'Flood': 'Y'}</msg>
<status status="PASS" starttime="20210930 14:48:07.690" endtime="20210930 14:48:07.690"/>
</kw>
<status status="PASS" starttime="20210930 14:48:07.689" endtime="20210930 14:48:07.690"/>
</iter>
<iter>
<var name="${i}">38</var>
<kw name="Get Table Row" library="RPA.Tables">
<var>${row_data}</var>
<arg>${policydata}</arg>
<arg>${i}</arg>
<arg>False</arg>
<doc>Get a single row from a table.</doc>
<msg timestamp="20210930 14:48:07.690" level="INFO">${row_data} = {'Policy': '100289', 'Expiry': datetime.datetime(2021, 1, 29, 0, 0), 'Location': 'Rural', 'State': 'NY', 'Region': 'East', 'InsuredValue': 2145420, 'Construction': 'Frame', 'BusinessType': 'Farming', ...</msg>
<status status="PASS" starttime="20210930 14:48:07.690" endtime="20210930 14:48:07.690"/>
</kw>
<kw name="Log" library="BuiltIn">
<arg>${row_data}</arg>
<doc>Logs the given message with the given level.</doc>
<msg timestamp="20210930 14:48:07.691" level="INFO">{'Policy': '100289', 'Expiry': datetime.datetime(2021, 1, 29, 0, 0), 'Location': 'Rural', 'State': 'NY', 'Region': 'East', 'InsuredValue': 2145420, 'Construction': 'Frame', 'BusinessType': 'Farming', 'Earthquake': 'N', 'Flood': 'N'}</msg>
<status status="PASS" starttime="20210930 14:48:07.690" endtime="20210930 14:48:07.691"/>
</kw>
<status status="PASS" starttime="20210930 14:48:07.690" endtime="20210930 14:48:07.691"/>
</iter>
<iter>
<var name="${i}">39</var>
<kw name="Get Table Row" library="RPA.Tables">
<var>${row_data}</var>
<arg>${policydata}</arg>
<arg>${i}</arg>
<arg>False</arg>
<doc>Get a single row from a table.</doc>
<msg timestamp="20210930 14:48:07.691" level="INFO">${row_data} = {'Policy': '100290', 'Expiry': datetime.datetime(2021, 1, 29, 0, 0), 'Location': 'Urban', 'State': 'NY', 'Region': 'East', 'InsuredValue': 18933000, 'Construction': 'Frame', 'BusinessType': 'Office Bl...</msg>
<status status="PASS" starttime="20210930 14:48:07.691" endtime="20210930 14:48:07.691"/>
</kw>
<kw name="Log" library="BuiltIn">
<arg>${row_data}</arg>
<doc>Logs the given message with the given level.</doc>
<msg timestamp="20210930 14:48:07.691" level="INFO">{'Policy': '100290', 'Expiry': datetime.datetime(2021, 1, 29, 0, 0), 'Location': 'Urban', 'State': 'NY', 'Region': 'East', 'InsuredValue': 18933000, 'Construction': 'Frame', 'BusinessType': 'Office Bldg', 'Earthquake': 'Y', 'Flood': 'Y'}</msg>
<status status="PASS" starttime="20210930 14:48:07.691" endtime="20210930 14:48:07.691"/>
</kw>
<status status="PASS" starttime="20210930 14:48:07.691" endtime="20210930 14:48:07.691"/>
</iter>
<iter>
<var name="${i}">40</var>
<kw name="Get Table Row" library="RPA.Tables">
<var>${row_data}</var>
<arg>${policydata}</arg>
<arg>${i}</arg>
<arg>False</arg>
<doc>Get a single row from a table.</doc>
<msg timestamp="20210930 14:48:07.692" level="INFO">${row_data} = {'Policy': '100291', 'Expiry': datetime.datetime(2021, 1, 29, 0, 0), 'Location': 'Urban', 'State': 'NY', 'Region': 'East', 'InsuredValue': 21400000, 'Construction': 'Fire Resist', 'BusinessType': 'Apa...</msg>
<status status="PASS" starttime="20210930 14:48:07.691" endtime="20210930 14:48:07.692"/>
</kw>
<kw name="Log" library="BuiltIn">
<arg>${row_data}</arg>
<doc>Logs the given message with the given level.</doc>
<msg timestamp="20210930 14:48:07.692" level="INFO">{'Policy': '100291', 'Expiry': datetime.datetime(2021, 1, 29, 0, 0), 'Location': 'Urban', 'State': 'NY', 'Region': 'East', 'InsuredValue': 21400000, 'Construction': 'Fire Resist', 'BusinessType': 'Apartment', 'Earthquake': 'Y', 'Flood': 'Y'}</msg>
<status status="PASS" starttime="20210930 14:48:07.692" endtime="20210930 14:48:07.692"/>
</kw>
<status status="PASS" starttime="20210930 14:48:07.691" endtime="20210930 14:48:07.692"/>
</iter>
<iter>
<var name="${i}">41</var>
<kw name="Get Table Row" library="RPA.Tables">
<var>${row_data}</var>
<arg>${policydata}</arg>
<arg>${i}</arg>
<arg>False</arg>
<doc>Get a single row from a table.</doc>
<msg timestamp="20210930 14:48:07.692" level="INFO">${row_data} = {'Policy': '100340', 'Expiry': datetime.datetime(2021, 1, 30, 0, 0), 'Location': 'Urban', 'State': 'NY', 'Region': 'East', 'InsuredValue': 3754000, 'Construction': 'Frame', 'BusinessType': 'Office Bld...</msg>
<status status="PASS" starttime="20210930 14:48:07.692" endtime="20210930 14:48:07.692"/>
</kw>
<kw name="Log" library="BuiltIn">
<arg>${row_data}</arg>
<doc>Logs the given message with the given level.</doc>
<msg timestamp="20210930 14:48:07.693" level="INFO">{'Policy': '100340', 'Expiry': datetime.datetime(2021, 1, 30, 0, 0), 'Location': 'Urban', 'State': 'NY', 'Region': 'East', 'InsuredValue': 3754000, 'Construction': 'Frame', 'BusinessType': 'Office Bldg', 'Earthquake': 'Y', 'Flood': 'Y'}</msg>
<status status="PASS" starttime="20210930 14:48:07.692" endtime="20210930 14:48:07.693"/>
</kw>
<status status="PASS" starttime="20210930 14:48:07.692" endtime="20210930 14:48:07.693"/>
</iter>
<iter>
<var name="${i}">42</var>
<kw name="Get Table Row" library="RPA.Tables">
<var>${row_data}</var>
<arg>${policydata}</arg>
<arg>${i}</arg>
<arg>False</arg>
<doc>Get a single row from a table.</doc>
<msg timestamp="20210930 14:48:07.693" level="INFO">${row_data} = {'Policy': '100415', 'Expiry': datetime.datetime(2021, 1, 31, 0, 0), 'Location': 'Urban', 'State': 'NY', 'Region': 'East', 'InsuredValue': 9650000, 'Construction': 'Frame', 'BusinessType': 'Office Bld...</msg>
<status status="PASS" starttime="20210930 14:48:07.693" endtime="20210930 14:48:07.693"/>
</kw>
<kw name="Log" library="BuiltIn">
<arg>${row_data}</arg>
<doc>Logs the given message with the given level.</doc>
<msg timestamp="20210930 14:48:07.693" level="INFO">{'Policy': '100415', 'Expiry': datetime.datetime(2021, 1, 31, 0, 0), 'Location': 'Urban', 'State': 'NY', 'Region': 'East', 'InsuredValue': 9650000, 'Construction': 'Frame', 'BusinessType': 'Office Bldg', 'Earthquake': 'Y', 'Flood': 'Y'}</msg>
<status status="PASS" starttime="20210930 14:48:07.693" endtime="20210930 14:48:07.693"/>
</kw>
<status status="PASS" starttime="20210930 14:48:07.693" endtime="20210930 14:48:07.693"/>
</iter>
<iter>
<var name="${i}">43</var>
<kw name="Get Table Row" library="RPA.Tables">
<var>${row_data}</var>
<arg>${policydata}</arg>
<arg>${i}</arg>
<arg>False</arg>
<doc>Get a single row from a table.</doc>
<msg timestamp="20210930 14:48:07.694" level="INFO">${row_data} = {'Policy': '100421', 'Expiry': datetime.datetime(2021, 1, 31, 0, 0), 'Location': 'Urban', 'State': 'NY', 'Region': 'East', 'InsuredValue': 9503000, 'Construction': 'Frame', 'BusinessType': 'Office Bld...</msg>
<status status="PASS" starttime="20210930 14:48:07.693" endtime="20210930 14:48:07.694"/>
</kw>
<kw name="Log" library="BuiltIn">
<arg>${row_data}</arg>
<doc>Logs the given message with the given level.</doc>
<msg timestamp="20210930 14:48:07.694" level="INFO">{'Policy': '100421', 'Expiry': datetime.datetime(2021, 1, 31, 0, 0), 'Location': 'Urban', 'State': 'NY', 'Region': 'East', 'InsuredValue': 9503000, 'Construction': 'Frame', 'BusinessType': 'Office Bldg', 'Earthquake': 'Y', 'Flood': 'Y'}</msg>
<status status="PASS" starttime="20210930 14:48:07.694" endtime="20210930 14:48:07.694"/>
</kw>
<status status="PASS" starttime="20210930 14:48:07.693" endtime="20210930 14:48:07.694"/>
</iter>
<iter>
<var name="${i}">44</var>
<kw name="Get Table Row" library="RPA.Tables">
<var>${row_data}</var>
<arg>${policydata}</arg>
<arg>${i}</arg>
<arg>False</arg>
<doc>Get a single row from a table.</doc>
<msg timestamp="20210930 14:48:07.694" level="INFO">${row_data} = {'Policy': '100304', 'Expiry': datetime.datetime(2021, 2, 1, 0, 0), 'Location': 'Urban', 'State': 'NJ', 'Region': 'East', 'InsuredValue': 1688300, 'Construction': 'Frame', 'BusinessType': 'Hospitality...</msg>
<status status="PASS" starttime="20210930 14:48:07.694" endtime="20210930 14:48:07.694"/>
</kw>
<kw name="Log" library="BuiltIn">
<arg>${row_data}</arg>
<doc>Logs the given message with the given level.</doc>
<msg timestamp="20210930 14:48:07.694" level="INFO">{'Policy': '100304', 'Expiry': datetime.datetime(2021, 2, 1, 0, 0), 'Location': 'Urban', 'State': 'NJ', 'Region': 'East', 'InsuredValue': 1688300, 'Construction': 'Frame', 'BusinessType': 'Hospitality', 'Earthquake': 'N', 'Flood': 'Y'}</msg>
<status status="PASS" starttime="20210930 14:48:07.694" endtime="20210930 14:48:07.694"/>
</kw>
<status status="PASS" starttime="20210930 14:48:07.694" endtime="20210930 14:48:07.694"/>
</iter>
<iter>
<var name="${i}">45</var>
<kw name="Get Table Row" library="RPA.Tables">
<var>${row_data}</var>
<arg>${policydata}</arg>
<arg>${i}</arg>
<arg>False</arg>
<doc>Get a single row from a table.</doc>
<msg timestamp="20210930 14:48:07.695" level="INFO">${row_data} = {'Policy': '100414', 'Expiry': datetime.datetime(2021, 2, 2, 0, 0), 'Location': 'Urban', 'State': 'WI', 'Region': 'Midwest', 'InsuredValue': 17856705, 'Construction': 'Masonry', 'BusinessType': 'Apart...</msg>
<status status="PASS" starttime="20210930 14:48:07.694" endtime="20210930 14:48:07.695"/>
</kw>
<kw name="Log" library="BuiltIn">
<arg>${row_data}</arg>
<doc>Logs the given message with the given level.</doc>
<msg timestamp="20210930 14:48:07.695" level="INFO">{'Policy': '100414', 'Expiry': datetime.datetime(2021, 2, 2, 0, 0), 'Location': 'Urban', 'State': 'WI', 'Region': 'Midwest', 'InsuredValue': 17856705, 'Construction': 'Masonry', 'BusinessType': 'Apartment', 'Earthquake': 'Y', 'Flood': 'Y'}</msg>
<status status="PASS" starttime="20210930 14:48:07.695" endtime="20210930 14:48:07.695"/>
</kw>
<status status="PASS" starttime="20210930 14:48:07.694" endtime="20210930 14:48:07.695"/>
</iter>
<iter>
<var name="${i}">46</var>
<kw name="Get Table Row" library="RPA.Tables">
<var>${row_data}</var>
<arg>${policydata}</arg>
<arg>${i}</arg>
<arg>False</arg>
<doc>Get a single row from a table.</doc>
<msg timestamp="20210930 14:48:07.695" level="INFO">${row_data} = {'Policy': '100420', 'Expiry': datetime.datetime(2021, 2, 2, 0, 0), 'Location': 'Urban', 'State': 'NY', 'Region': 'East', 'InsuredValue': 7577000, 'Construction': 'Frame', 'BusinessType': 'Apartment',...</msg>
<status status="PASS" starttime="20210930 14:48:07.695" endtime="20210930 14:48:07.695"/>
</kw>
<kw name="Log" library="BuiltIn">
<arg>${row_data}</arg>
<doc>Logs the given message with the given level.</doc>
<msg timestamp="20210930 14:48:07.696" level="INFO">{'Policy': '100420', 'Expiry': datetime.datetime(2021, 2, 2, 0, 0), 'Location': 'Urban', 'State': 'NY', 'Region': 'East', 'InsuredValue': 7577000, 'Construction': 'Frame', 'BusinessType': 'Apartment', 'Earthquake': 'Y', 'Flood': 'Y'}</msg>
<status status="PASS" starttime="20210930 14:48:07.695" endtime="20210930 14:48:07.696"/>
</kw>
<status status="PASS" starttime="20210930 14:48:07.695" endtime="20210930 14:48:07.696"/>
</iter>
<iter>
<var name="${i}">47</var>
<kw name="Get Table Row" library="RPA.Tables">
<var>${row_data}</var>
<arg>${policydata}</arg>
<arg>${i}</arg>
<arg>False</arg>
<doc>Get a single row from a table.</doc>
<msg timestamp="20210930 14:48:07.696" level="INFO">${row_data} = {'Policy': '100481', 'Expiry': datetime.datetime(2021, 2, 2, 0, 0), 'Location': 'Urban', 'State': 'WI', 'Region': 'Midwest', 'InsuredValue': 1990915, 'Construction': 'Masonry', 'BusinessType': 'Office...</msg>
<status status="PASS" starttime="20210930 14:48:07.696" endtime="20210930 14:48:07.696"/>
</kw>
<kw name="Log" library="BuiltIn">
<arg>${row_data}</arg>
<doc>Logs the given message with the given level.</doc>
<msg timestamp="20210930 14:48:07.696" level="INFO">{'Policy': '100481', 'Expiry': datetime.datetime(2021, 2, 2, 0, 0), 'Location': 'Urban', 'State': 'WI', 'Region': 'Midwest', 'InsuredValue': 1990915, 'Construction': 'Masonry', 'BusinessType': 'Office Bldg', 'Earthquake': 'N', 'Flood': 'N'}</msg>
<status status="PASS" starttime="20210930 14:48:07.696" endtime="20210930 14:48:07.696"/>
</kw>
<status status="PASS" starttime="20210930 14:48:07.696" endtime="20210930 14:48:07.696"/>
</iter>
<iter>
<var name="${i}">48</var>
<kw name="Get Table Row" library="RPA.Tables">
<var>${row_data}</var>
<arg>${policydata}</arg>
<arg>${i}</arg>
<arg>False</arg>
<doc>Get a single row from a table.</doc>
<msg timestamp="20210930 14:48:07.696" level="INFO">${row_data} = {'Policy': '100352', 'Expiry': datetime.datetime(2021, 2, 3, 0, 0), 'Location': 'Urban', 'State': 'NJ', 'Region': 'East', 'InsuredValue': 1245000, 'Construction': 'Frame', 'BusinessType': 'Hospitality...</msg>
<status status="PASS" starttime="20210930 14:48:07.696" endtime="20210930 14:48:07.696"/>
</kw>
<kw name="Log" library="BuiltIn">
<arg>${row_data}</arg>
<doc>Logs the given message with the given level.</doc>
<msg timestamp="20210930 14:48:07.697" level="INFO">{'Policy': '100352', 'Expiry': datetime.datetime(2021, 2, 3, 0, 0), 'Location': 'Urban', 'State': 'NJ', 'Region': 'East', 'InsuredValue': 1245000, 'Construction': 'Frame', 'BusinessType': 'Hospitality', 'Earthquake': 'Y', 'Flood': 'Y'}</msg>
<status status="PASS" starttime="20210930 14:48:07.697" endtime="20210930 14:48:07.697"/>
</kw>
<status status="PASS" starttime="20210930 14:48:07.696" endtime="20210930 14:48:07.697"/>
</iter>
<iter>
<var name="${i}">49</var>
<kw name="Get Table Row" library="RPA.Tables">
<var>${row_data}</var>
<arg>${policydata}</arg>
<arg>${i}</arg>
<arg>False</arg>
<doc>Get a single row from a table.</doc>
<msg timestamp="20210930 14:48:07.697" level="INFO">${row_data} = {'Policy': '100496', 'Expiry': datetime.datetime(2021, 2, 4, 0, 0), 'Location': 'Urban', 'State': 'IL', 'Region': 'Midwest', 'InsuredValue': 1895000, 'Construction': 'Masonry', 'BusinessType': 'Office...</msg>
<status status="PASS" starttime="20210930 14:48:07.697" endtime="20210930 14:48:07.697"/>
</kw>
<kw name="Log" library="BuiltIn">
<arg>${row_data}</arg>
<doc>Logs the given message with the given level.</doc>
<msg timestamp="20210930 14:48:07.697" level="INFO">{'Policy': '100496', 'Expiry': datetime.datetime(2021, 2, 4, 0, 0), 'Location': 'Urban', 'State': 'IL', 'Region': 'Midwest', 'InsuredValue': 1895000, 'Construction': 'Masonry', 'BusinessType': 'Office Bldg', 'Earthquake': 'N', 'Flood': 'N'}</msg>
<status status="PASS" starttime="20210930 14:48:07.697" endtime="20210930 14:48:07.697"/>
</kw>
<status status="PASS" starttime="20210930 14:48:07.697" endtime="20210930 14:48:07.697"/>
</iter>
<iter>
<var name="${i}">50</var>
<kw name="Get Table Row" library="RPA.Tables">
<var>${row_data}</var>
<arg>${policydata}</arg>
<arg>${i}</arg>
<arg>False</arg>
<doc>Get a single row from a table.</doc>
<msg timestamp="20210930 14:48:07.698" level="INFO">${row_data} = {'Policy': '100309', 'Expiry': datetime.datetime(2021, 2, 5, 0, 0), 'Location': 'Urban', 'State': 'WI', 'Region': 'Midwest', 'InsuredValue': 5000368, 'Construction': 'Masonry', 'BusinessType': 'Manufa...</msg>
<status status="PASS" starttime="20210930 14:48:07.697" endtime="20210930 14:48:07.698"/>
</kw>
<kw name="Log" library="BuiltIn">
<arg>${row_data}</arg>
<doc>Logs the given message with the given level.</doc>
<msg timestamp="20210930 14:48:07.698" level="INFO">{'Policy': '100309', 'Expiry': datetime.datetime(2021, 2, 5, 0, 0), 'Location': 'Urban', 'State': 'WI', 'Region': 'Midwest', 'InsuredValue': 5000368, 'Construction': 'Masonry', 'BusinessType': 'Manufacturing', 'Earthquake': 'N', 'Flood': 'N'}</msg>
<status status="PASS" starttime="20210930 14:48:07.698" endtime="20210930 14:48:07.698"/>
</kw>
<status status="PASS" starttime="20210930 14:48:07.697" endtime="20210930 14:48:07.698"/>
</iter>
<iter>
<var name="${i}">51</var>
<kw name="Get Table Row" library="RPA.Tables">
<var>${row_data}</var>
<arg>${policydata}</arg>
<arg>${i}</arg>
<arg>False</arg>
<doc>Get a single row from a table.</doc>
<msg timestamp="20210930 14:48:07.698" level="INFO">${row_data} = {'Policy': '100413', 'Expiry': datetime.datetime(2021, 2, 5, 0, 0), 'Location': 'Urban', 'State': 'NY', 'Region': 'East', 'InsuredValue': 8397700, 'Construction': 'Frame', 'BusinessType': 'Apartment',...</msg>
<status status="PASS" starttime="20210930 14:48:07.698" endtime="20210930 14:48:07.698"/>
</kw>
<kw name="Log" library="BuiltIn">
<arg>${row_data}</arg>
<doc>Logs the given message with the given level.</doc>
<msg timestamp="20210930 14:48:07.698" level="INFO">{'Policy': '100413', 'Expiry': datetime.datetime(2021, 2, 5, 0, 0), 'Location': 'Urban', 'State': 'NY', 'Region': 'East', 'InsuredValue': 8397700, 'Construction': 'Frame', 'BusinessType': 'Apartment', 'Earthquake': 'Y', 'Flood': 'Y'}</msg>
<status status="PASS" starttime="20210930 14:48:07.698" endtime="20210930 14:48:07.698"/>
</kw>
<status status="PASS" starttime="20210930 14:48:07.698" endtime="20210930 14:48:07.698"/>
</iter>
<iter>
<var name="${i}">52</var>
<kw name="Get Table Row" library="RPA.Tables">
<var>${row_data}</var>
<arg>${policydata}</arg>
<arg>${i}</arg>
<arg>False</arg>
<doc>Get a single row from a table.</doc>
<msg timestamp="20210930 14:48:07.699" level="INFO">${row_data} = {'Policy': '100498', 'Expiry': datetime.datetime(2021, 2, 6, 0, 0), 'Location': 'Urban', 'State': 'NJ', 'Region': 'East', 'InsuredValue': 36356000, 'Construction': 'Fire Resist', 'BusinessType': 'Apar...</msg>
<status status="PASS" starttime="20210930 14:48:07.699" endtime="20210930 14:48:07.699"/>
</kw>
<kw name="Log" library="BuiltIn">
<arg>${row_data}</arg>
<doc>Logs the given message with the given level.</doc>
<msg timestamp="20210930 14:48:07.699" level="INFO">{'Policy': '100498', 'Expiry': datetime.datetime(2021, 2, 6, 0, 0), 'Location': 'Urban', 'State': 'NJ', 'Region': 'East', 'InsuredValue': 36356000, 'Construction': 'Fire Resist', 'BusinessType': 'Apartment', 'Earthquake': 'Y', 'Flood': 'Y'}</msg>
<status status="PASS" starttime="20210930 14:48:07.699" endtime="20210930 14:48:07.699"/>
</kw>
<status status="PASS" starttime="20210930 14:48:07.699" endtime="20210930 14:48:07.699"/>
</iter>
<iter>
<var name="${i}">53</var>
<kw name="Get Table Row" library="RPA.Tables">
<var>${row_data}</var>
<arg>${policydata}</arg>
<arg>${i}</arg>
<arg>False</arg>
<doc>Get a single row from a table.</doc>
<msg timestamp="20210930 14:48:07.699" level="INFO">${row_data} = {'Policy': '100499', 'Expiry': datetime.datetime(2021, 2, 7, 0, 0), 'Location': 'Urban', 'State': 'NJ', 'Region': 'East', 'InsuredValue': 16932600, 'Construction': 'Fire Resist', 'BusinessType': 'Apar...</msg>
<status status="PASS" starttime="20210930 14:48:07.699" endtime="20210930 14:48:07.699"/>
</kw>
<kw name="Log" library="BuiltIn">
<arg>${row_data}</arg>
<doc>Logs the given message with the given level.</doc>
<msg timestamp="20210930 14:48:07.700" level="INFO">{'Policy': '100499', 'Expiry': datetime.datetime(2021, 2, 7, 0, 0), 'Location': 'Urban', 'State': 'NJ', 'Region': 'East', 'InsuredValue': 16932600, 'Construction': 'Fire Resist', 'BusinessType': 'Apartment', 'Earthquake': 'Y', 'Flood': 'Y'}</msg>
<status status="PASS" starttime="20210930 14:48:07.699" endtime="20210930 14:48:07.700"/>
</kw>
<status status="PASS" starttime="20210930 14:48:07.699" endtime="20210930 14:48:07.700"/>
</iter>
<iter>
<var name="${i}">54</var>
<kw name="Get Table Row" library="RPA.Tables">
<var>${row_data}</var>
<arg>${policydata}</arg>
<arg>${i}</arg>
<arg>False</arg>
<doc>Get a single row from a table.</doc>
<msg timestamp="20210930 14:48:07.700" level="INFO">${row_data} = {'Policy': '100509', 'Expiry': datetime.datetime(2021, 2, 7, 0, 0), 'Location': 'Urban', 'State': 'OH', 'Region': 'Central', 'InsuredValue': 1849000, 'Construction': 'Metal Clad', 'BusinessType': 'Ret...</msg>
<status status="PASS" starttime="20210930 14:48:07.700" endtime="20210930 14:48:07.700"/>
</kw>
<kw name="Log" library="BuiltIn">
<arg>${row_data}</arg>
<doc>Logs the given message with the given level.</doc>
<msg timestamp="20210930 14:48:07.700" level="INFO">{'Policy': '100509', 'Expiry': datetime.datetime(2021, 2, 7, 0, 0), 'Location': 'Urban', 'State': 'OH', 'Region': 'Central', 'InsuredValue': 1849000, 'Construction': 'Metal Clad', 'BusinessType': 'Retail', 'Earthquake': 'N', 'Flood': 'N'}</msg>
<status status="PASS" starttime="20210930 14:48:07.700" endtime="20210930 14:48:07.700"/>
</kw>
<status status="PASS" starttime="20210930 14:48:07.700" endtime="20210930 14:48:07.700"/>
</iter>
<iter>
<var name="${i}">55</var>
<kw name="Get Table Row" library="RPA.Tables">
<var>${row_data}</var>
<arg>${policydata}</arg>
<arg>${i}</arg>
<arg>False</arg>
<doc>Get a single row from a table.</doc>
<msg timestamp="20210930 14:48:07.701" level="INFO">${row_data} = {'Policy': '100371', 'Expiry': datetime.datetime(2021, 2, 8, 0, 0), 'Location': 'Urban', 'State': 'OH', 'Region': 'Central', 'InsuredValue': 218490, 'Construction': 'Frame', 'BusinessType': 'Apartment...</msg>
<status status="PASS" starttime="20210930 14:48:07.700" endtime="20210930 14:48:07.701"/>
</kw>
<kw name="Log" library="BuiltIn">
<arg>${row_data}</arg>
<doc>Logs the given message with the given level.</doc>
<msg timestamp="20210930 14:48:07.701" level="INFO">{'Policy': '100371', 'Expiry': datetime.datetime(2021, 2, 8, 0, 0), 'Location': 'Urban', 'State': 'OH', 'Region': 'Central', 'InsuredValue': 218490, 'Construction': 'Frame', 'BusinessType': 'Apartment', 'Earthquake': 'N', 'Flood': 'N'}</msg>
<status status="PASS" starttime="20210930 14:48:07.701" endtime="20210930 14:48:07.701"/>
</kw>
<status status="PASS" starttime="20210930 14:48:07.700" endtime="20210930 14:48:07.701"/>
</iter>
<iter>
<var name="${i}">56</var>
<kw name="Get Table Row" library="RPA.Tables">
<var>${row_data}</var>
<arg>${policydata}</arg>
<arg>${i}</arg>
<arg>False</arg>
<doc>Get a single row from a table.</doc>
<msg timestamp="20210930 14:48:07.701" level="INFO">${row_data} = {'Policy': '100412', 'Expiry': datetime.datetime(2021, 2, 8, 0, 0), 'Location': 'Urban', 'State': 'NJ', 'Region': 'East', 'InsuredValue': 3052600, 'Construction': 'Frame', 'BusinessType': 'Apartment',...</msg>
<status status="PASS" starttime="20210930 14:48:07.701" endtime="20210930 14:48:07.701"/>
</kw>
<kw name="Log" library="BuiltIn">
<arg>${row_data}</arg>
<doc>Logs the given message with the given level.</doc>
<msg timestamp="20210930 14:48:07.701" level="INFO">{'Policy': '100412', 'Expiry': datetime.datetime(2021, 2, 8, 0, 0), 'Location': 'Urban', 'State': 'NJ', 'Region': 'East', 'InsuredValue': 3052600, 'Construction': 'Frame', 'BusinessType': 'Apartment', 'Earthquake': 'Y', 'Flood': 'N'}</msg>
<status status="PASS" starttime="20210930 14:48:07.701" endtime="20210930 14:48:07.701"/>
</kw>
<status status="PASS" starttime="20210930 14:48:07.701" endtime="20210930 14:48:07.701"/>
</iter>
<iter>
<var name="${i}">57</var>
<kw name="Get Table Row" library="RPA.Tables">
<var>${row_data}</var>
<arg>${policydata}</arg>
<arg>${i}</arg>
<arg>False</arg>
<doc>Get a single row from a table.</doc>
<msg timestamp="20210930 14:48:07.702" level="INFO">${row_data} = {'Policy': '100370', 'Expiry': datetime.datetime(2021, 2, 9, 0, 0), 'Location': 'Urban', 'State': 'WI', 'Region': 'Midwest', 'InsuredValue': 8126500, 'Construction': 'Masonry', 'BusinessType': 'Organi...</msg>
<status status="PASS" starttime="20210930 14:48:07.701" endtime="20210930 14:48:07.702"/>
</kw>
<kw name="Log" library="BuiltIn">
<arg>${row_data}</arg>
<doc>Logs the given message with the given level.</doc>
<msg timestamp="20210930 14:48:07.702" level="INFO">{'Policy': '100370', 'Expiry': datetime.datetime(2021, 2, 9, 0, 0), 'Location': 'Urban', 'State': 'WI', 'Region': 'Midwest', 'InsuredValue': 8126500, 'Construction': 'Masonry', 'BusinessType': 'Organization', 'Earthquake': 'Y', 'Flood': 'Y'}</msg>
<status status="PASS" starttime="20210930 14:48:07.702" endtime="20210930 14:48:07.702"/>
</kw>
<status status="PASS" starttime="20210930 14:48:07.701" endtime="20210930 14:48:07.702"/>
</iter>
<iter>
<var name="${i}">58</var>
<kw name="Get Table Row" library="RPA.Tables">
<var>${row_data}</var>
<arg>${policydata}</arg>
<arg>${i}</arg>
<arg>False</arg>
<doc>Get a single row from a table.</doc>
<msg timestamp="20210930 14:48:07.702" level="INFO">${row_data} = {'Policy': '100377', 'Expiry': datetime.datetime(2021, 2, 9, 0, 0), 'Location': 'Urban', 'State': 'NY', 'Region': 'East', 'InsuredValue': 11400000, 'Construction': 'Masonry', 'BusinessType': 'Apartmen...</msg>
<status status="PASS" starttime="20210930 14:48:07.702" endtime="20210930 14:48:07.702"/>
</kw>
<kw name="Log" library="BuiltIn">
<arg>${row_data}</arg>
<doc>Logs the given message with the given level.</doc>
<msg timestamp="20210930 14:48:07.702" level="INFO">{'Policy': '100377', 'Expiry': datetime.datetime(2021, 2, 9, 0, 0), 'Location': 'Urban', 'State': 'NY', 'Region': 'East', 'InsuredValue': 11400000, 'Construction': 'Masonry', 'BusinessType': 'Apartment', 'Earthquake': 'Y', 'Flood': 'Y'}</msg>
<status status="PASS" starttime="20210930 14:48:07.702" endtime="20210930 14:48:07.702"/>
</kw>
<status status="PASS" starttime="20210930 14:48:07.702" endtime="20210930 14:48:07.702"/>
</iter>
<iter>
<var name="${i}">59</var>
<kw name="Get Table Row" library="RPA.Tables">
<var>${row_data}</var>
<arg>${policydata}</arg>
<arg>${i}</arg>
<arg>False</arg>
<doc>Get a single row from a table.</doc>
<msg timestamp="20210930 14:48:07.703" level="INFO">${row_data} = {'Policy': '100452', 'Expiry': datetime.datetime(2021, 2, 9, 0, 0), 'Location': 'Urban', 'State': 'NJ', 'Region': 'East', 'InsuredValue': 5918400, 'Construction': 'Frame', 'BusinessType': 'Farming', '...</msg>
<status status="PASS" starttime="20210930 14:48:07.703" endtime="20210930 14:48:07.703"/>
</kw>
<kw name="Log" library="BuiltIn">
<arg>${row_data}</arg>
<doc>Logs the given message with the given level.</doc>
<msg timestamp="20210930 14:48:07.703" level="INFO">{'Policy': '100452', 'Expiry': datetime.datetime(2021, 2, 9, 0, 0), 'Location': 'Urban', 'State': 'NJ', 'Region': 'East', 'InsuredValue': 5918400, 'Construction': 'Frame', 'BusinessType': 'Farming', 'Earthquake': 'Y', 'Flood': 'N'}</msg>
<status status="PASS" starttime="20210930 14:48:07.703" endtime="20210930 14:48:07.703"/>
</kw>
<status status="PASS" starttime="20210930 14:48:07.703" endtime="20210930 14:48:07.703"/>
</iter>
<iter>
<var name="${i}">60</var>
<kw name="Get Table Row" library="RPA.Tables">
<var>${row_data}</var>
<arg>${policydata}</arg>
<arg>${i}</arg>
<arg>False</arg>
<doc>Get a single row from a table.</doc>
<msg timestamp="20210930 14:48:07.703" level="INFO">${row_data} = {'Policy': '100459', 'Expiry': datetime.datetime(2021, 2, 9, 0, 0), 'Location': 'Rural', 'State': 'NY', 'Region': 'East', 'InsuredValue': 2550750, 'Construction': 'Frame', 'BusinessType': 'Farming', '...</msg>
<status status="PASS" starttime="20210930 14:48:07.703" endtime="20210930 14:48:07.703"/>
</kw>
<kw name="Log" library="BuiltIn">
<arg>${row_data}</arg>
<doc>Logs the given message with the given level.</doc>
<msg timestamp="20210930 14:48:07.704" level="INFO">{'Policy': '100459', 'Expiry': datetime.datetime(2021, 2, 9, 0, 0), 'Location': 'Rural', 'State': 'NY', 'Region': 'East', 'InsuredValue': 2550750, 'Construction': 'Frame', 'BusinessType': 'Farming', 'Earthquake': 'N', 'Flood': 'N'}</msg>
<status status="PASS" starttime="20210930 14:48:07.703" endtime="20210930 14:48:07.704"/>
</kw>
<status status="PASS" starttime="20210930 14:48:07.703" endtime="20210930 14:48:07.704"/>
</iter>
<iter>
<var name="${i}">61</var>
<kw name="Get Table Row" library="RPA.Tables">
<var>${row_data}</var>
<arg>${policydata}</arg>
<arg>${i}</arg>
<arg>False</arg>
<doc>Get a single row from a table.</doc>
<msg timestamp="20210930 14:48:07.704" level="INFO">${row_data} = {'Policy': '100325', 'Expiry': datetime.datetime(2021, 2, 13, 0, 0), 'Location': 'Urban', 'State': 'NY', 'Region': 'East', 'InsuredValue': 140000, 'Construction': 'Masonry', 'BusinessType': 'Retail', ...</msg>
<status status="PASS" starttime="20210930 14:48:07.704" endtime="20210930 14:48:07.704"/>
</kw>
<kw name="Log" library="BuiltIn">
<arg>${row_data}</arg>
<doc>Logs the given message with the given level.</doc>
<msg timestamp="20210930 14:48:07.704" level="INFO">{'Policy': '100325', 'Expiry': datetime.datetime(2021, 2, 13, 0, 0), 'Location': 'Urban', 'State': 'NY', 'Region': 'East', 'InsuredValue': 140000, 'Construction': 'Masonry', 'BusinessType': 'Retail', 'Earthquake': 'N', 'Flood': 'N'}</msg>
<status status="PASS" starttime="20210930 14:48:07.704" endtime="20210930 14:48:07.704"/>
</kw>
<status status="PASS" starttime="20210930 14:48:07.704" endtime="20210930 14:48:07.704"/>
</iter>
<iter>
<var name="${i}">62</var>
<kw name="Get Table Row" library="RPA.Tables">
<var>${row_data}</var>
<arg>${policydata}</arg>
<arg>${i}</arg>
<arg>False</arg>
<doc>Get a single row from a table.</doc>
<msg timestamp="20210930 14:48:07.705" level="INFO">${row_data} = {'Policy': '100419', 'Expiry': datetime.datetime(2021, 2, 13, 0, 0), 'Location': 'Urban', 'State': 'NY', 'Region': 'East', 'InsuredValue': 725000, 'Construction': 'Masonry', 'BusinessType': 'Service',...</msg>
<status status="PASS" starttime="20210930 14:48:07.704" endtime="20210930 14:48:07.705"/>
</kw>
<kw name="Log" library="BuiltIn">
<arg>${row_data}</arg>
<doc>Logs the given message with the given level.</doc>
<msg timestamp="20210930 14:48:07.705" level="INFO">{'Policy': '100419', 'Expiry': datetime.datetime(2021, 2, 13, 0, 0), 'Location': 'Urban', 'State': 'NY', 'Region': 'East', 'InsuredValue': 725000, 'Construction': 'Masonry', 'BusinessType': 'Service', 'Earthquake': 'N', 'Flood': 'N'}</msg>
<status status="PASS" starttime="20210930 14:48:07.705" endtime="20210930 14:48:07.705"/>
</kw>
<status status="PASS" starttime="20210930 14:48:07.704" endtime="20210930 14:48:07.705"/>
</iter>
<iter>
<var name="${i}">63</var>
<kw name="Get Table Row" library="RPA.Tables">
<var>${row_data}</var>
<arg>${policydata}</arg>
<arg>${i}</arg>
<arg>False</arg>
<doc>Get a single row from a table.</doc>
<msg timestamp="20210930 14:48:07.705" level="INFO">${row_data} = {'Policy': '100512', 'Expiry': datetime.datetime(2021, 2, 13, 0, 0), 'Location': 'Urban', 'State': 'NY', 'Region': 'East', 'InsuredValue': 10098900, 'Construction': 'Frame', 'BusinessType': 'Office Bl...</msg>
<status status="PASS" starttime="20210930 14:48:07.705" endtime="20210930 14:48:07.705"/>
</kw>
<kw name="Log" library="BuiltIn">
<arg>${row_data}</arg>
<doc>Logs the given message with the given level.</doc>
<msg timestamp="20210930 14:48:07.705" level="INFO">{'Policy': '100512', 'Expiry': datetime.datetime(2021, 2, 13, 0, 0), 'Location': 'Urban', 'State': 'NY', 'Region': 'East', 'InsuredValue': 10098900, 'Construction': 'Frame', 'BusinessType': 'Office Bldg', 'Earthquake': 'Y', 'Flood': 'Y'}</msg>
<status status="PASS" starttime="20210930 14:48:07.705" endtime="20210930 14:48:07.705"/>
</kw>
<status status="PASS" starttime="20210930 14:48:07.705" endtime="20210930 14:48:07.705"/>
</iter>
<iter>
<var name="${i}">64</var>
<kw name="Get Table Row" library="RPA.Tables">
<var>${row_data}</var>
<arg>${policydata}</arg>
<arg>${i}</arg>
<arg>False</arg>
<doc>Get a single row from a table.</doc>
<msg timestamp="20210930 14:48:07.706" level="INFO">${row_data} = {'Policy': '100513', 'Expiry': datetime.datetime(2021, 2, 13, 0, 0), 'Location': 'Rural', 'State': 'NY', 'Region': 'East', 'InsuredValue': 2937200, 'Construction': 'Frame', 'BusinessType': 'Farming', ...</msg>
<status status="PASS" starttime="20210930 14:48:07.705" endtime="20210930 14:48:07.706"/>
</kw>
<kw name="Log" library="BuiltIn">
<arg>${row_data}</arg>
<doc>Logs the given message with the given level.</doc>
<msg timestamp="20210930 14:48:07.706" level="INFO">{'Policy': '100513', 'Expiry': datetime.datetime(2021, 2, 13, 0, 0), 'Location': 'Rural', 'State': 'NY', 'Region': 'East', 'InsuredValue': 2937200, 'Construction': 'Frame', 'BusinessType': 'Farming', 'Earthquake': 'N', 'Flood': 'N'}</msg>
[...]
</kw>
<status status="PASS" starttime="20210930 14:48:07.970" endtime="20210930 14:48:07.972"/>
</iter>
<iter>
<var name="${index}">7</var>
<kw name="Generate Random String" library="String">
<var>${ret}</var>
<doc>Generates a string with a desired ``length`` from the given ``chars``.</doc>
<msg timestamp="20210930 14:48:07.972" level="INFO">${ret} = nRJ3xD9F</msg>
<status status="PASS" starttime="20210930 14:48:07.972" endtime="20210930 14:48:07.972"/>
</kw>
<kw name="Create Dictionary" library="BuiltIn">
<var>&amp;{row}</var>
<arg>Order ID</arg>
<arg>${index}</arg>
<arg>Amount</arg>
<arg>${index * 25}</arg>
<arg>Invoice No</arg>
<arg>${ret}</arg>
<doc>Creates and returns a dictionary based on the given ``items``.</doc>
<msg timestamp="20210930 14:48:07.973" level="INFO">&amp;{row} = { Order ID=7 | Amount=175 | Invoice No=nRJ3xD9F }</msg>
<status status="PASS" starttime="20210930 14:48:07.972" endtime="20210930 14:48:07.973"/>
</kw>
<kw name="Append Rows To Worksheet" library="RPA.Excel.Files">
<arg>${row}</arg>
<arg>header=${TRUE}</arg>
<doc>Append values to the end of the worksheet.</doc>
<status status="PASS" starttime="20210930 14:48:07.973" endtime="20210930 14:48:07.973"/>
</kw>
<status status="PASS" starttime="20210930 14:48:07.972" endtime="20210930 14:48:07.973"/>
</iter>
<iter>
<var name="${index}">8</var>
<kw name="Generate Random String" library="String">
<var>${ret}</var>
<doc>Generates a string with a desired ``length`` from the given ``chars``.</doc>
<msg timestamp="20210930 14:48:07.974" level="INFO">${ret} = ICqF8mVt</msg>
<status status="PASS" starttime="20210930 14:48:07.973" endtime="20210930 14:48:07.974"/>
</kw>
<kw name="Create Dictionary" library="BuiltIn">
<var>&amp;{row}</var>
<arg>Order ID</arg>
<arg>${index}</arg>
<arg>Amount</arg>
<arg>${index * 25}</arg>
<arg>Invoice No</arg>
<arg>${ret}</arg>
<doc>Creates and returns a dictionary based on the given ``items``.</doc>
<msg timestamp="20210930 14:48:07.974" level="INFO">&amp;{row} = { Order ID=8 | Amount=200 | Invoice No=ICqF8mVt }</msg>
<status status="PASS" starttime="20210930 14:48:07.974" endtime="20210930 14:48:07.974"/>
</kw>
<kw name="Append Rows To Worksheet" library="RPA.Excel.Files">
<arg>${row}</arg>
<arg>header=${TRUE}</arg>
<doc>Append values to the end of the worksheet.</doc>
<status status="PASS" starttime="20210930 14:48:07.974" endtime="20210930 14:48:07.975"/>
</kw>
<status status="PASS" starttime="20210930 14:48:07.973" endtime="20210930 14:48:07.975"/>
</iter>
<iter>
<var name="${index}">9</var>
<kw name="Generate Random String" library="String">
<var>${ret}</var>
<doc>Generates a string with a desired ``length`` from the given ``chars``.</doc>
<msg timestamp="20210930 14:48:07.975" level="INFO">${ret} = JhPalnh7</msg>
<status status="PASS" starttime="20210930 14:48:07.975" endtime="20210930 14:48:07.975"/>
</kw>
<kw name="Create Dictionary" library="BuiltIn">
<var>&amp;{row}</var>
<arg>Order ID</arg>
<arg>${index}</arg>
<arg>Amount</arg>
<arg>${index * 25}</arg>
<arg>Invoice No</arg>
<arg>${ret}</arg>
<doc>Creates and returns a dictionary based on the given ``items``.</doc>
<msg timestamp="20210930 14:48:07.976" level="INFO">&amp;{row} = { Order ID=9 | Amount=225 | Invoice No=JhPalnh7 }</msg>
<status status="PASS" starttime="20210930 14:48:07.975" endtime="20210930 14:48:07.976"/>
</kw>
<kw name="Append Rows To Worksheet" library="RPA.Excel.Files">
<arg>${row}</arg>
<arg>header=${TRUE}</arg>
<doc>Append values to the end of the worksheet.</doc>
<status status="PASS" starttime="20210930 14:48:07.976" endtime="20210930 14:48:07.976"/>
</kw>
<status status="PASS" starttime="20210930 14:48:07.975" endtime="20210930 14:48:07.976"/>
</iter>
<iter>
<var name="${index}">10</var>
<kw name="Generate Random String" library="String">
<var>${ret}</var>
<doc>Generates a string with a desired ``length`` from the given ``chars``.</doc>
<msg timestamp="20210930 14:48:07.976" level="INFO">${ret} = IceqXjMD</msg>
<status status="PASS" starttime="20210930 14:48:07.976" endtime="20210930 14:48:07.976"/>
</kw>
<kw name="Create Dictionary" library="BuiltIn">
<var>&amp;{row}</var>
<arg>Order ID</arg>
<arg>${index}</arg>
<arg>Amount</arg>
<arg>${index * 25}</arg>
<arg>Invoice No</arg>
<arg>${ret}</arg>
<doc>Creates and returns a dictionary based on the given ``items``.</doc>
<msg timestamp="20210930 14:48:07.977" level="INFO">&amp;{row} = { Order ID=10 | Amount=250 | Invoice No=IceqXjMD }</msg>
<status status="PASS" starttime="20210930 14:48:07.976" endtime="20210930 14:48:07.977"/>
</kw>
<kw name="Append Rows To Worksheet" library="RPA.Excel.Files">
<arg>${row}</arg>
<arg>header=${TRUE}</arg>
<doc>Append values to the end of the worksheet.</doc>
<status status="PASS" starttime="20210930 14:48:07.977" endtime="20210930 14:48:07.977"/>
</kw>
<status status="PASS" starttime="20210930 14:48:07.976" endtime="20210930 14:48:07.977"/>
</iter>
<iter>
<var name="${index}">11</var>
<kw name="Generate Random String" library="String">
<var>${ret}</var>
<doc>Generates a string with a desired ``length`` from the given ``chars``.</doc>
<msg timestamp="20210930 14:48:07.977" level="INFO">${ret} = G1nMq6gd</msg>
<status status="PASS" starttime="20210930 14:48:07.977" endtime="20210930 14:48:07.977"/>
</kw>
<kw name="Create Dictionary" library="BuiltIn">
<var>&amp;{row}</var>
<arg>Order ID</arg>
<arg>${index}</arg>
<arg>Amount</arg>
<arg>${index * 25}</arg>
<arg>Invoice No</arg>
<arg>${ret}</arg>
<doc>Creates and returns a dictionary based on the given ``items``.</doc>
<msg timestamp="20210930 14:48:07.979" level="INFO">&amp;{row} = { Order ID=11 | Amount=275 | Invoice No=G1nMq6gd }</msg>
<status status="PASS" starttime="20210930 14:48:07.979" endtime="20210930 14:48:07.979"/>
</kw>
<kw name="Append Rows To Worksheet" library="RPA.Excel.Files">
<arg>${row}</arg>
<arg>header=${TRUE}</arg>
<doc>Append values to the end of the worksheet.</doc>
<status status="PASS" starttime="20210930 14:48:07.979" endtime="20210930 14:48:07.979"/>
</kw>
<status status="PASS" starttime="20210930 14:48:07.977" endtime="20210930 14:48:07.979"/>
</iter>
<iter>
<var name="${index}">12</var>
<kw name="Generate Random String" library="String">
<var>${ret}</var>
<doc>Generates a string with a desired ``length`` from the given ``chars``.</doc>
<msg timestamp="20210930 14:48:07.979" level="INFO">${ret} = 5AfmoLTB</msg>
<status status="PASS" starttime="20210930 14:48:07.979" endtime="20210930 14:48:07.979"/>
</kw>
<kw name="Create Dictionary" library="BuiltIn">
<var>&amp;{row}</var>
<arg>Order ID</arg>
<arg>${index}</arg>
<arg>Amount</arg>
<arg>${index * 25}</arg>
<arg>Invoice No</arg>
<arg>${ret}</arg>
<doc>Creates and returns a dictionary based on the given ``items``.</doc>
<msg timestamp="20210930 14:48:07.980" level="INFO">&amp;{row} = { Order ID=12 | Amount=300 | Invoice No=5AfmoLTB }</msg>
<status status="PASS" starttime="20210930 14:48:07.979" endtime="20210930 14:48:07.980"/>
</kw>
<kw name="Append Rows To Worksheet" library="RPA.Excel.Files">
<arg>${row}</arg>
<arg>header=${TRUE}</arg>
<doc>Append values to the end of the worksheet.</doc>
<status status="PASS" starttime="20210930 14:48:07.980" endtime="20210930 14:48:07.980"/>
</kw>
<status status="PASS" starttime="20210930 14:48:07.979" endtime="20210930 14:48:07.980"/>
</iter>
<iter>
<var name="${index}">13</var>
<kw name="Generate Random String" library="String">
<var>${ret}</var>
<doc>Generates a string with a desired ``length`` from the given ``chars``.</doc>
<msg timestamp="20210930 14:48:07.980" level="INFO">${ret} = sfFK4svo</msg>
<status status="PASS" starttime="20210930 14:48:07.980" endtime="20210930 14:48:07.980"/>
</kw>
<kw name="Create Dictionary" library="BuiltIn">
<var>&amp;{row}</var>
<arg>Order ID</arg>
<arg>${index}</arg>
<arg>Amount</arg>
<arg>${index * 25}</arg>
<arg>Invoice No</arg>
<arg>${ret}</arg>
<doc>Creates and returns a dictionary based on the given ``items``.</doc>
<msg timestamp="20210930 14:48:07.982" level="INFO">&amp;{row} = { Order ID=13 | Amount=325 | Invoice No=sfFK4svo }</msg>
<status status="PASS" starttime="20210930 14:48:07.980" endtime="20210930 14:48:07.982"/>
</kw>
<kw name="Append Rows To Worksheet" library="RPA.Excel.Files">
<arg>${row}</arg>
<arg>header=${TRUE}</arg>
<doc>Append values to the end of the worksheet.</doc>
<status status="PASS" starttime="20210930 14:48:07.982" endtime="20210930 14:48:07.982"/>
</kw>
<status status="PASS" starttime="20210930 14:48:07.980" endtime="20210930 14:48:07.982"/>
</iter>
<iter>
<var name="${index}">14</var>
<kw name="Generate Random String" library="String">
<var>${ret}</var>
<doc>Generates a string with a desired ``length`` from the given ``chars``.</doc>
<msg timestamp="20210930 14:48:07.982" level="INFO">${ret} = YhHwR9OE</msg>
<status status="PASS" starttime="20210930 14:48:07.982" endtime="20210930 14:48:07.982"/>
</kw>
<kw name="Create Dictionary" library="BuiltIn">
<var>&amp;{row}</var>
<arg>Order ID</arg>
<arg>${index}</arg>
<arg>Amount</arg>
<arg>${index * 25}</arg>
<arg>Invoice No</arg>
<arg>${ret}</arg>
<doc>Creates and returns a dictionary based on the given ``items``.</doc>
<msg timestamp="20210930 14:48:07.983" level="INFO">&amp;{row} = { Order ID=14 | Amount=350 | Invoice No=YhHwR9OE }</msg>
<status status="PASS" starttime="20210930 14:48:07.982" endtime="20210930 14:48:07.983"/>
</kw>
<kw name="Append Rows To Worksheet" library="RPA.Excel.Files">
<arg>${row}</arg>
<arg>header=${TRUE}</arg>
<doc>Append values to the end of the worksheet.</doc>
<status status="PASS" starttime="20210930 14:48:07.983" endtime="20210930 14:48:07.983"/>
</kw>
<status status="PASS" starttime="20210930 14:48:07.982" endtime="20210930 14:48:07.983"/>
</iter>
<status status="PASS" starttime="20210930 14:48:07.961" endtime="20210930 14:48:07.983"/>
</for>
<kw name="Save Workbook" library="RPA.Excel.Files">
<doc>Save the active workbook.</doc>
<status status="PASS" starttime="20210930 14:48:07.983" endtime="20210930 14:48:07.993"/>
</kw>
<status status="PASS" starttime="20210930 14:48:07.959" endtime="20210930 14:48:07.994"/>
</kw>
<kw name="Read Excel File WorkSheet As Table" library="excel">
<var>${policydata}</var>
<arg>new_wbook_2.xlsx</arg>
<arg>Sheet</arg>
<kw name="Open Workbook" library="RPA.Excel.Files">
<arg>${EXCEL_FILE}</arg>
<doc>Open an existing Excel workbook.</doc>
<msg timestamp="20210930 14:48:07.994" level="INFO">Closing workbook: &lt;RPA.Excel.Files.XlsxWorkbook object at 0x0000024A365E4C48&gt;</msg>
<msg timestamp="20210930 14:48:08.003" level="INFO">Opened workbook: &lt;RPA.Excel.Files.XlsxWorkbook object at 0x0000024A34532388&gt;</msg>
<status status="PASS" starttime="20210930 14:48:07.994" endtime="20210930 14:48:08.003"/>
</kw>
<kw name="Read Worksheet" library="RPA.Excel.Files">
<var>${worksheet}</var>
<arg>name=${WORK_SHEET_NAME}</arg>
<arg>header=${TRUE}</arg>
<doc>Read the content of a worksheet into a list of dictionaries.</doc>
<msg timestamp="20210930 14:48:08.004" level="INFO">${worksheet} = [{'Order ID': 0, 'Amount': 0, 'Invoice No': 'SPW0eDKS'}, {'Order ID': 1, 'Amount': 25, 'Invoice No': '3wBUwg1i'}, {'Order ID': 2, 'Amount': 50, 'Invoice No': 'r0R2zjJn'}, {'Order ID': 3, 'Amount': 75,...</msg>
<status status="PASS" starttime="20210930 14:48:08.003" endtime="20210930 14:48:08.004"/>
</kw>
<kw name="Close Workbook" library="RPA.Excel.Files">
<doc>Close the active workbook.</doc>
<msg timestamp="20210930 14:48:08.004" level="INFO">Closing workbook: &lt;RPA.Excel.Files.XlsxWorkbook object at 0x0000024A34532388&gt;</msg>
<status status="PASS" starttime="20210930 14:48:08.004" endtime="20210930 14:48:08.004"/>
</kw>
<kw name="Create Table" library="RPA.Tables">
<var>${policies}</var>
<arg>${worksheet}</arg>
<doc>Create Table object from data.</doc>
<msg timestamp="20210930 14:48:08.004" level="INFO">Created table: Table(columns=['Order ID', 'Amount', 'Invoice No'], rows=15)</msg>
<msg timestamp="20210930 14:48:08.005" level="INFO">${policies} = Table(columns=['Order ID', 'Amount', 'Invoice No'], rows=15)</msg>
<status status="PASS" starttime="20210930 14:48:08.004" endtime="20210930 14:48:08.005"/>
</kw>
<msg timestamp="20210930 14:48:08.005" level="INFO">${policydata} = Table(columns=['Order ID', 'Amount', 'Invoice No'], rows=15)</msg>
<status status="PASS" starttime="20210930 14:48:07.994" endtime="20210930 14:48:08.005"/>
</kw>
<status status="PASS" starttime="20210930 14:48:07.959" endtime="20210930 14:48:08.005"/>
</test>
<test id="s1-t3" name="Iterate WorkSheets Example">
<kw name="Iterate WorkSheets From Workbook" library="excel">
<arg>./DataSets/sampledatainsurance.xlsx</arg>
<kw name="Open Workbook" library="RPA.Excel.Files">
<arg>${EXCEL_FILE}</arg>
<doc>Open an existing Excel workbook.</doc>
<msg timestamp="20210930 14:48:08.079" level="INFO">Opened workbook: &lt;RPA.Excel.Files.XlsxWorkbook object at 0x0000024A36652BC8&gt;</msg>
<status status="PASS" starttime="20210930 14:48:08.006" endtime="20210930 14:48:08.079"/>
</kw>
<kw name="List Worksheets" library="RPA.Excel.Files">
<var>@{work_sheets}</var>
<doc>List all names of worksheets in the given workbook.</doc>
<msg timestamp="20210930 14:48:08.079" level="INFO">@{work_sheets} = [ Instructions | PolicyData | MyLinks ]</msg>
<status status="PASS" starttime="20210930 14:48:08.079" endtime="20210930 14:48:08.079"/>
</kw>
<for flavor="IN">
<var>${work_sheet}</var>
<value>@{work_sheets}</value>
<iter>
<var name="${work_sheet}">Instructions</var>
<kw name="Read Worksheet" library="RPA.Excel.Files">
<var>${wsheet_data}</var>
<arg>${work_sheet}</arg>
<doc>Read the content of a worksheet into a list of dictionaries.</doc>
<msg timestamp="20210930 14:48:08.080" level="INFO">${wsheet_data} = [{'A': None, 'B': None, 'C': None}, {'A': None, 'B': None, 'C': None}, {'A': None, 'B': None, 'C': None}, {'A': None, 'B': None, 'C': None}, {'A': None, 'B': None, 'C': 'Downloaded From'}, {'A': None,...</msg>
<status status="PASS" starttime="20210930 14:48:08.079" endtime="20210930 14:48:08.080"/>
</kw>
<kw name="Get Length" library="BuiltIn">
<var>${rows}</var>
<arg>${wsheet_data}</arg>
<doc>Returns and logs the length of the given item as an integer.</doc>
<msg timestamp="20210930 14:48:08.080" level="INFO">Length is 17</msg>
<msg timestamp="20210930 14:48:08.080" level="INFO">${rows} = 17</msg>
<status status="PASS" starttime="20210930 14:48:08.080" endtime="20210930 14:48:08.080"/>
</kw>
<kw name="Find Empty Row" library="RPA.Excel.Files">
<var>${emp_row}</var>
<arg>${work_sheet}</arg>
<doc>Find the first empty row after existing content,
and return the row number.</doc>
<msg timestamp="20210930 14:48:08.080" level="INFO">${emp_row} = 18</msg>
<status status="PASS" starttime="20210930 14:48:08.080" endtime="20210930 14:48:08.080"/>
</kw>
<kw name="Log" library="BuiltIn">
<arg>Worksheet '${work_sheet}' conatin ${rows} rows with first empty row at ${emp_row}</arg>
<doc>Logs the given message with the given level.</doc>
<msg timestamp="20210930 14:48:08.080" level="INFO">Worksheet 'Instructions' conatin 17 rows with first empty row at 18</msg>
<status status="PASS" starttime="20210930 14:48:08.080" endtime="20210930 14:48:08.081"/>
</kw>
<status status="PASS" starttime="20210930 14:48:08.079" endtime="20210930 14:48:08.081"/>
</iter>
<iter>
<var name="${work_sheet}">PolicyData</var>
<kw name="Read Worksheet" library="RPA.Excel.Files">
<var>${wsheet_data}</var>
<arg>${work_sheet}</arg>
<doc>Read the content of a worksheet into a list of dictionaries.</doc>
<msg timestamp="20210930 14:48:08.087" level="INFO">${wsheet_data} = [{'A': 'Policy', 'B': 'Expiry', 'C': 'Location', 'D': 'State', 'E': 'Region', 'F': 'InsuredValue', 'G': 'Construction', 'H': 'BusinessType', 'I': 'Earthquake', 'J': 'Flood'}, {'A': '100242', 'B': date...</msg>
<status status="PASS" starttime="20210930 14:48:08.081" endtime="20210930 14:48:08.087"/>
</kw>
<kw name="Get Length" library="BuiltIn">
<var>${rows}</var>
<arg>${wsheet_data}</arg>
<doc>Returns and logs the length of the given item as an integer.</doc>
<msg timestamp="20210930 14:48:08.087" level="INFO">Length is 501</msg>
<msg timestamp="20210930 14:48:08.087" level="INFO">${rows} = 501</msg>
<status status="PASS" starttime="20210930 14:48:08.087" endtime="20210930 14:48:08.087"/>
</kw>
<kw name="Find Empty Row" library="RPA.Excel.Files">
<var>${emp_row}</var>
<arg>${work_sheet}</arg>
<doc>Find the first empty row after existing content,
and return the row number.</doc>
<msg timestamp="20210930 14:48:08.088" level="INFO">${emp_row} = 502</msg>
<status status="PASS" starttime="20210930 14:48:08.087" endtime="20210930 14:48:08.088"/>
</kw>
<kw name="Log" library="BuiltIn">
<arg>Worksheet '${work_sheet}' conatin ${rows} rows with first empty row at ${emp_row}</arg>
<doc>Logs the given message with the given level.</doc>
<msg timestamp="20210930 14:48:08.088" level="INFO">Worksheet 'PolicyData' conatin 501 rows with first empty row at 502</msg>
<status status="PASS" starttime="20210930 14:48:08.088" endtime="20210930 14:48:08.088"/>
</kw>
<status status="PASS" starttime="20210930 14:48:08.081" endtime="20210930 14:48:08.088"/>
</iter>
<iter>
<var name="${work_sheet}">MyLinks</var>
<kw name="Read Worksheet" library="RPA.Excel.Files">
<var>${wsheet_data}</var>
<arg>${work_sheet}</arg>
<doc>Read the content of a worksheet into a list of dictionaries.</doc>
<msg timestamp="20210930 14:48:08.089" level="INFO">${wsheet_data} = [{'A': None, 'B': None, 'C': None}, {'A': None, 'B': 'Contextures Products', 'C': None}, {'A': None, 'B': 'Pivot Power Premium Add-in', 'C': 'Time-saving tools for pivot table power users'}, {'A': Non...</msg>
<status status="PASS" starttime="20210930 14:48:08.089" endtime="20210930 14:48:08.089"/>
</kw>
<kw name="Get Length" library="BuiltIn">
<var>${rows}</var>
<arg>${wsheet_data}</arg>
<doc>Returns and logs the length of the given item as an integer.</doc>
<msg timestamp="20210930 14:48:08.089" level="INFO">Length is 16</msg>
<msg timestamp="20210930 14:48:08.089" level="INFO">${rows} = 16</msg>
<status status="PASS" starttime="20210930 14:48:08.089" endtime="20210930 14:48:08.089"/>
</kw>
<kw name="Find Empty Row" library="RPA.Excel.Files">
<var>${emp_row}</var>
<arg>${work_sheet}</arg>
<doc>Find the first empty row after existing content,
and return the row number.</doc>
<msg timestamp="20210930 14:48:08.090" level="INFO">${emp_row} = 17</msg>
<status status="PASS" starttime="20210930 14:48:08.089" endtime="20210930 14:48:08.090"/>
</kw>
<kw name="Log" library="BuiltIn">
<arg>Worksheet '${work_sheet}' conatin ${rows} rows with first empty row at ${emp_row}</arg>
<doc>Logs the given message with the given level.</doc>
<msg timestamp="20210930 14:48:08.090" level="INFO">Worksheet 'MyLinks' conatin 16 rows with first empty row at 17</msg>
<status status="PASS" starttime="20210930 14:48:08.090" endtime="20210930 14:48:08.090"/>
</kw>
<status status="PASS" starttime="20210930 14:48:08.089" endtime="20210930 14:48:08.090"/>
</iter>
<status status="PASS" starttime="20210930 14:48:08.079" endtime="20210930 14:48:08.090"/>
</for>
<kw name="Close Workbook" library="RPA.Excel.Files">
<doc>Close the active workbook.</doc>
<msg timestamp="20210930 14:48:08.090" level="INFO">Closing workbook: &lt;RPA.Excel.Files.XlsxWorkbook object at 0x0000024A36652BC8&gt;</msg>
<status status="PASS" starttime="20210930 14:48:08.090" endtime="20210930 14:48:08.090"/>
</kw>
<status status="PASS" starttime="20210930 14:48:08.005" endtime="20210930 14:48:08.090"/>
</kw>
<status status="PASS" starttime="20210930 14:48:08.005" endtime="20210930 14:48:08.091"/>
</test>
<doc>Excel File Related Keyword Examples</doc>
<status status="PASS" starttime="20210930 14:48:07.015" endtime="20210930 14:48:08.091"/>
</suite>
<statistics>
<total>
<stat pass="3" fail="0" skip="0">All Tasks</stat>
</total>
<tag>
</tag>
<suite>
<stat pass="3" fail="0" skip="0" id="s1" name="Tasks">Tasks</stat>
</suite>
</statistics>
<errors>
</errors>
</robot>
