<?xml version="1.0" encoding="UTF-8"?>
<robot generator="Robot 4.1.1 (Python 3.7.5 on win32)" generated="20210930 13:44:36.122" rpa="true" schemaversion="2">
<suite id="s1" name="Tasks" source="c:\development\Robots\Steven the robot\tasks.robot">
<test id="s1-t1" name="Read Policies As Table">
<kw name="Read Excel File WorkSheet As Table" library="excel">
<var>${policydata}</var>
<arg>./DataSets/sampledatainsurance.xlsx</arg>
<arg>PolicyData</arg>
<kw name="Open Workbook" library="RPA.Excel.Files">
<arg>${EXCEL_FILE}</arg>
<doc>Open an existing Excel workbook.</doc>
<msg timestamp="20210930 13:44:36.716" level="INFO">Opened workbook: &lt;RPA.Excel.Files.XlsxWorkbook object at 0x000002020A0C6048&gt;</msg>
<status status="PASS" starttime="20210930 13:44:36.599" endtime="20210930 13:44:36.716"/>
</kw>
<kw name="Read Worksheet" library="RPA.Excel.Files">
<var>${worksheet}</var>
<arg>name=${WORK_SHEET_NAME}</arg>
<arg>header=${TRUE}</arg>
<doc>Read the content of a worksheet into a list of dictionaries.</doc>
<msg timestamp="20210930 13:44:36.723" level="INFO">${worksheet} = [{'Policy': '100242', 'Expiry': datetime.datetime(2021, 1, 2, 0, 0), 'Location': 'Urban', 'State': 'NY', 'Region': 'East', 'InsuredValue': 1617630, 'Construction': 'Frame', 'BusinessType': 'Retail', '...</msg>
<status status="PASS" starttime="20210930 13:44:36.716" endtime="20210930 13:44:36.723"/>
</kw>
<kw name="Close Workbook" library="RPA.Excel.Files">
<doc>Close the active workbook.</doc>
<msg timestamp="20210930 13:44:36.723" level="INFO">Closing workbook: &lt;RPA.Excel.Files.XlsxWorkbook object at 0x000002020A0C6048&gt;</msg>
<status status="PASS" starttime="20210930 13:44:36.723" endtime="20210930 13:44:36.723"/>
</kw>
<kw name="Create Table" library="RPA.Tables">
<var>${policies}</var>
<arg>${worksheet}</arg>
<doc>Create Table object from data.</doc>
<msg timestamp="20210930 13:44:36.726" level="INFO">Created table: Table(columns=['Policy', 'Expiry', 'Location', 'State', 'Region', 'InsuredValue', 'Construction', 'BusinessType', 'Earthquake', 'Flood'], rows=500)</msg>
<msg timestamp="20210930 13:44:36.726" level="INFO">${policies} = Table(columns=['Policy', 'Expiry', 'Location', 'State', 'Region', 'InsuredValue', 'Construction', 'BusinessType', 'Earthquake', 'Flood'], rows=500)</msg>
<status status="PASS" starttime="20210930 13:44:36.723" endtime="20210930 13:44:36.726"/>
</kw>
<msg timestamp="20210930 13:44:36.726" level="INFO">${policydata} = Table(columns=['Policy', 'Expiry', 'Location', 'State', 'Region', 'InsuredValue', 'Construction', 'BusinessType', 'Earthquake', 'Flood'], rows=500)</msg>
<status status="PASS" starttime="20210930 13:44:36.598" endtime="20210930 13:44:36.726"/>
</kw>
<kw name="Get Table Dimensions" library="RPA.Tables">
<var>@{table_dim}</var>
<arg>${policydata}</arg>
<doc>Return table dimensions, as (rows, columns).</doc>
<msg timestamp="20210930 13:44:36.727" level="INFO">@{table_dim} = [ 500 | 10 ]</msg>
<status status="PASS" starttime="20210930 13:44:36.727" endtime="20210930 13:44:36.727"/>
</kw>
<kw name="Get Table Row" library="RPA.Tables">
<var>${row_value}</var>
<arg>${policydata}</arg>
<arg>${0}</arg>
<arg>False</arg>
<doc>Get a single row from a table.</doc>
<msg timestamp="20210930 13:44:36.727" level="INFO">${row_value} = {'Policy': '100242', 'Expiry': datetime.datetime(2021, 1, 2, 0, 0), 'Location': 'Urban', 'State': 'NY', 'Region': 'East', 'InsuredValue': 1617630, 'Construction': 'Frame', 'BusinessType': 'Retail', 'E...</msg>
<status status="PASS" starttime="20210930 13:44:36.727" endtime="20210930 13:44:36.727"/>
</kw>
<for flavor="IN RANGE">
<var>${i}</var>
<value>${table_dim}[0]</value>
<iter>
<var name="${i}">0</var>
<kw name="Get Table Row" library="RPA.Tables">
<var>${row_data}</var>
<arg>${policydata}</arg>
<arg>${i}</arg>
<arg>False</arg>
<doc>Get a single row from a table.</doc>
<msg timestamp="20210930 13:44:36.728" level="INFO">${row_data} = {'Policy': '100242', 'Expiry': datetime.datetime(2021, 1, 2, 0, 0), 'Location': 'Urban', 'State': 'NY', 'Region': 'East', 'InsuredValue': 1617630, 'Construction': 'Frame', 'BusinessType': 'Retail', 'E...</msg>
<status status="PASS" starttime="20210930 13:44:36.728" endtime="20210930 13:44:36.728"/>
</kw>
<kw name="Log" library="BuiltIn">
<arg>${row_data}</arg>
<doc>Logs the given message with the given level.</doc>
<msg timestamp="20210930 13:44:36.728" level="INFO">{'Policy': '100242', 'Expiry': datetime.datetime(2021, 1, 2, 0, 0), 'Location': 'Urban', 'State': 'NY', 'Region': 'East', 'InsuredValue': 1617630, 'Construction': 'Frame', 'BusinessType': 'Retail', 'Earthquake': 'N', 'Flood': 'N'}</msg>
<status status="PASS" starttime="20210930 13:44:36.728" endtime="20210930 13:44:36.728"/>
</kw>
<status status="PASS" starttime="20210930 13:44:36.728" endtime="20210930 13:44:36.728"/>
</iter>
<iter>
<var name="${i}">1</var>
<kw name="Get Table Row" library="RPA.Tables">
<var>${row_data}</var>
<arg>${policydata}</arg>
<arg>${i}</arg>
<arg>False</arg>
<doc>Get a single row from a table.</doc>
<msg timestamp="20210930 13:44:36.729" level="INFO">${row_data} = {'Policy': '100314', 'Expiry': datetime.datetime(2021, 1, 2, 0, 0), 'Location': 'Urban', 'State': 'NY', 'Region': 'East', 'InsuredValue': 8678500, 'Construction': 'Fire Resist', 'BusinessType': 'Apart...</msg>
<status status="PASS" starttime="20210930 13:44:36.728" endtime="20210930 13:44:36.729"/>
</kw>
<kw name="Log" library="BuiltIn">
<arg>${row_data}</arg>
<doc>Logs the given message with the given level.</doc>
<msg timestamp="20210930 13:44:36.729" level="INFO">{'Policy': '100314', 'Expiry': datetime.datetime(2021, 1, 2, 0, 0), 'Location': 'Urban', 'State': 'NY', 'Region': 'East', 'InsuredValue': 8678500, 'Construction': 'Fire Resist', 'BusinessType': 'Apartment', 'Earthquake': 'Y', 'Flood': 'Y'}</msg>
<status status="PASS" starttime="20210930 13:44:36.729" endtime="20210930 13:44:36.729"/>
</kw>
<status status="PASS" starttime="20210930 13:44:36.728" endtime="20210930 13:44:36.729"/>
</iter>
<iter>
<var name="${i}">2</var>
<kw name="Get Table Row" library="RPA.Tables">
<var>${row_data}</var>
<arg>${policydata}</arg>
<arg>${i}</arg>
<arg>False</arg>
<doc>Get a single row from a table.</doc>
<msg timestamp="20210930 13:44:36.729" level="INFO">${row_data} = {'Policy': '100359', 'Expiry': datetime.datetime(2021, 1, 2, 0, 0), 'Location': 'Rural', 'State': 'WI', 'Region': 'Midwest', 'InsuredValue': 2052660, 'Construction': 'Frame', 'BusinessType': 'Farming'...</msg>
<status status="PASS" starttime="20210930 13:44:36.729" endtime="20210930 13:44:36.729"/>
</kw>
<kw name="Log" library="BuiltIn">
<arg>${row_data}</arg>
<doc>Logs the given message with the given level.</doc>
<msg timestamp="20210930 13:44:36.729" level="INFO">{'Policy': '100359', 'Expiry': datetime.datetime(2021, 1, 2, 0, 0), 'Location': 'Rural', 'State': 'WI', 'Region': 'Midwest', 'InsuredValue': 2052660, 'Construction': 'Frame', 'BusinessType': 'Farming', 'Earthquake': 'N', 'Flood': 'N'}</msg>
<status status="PASS" starttime="20210930 13:44:36.729" endtime="20210930 13:44:36.729"/>
</kw>
<status status="PASS" starttime="20210930 13:44:36.729" endtime="20210930 13:44:36.729"/>
</iter>
<iter>
<var name="${i}">3</var>
<kw name="Get Table Row" library="RPA.Tables">
<var>${row_data}</var>
<arg>${policydata}</arg>
<arg>${i}</arg>
<arg>False</arg>
<doc>Get a single row from a table.</doc>
<msg timestamp="20210930 13:44:36.730" level="INFO">${row_data} = {'Policy': '100315', 'Expiry': datetime.datetime(2021, 1, 3, 0, 0), 'Location': 'Urban', 'State': 'NY', 'Region': 'East', 'InsuredValue': 17580000, 'Construction': 'Frame', 'BusinessType': 'Apartment'...</msg>
<status status="PASS" starttime="20210930 13:44:36.730" endtime="20210930 13:44:36.730"/>
</kw>
<kw name="Log" library="BuiltIn">
<arg>${row_data}</arg>
<doc>Logs the given message with the given level.</doc>
<msg timestamp="20210930 13:44:36.730" level="INFO">{'Policy': '100315', 'Expiry': datetime.datetime(2021, 1, 3, 0, 0), 'Location': 'Urban', 'State': 'NY', 'Region': 'East', 'InsuredValue': 17580000, 'Construction': 'Frame', 'BusinessType': 'Apartment', 'Earthquake': 'Y', 'Flood': 'Y'}</msg>
<status status="PASS" starttime="20210930 13:44:36.730" endtime="20210930 13:44:36.730"/>
</kw>
<status status="PASS" starttime="20210930 13:44:36.730" endtime="20210930 13:44:36.730"/>
</iter>
<iter>
<var name="${i}">4</var>
<kw name="Get Table Row" library="RPA.Tables">
<var>${row_data}</var>
<arg>${policydata}</arg>
<arg>${i}</arg>
<arg>False</arg>
<doc>Get a single row from a table.</doc>
<msg timestamp="20210930 13:44:36.731" level="INFO">${row_data} = {'Policy': '100385', 'Expiry': datetime.datetime(2021, 1, 3, 0, 0), 'Location': 'Urban', 'State': 'NY', 'Region': 'East', 'InsuredValue': 1925000, 'Construction': 'Masonry', 'BusinessType': 'Hospitali...</msg>
<status status="PASS" starttime="20210930 13:44:36.730" endtime="20210930 13:44:36.731"/>
</kw>
<kw name="Log" library="BuiltIn">
<arg>${row_data}</arg>
<doc>Logs the given message with the given level.</doc>
<msg timestamp="20210930 13:44:36.731" level="INFO">{'Policy': '100385', 'Expiry': datetime.datetime(2021, 1, 3, 0, 0), 'Location': 'Urban', 'State': 'NY', 'Region': 'East', 'InsuredValue': 1925000, 'Construction': 'Masonry', 'BusinessType': 'Hospitality', 'Earthquake': 'N', 'Flood': 'N'}</msg>
<status status="PASS" starttime="20210930 13:44:36.731" endtime="20210930 13:44:36.731"/>
</kw>
<status status="PASS" starttime="20210930 13:44:36.730" endtime="20210930 13:44:36.731"/>
</iter>
<iter>
<var name="${i}">5</var>
<kw name="Get Table Row" library="RPA.Tables">
<var>${row_data}</var>
<arg>${policydata}</arg>
<arg>${i}</arg>
<arg>False</arg>
<doc>Get a single row from a table.</doc>
<msg timestamp="20210930 13:44:36.731" level="INFO">${row_data} = {'Policy': '100388', 'Expiry': datetime.datetime(2021, 1, 4, 0, 0), 'Location': 'Urban', 'State': 'IL', 'Region': 'Midwest', 'InsuredValue': 12934500, 'Construction': 'Frame', 'BusinessType': 'Apartme...</msg>
<status status="PASS" starttime="20210930 13:44:36.731" endtime="20210930 13:44:36.731"/>
</kw>
<kw name="Log" library="BuiltIn">
<arg>${row_data}</arg>
<doc>Logs the given message with the given level.</doc>
<msg timestamp="20210930 13:44:36.731" level="INFO">{'Policy': '100388', 'Expiry': datetime.datetime(2021, 1, 4, 0, 0), 'Location': 'Urban', 'State': 'IL', 'Region': 'Midwest', 'InsuredValue': 12934500, 'Construction': 'Frame', 'BusinessType': 'Apartment', 'Earthquake': 'Y', 'Flood': 'Y'}</msg>
<status status="PASS" starttime="20210930 13:44:36.731" endtime="20210930 13:44:36.731"/>
</kw>
<status status="PASS" starttime="20210930 13:44:36.731" endtime="20210930 13:44:36.731"/>
</iter>
<iter>
<var name="${i}">6</var>
<kw name="Get Table Row" library="RPA.Tables">
<var>${row_data}</var>
<arg>${policydata}</arg>
<arg>${i}</arg>
<arg>False</arg>
<doc>Get a single row from a table.</doc>
<msg timestamp="20210930 13:44:36.732" level="INFO">${row_data} = {'Policy': '100358', 'Expiry': datetime.datetime(2021, 1, 5, 0, 0), 'Location': 'Urban', 'State': 'WI', 'Region': 'Midwest', 'InsuredValue': 928300, 'Construction': 'Masonry', 'BusinessType': 'Office ...</msg>
<status status="PASS" starttime="20210930 13:44:36.732" endtime="20210930 13:44:36.732"/>
</kw>
<kw name="Log" library="BuiltIn">
<arg>${row_data}</arg>
<doc>Logs the given message with the given level.</doc>
<msg timestamp="20210930 13:44:36.732" level="INFO">{'Policy': '100358', 'Expiry': datetime.datetime(2021, 1, 5, 0, 0), 'Location': 'Urban', 'State': 'WI', 'Region': 'Midwest', 'InsuredValue': 928300, 'Construction': 'Masonry', 'BusinessType': 'Office Bldg', 'Earthquake': 'N', 'Flood': 'N'}</msg>
<status status="PASS" starttime="20210930 13:44:36.732" endtime="20210930 13:44:36.732"/>
</kw>
<status status="PASS" starttime="20210930 13:44:36.732" endtime="20210930 13:44:36.732"/>
</iter>
<iter>
<var name="${i}">7</var>
<kw name="Get Table Row" library="RPA.Tables">
<var>${row_data}</var>
<arg>${policydata}</arg>
<arg>${i}</arg>
<arg>False</arg>
<doc>Get a single row from a table.</doc>
<msg timestamp="20210930 13:44:36.732" level="INFO">${row_data} = {'Policy': '100264', 'Expiry': datetime.datetime(2021, 1, 7, 0, 0), 'Location': 'Rural', 'State': 'NY', 'Region': 'East', 'InsuredValue': 2219900, 'Construction': 'Frame', 'BusinessType': 'Farming', '...</msg>
<status status="PASS" starttime="20210930 13:44:36.732" endtime="20210930 13:44:36.732"/>
</kw>
<kw name="Log" library="BuiltIn">
<arg>${row_data}</arg>
<doc>Logs the given message with the given level.</doc>
<msg timestamp="20210930 13:44:36.733" level="INFO">{'Policy': '100264', 'Expiry': datetime.datetime(2021, 1, 7, 0, 0), 'Location': 'Rural', 'State': 'NY', 'Region': 'East', 'InsuredValue': 2219900, 'Construction': 'Frame', 'BusinessType': 'Farming', 'Earthquake': 'N', 'Flood': 'N'}</msg>
<status status="PASS" starttime="20210930 13:44:36.732" endtime="20210930 13:44:36.733"/>
</kw>
<status status="PASS" starttime="20210930 13:44:36.732" endtime="20210930 13:44:36.733"/>
</iter>
<iter>
<var name="${i}">8</var>
<kw name="Get Table Row" library="RPA.Tables">
<var>${row_data}</var>
<arg>${policydata}</arg>
<arg>${i}</arg>
<arg>False</arg>
<doc>Get a single row from a table.</doc>
<msg timestamp="20210930 13:44:36.733" level="INFO">${row_data} = {'Policy': '100265', 'Expiry': datetime.datetime(2021, 1, 7, 0, 0), 'Location': 'Urban', 'State': 'NY', 'Region': 'East', 'InsuredValue': 14100000, 'Construction': 'Frame', 'BusinessType': 'Apartment'...</msg>
<status status="PASS" starttime="20210930 13:44:36.733" endtime="20210930 13:44:36.733"/>
</kw>
<kw name="Log" library="BuiltIn">
<arg>${row_data}</arg>
<doc>Logs the given message with the given level.</doc>
<msg timestamp="20210930 13:44:36.733" level="INFO">{'Policy': '100265', 'Expiry': datetime.datetime(2021, 1, 7, 0, 0), 'Location': 'Urban', 'State': 'NY', 'Region': 'East', 'InsuredValue': 14100000, 'Construction': 'Frame', 'BusinessType': 'Apartment', 'Earthquake': 'Y', 'Flood': 'Y'}</msg>
<status status="PASS" starttime="20210930 13:44:36.733" endtime="20210930 13:44:36.733"/>
</kw>
<status status="PASS" starttime="20210930 13:44:36.733" endtime="20210930 13:44:36.733"/>
</iter>
<iter>
<var name="${i}">9</var>
<kw name="Get Table Row" library="RPA.Tables">
<var>${row_data}</var>
<arg>${policydata}</arg>
<arg>${i}</arg>
<arg>False</arg>
<doc>Get a single row from a table.</doc>
<msg timestamp="20210930 13:44:36.734" level="INFO">${row_data} = {'Policy': '100357', 'Expiry': datetime.datetime(2021, 1, 8, 0, 0), 'Location': 'Urban', 'State': 'NY', 'Region': 'East', 'InsuredValue': 4762808, 'Construction': 'Masonry', 'BusinessType': 'Other', '...</msg>
<status status="PASS" starttime="20210930 13:44:36.733" endtime="20210930 13:44:36.734"/>
</kw>
<kw name="Log" library="BuiltIn">
<arg>${row_data}</arg>
<doc>Logs the given message with the given level.</doc>
<msg timestamp="20210930 13:44:36.734" level="INFO">{'Policy': '100357', 'Expiry': datetime.datetime(2021, 1, 8, 0, 0), 'Location': 'Urban', 'State': 'NY', 'Region': 'East', 'InsuredValue': 4762808, 'Construction': 'Masonry', 'BusinessType': 'Other', 'Earthquake': 'Y', 'Flood': 'Y'}</msg>
<status status="PASS" starttime="20210930 13:44:36.734" endtime="20210930 13:44:36.734"/>
</kw>
<status status="PASS" starttime="20210930 13:44:36.733" endtime="20210930 13:44:36.734"/>
</iter>
<iter>
<var name="${i}">10</var>
<kw name="Get Table Row" library="RPA.Tables">
<var>${row_data}</var>
<arg>${policydata}</arg>
<arg>${i}</arg>
<arg>False</arg>
<doc>Get a single row from a table.</doc>
<msg timestamp="20210930 13:44:36.734" level="INFO">${row_data} = {'Policy': '100399', 'Expiry': datetime.datetime(2021, 1, 8, 0, 0), 'Location': 'Urban', 'State': 'NY', 'Region': 'East', 'InsuredValue': 13925190, 'Construction': 'Frame', 'BusinessType': 'Apartment'...</msg>
<status status="PASS" starttime="20210930 13:44:36.734" endtime="20210930 13:44:36.734"/>
</kw>
<kw name="Log" library="BuiltIn">
<arg>${row_data}</arg>
<doc>Logs the given message with the given level.</doc>
<msg timestamp="20210930 13:44:36.734" level="INFO">{'Policy': '100399', 'Expiry': datetime.datetime(2021, 1, 8, 0, 0), 'Location': 'Urban', 'State': 'NY', 'Region': 'East', 'InsuredValue': 13925190, 'Construction': 'Frame', 'BusinessType': 'Apartment', 'Earthquake': 'Y', 'Flood': 'Y'}</msg>
<status status="PASS" starttime="20210930 13:44:36.734" endtime="20210930 13:44:36.734"/>
</kw>
<status status="PASS" starttime="20210930 13:44:36.734" endtime="20210930 13:44:36.734"/>
</iter>
<iter>
<var name="${i}">11</var>
<kw name="Get Table Row" library="RPA.Tables">
<var>${row_data}</var>
<arg>${policydata}</arg>
<arg>${i}</arg>
<arg>False</arg>
<doc>Get a single row from a table.</doc>
<msg timestamp="20210930 13:44:36.735" level="INFO">${row_data} = {'Policy': '100329', 'Expiry': datetime.datetime(2021, 1, 9, 0, 0), 'Location': 'Urban', 'State': 'NY', 'Region': 'East', 'InsuredValue': 6350000, 'Construction': 'Frame', 'BusinessType': 'Apartment',...</msg>
<status status="PASS" starttime="20210930 13:44:36.735" endtime="20210930 13:44:36.735"/>
</kw>
<kw name="Log" library="BuiltIn">
<arg>${row_data}</arg>
<doc>Logs the given message with the given level.</doc>
<msg timestamp="20210930 13:44:36.735" level="INFO">{'Policy': '100329', 'Expiry': datetime.datetime(2021, 1, 9, 0, 0), 'Location': 'Urban', 'State': 'NY', 'Region': 'East', 'InsuredValue': 6350000, 'Construction': 'Frame', 'BusinessType': 'Apartment', 'Earthquake': 'Y', 'Flood': 'Y'}</msg>
<status status="PASS" starttime="20210930 13:44:36.735" endtime="20210930 13:44:36.735"/>
</kw>
<status status="PASS" starttime="20210930 13:44:36.735" endtime="20210930 13:44:36.735"/>
</iter>
<iter>
<var name="${i}">12</var>
<kw name="Get Table Row" library="RPA.Tables">
<var>${row_data}</var>
<arg>${policydata}</arg>
<arg>${i}</arg>
<arg>False</arg>
<doc>Get a single row from a table.</doc>
<msg timestamp="20210930 13:44:36.735" level="INFO">${row_data} = {'Policy': '100429', 'Expiry': datetime.datetime(2021, 1, 9, 0, 0), 'Location': 'Urban', 'State': 'WI', 'Region': 'Midwest', 'InsuredValue': 4036000, 'Construction': 'Masonry', 'BusinessType': 'Medica...</msg>
<status status="PASS" starttime="20210930 13:44:36.735" endtime="20210930 13:44:36.735"/>
</kw>
<kw name="Log" library="BuiltIn">
<arg>${row_data}</arg>
<doc>Logs the given message with the given level.</doc>
<msg timestamp="20210930 13:44:36.736" level="INFO">{'Policy': '100429', 'Expiry': datetime.datetime(2021, 1, 9, 0, 0), 'Location': 'Urban', 'State': 'WI', 'Region': 'Midwest', 'InsuredValue': 4036000, 'Construction': 'Masonry', 'BusinessType': 'Medical', 'Earthquake': 'Y', 'Flood': 'Y'}</msg>
<status status="PASS" starttime="20210930 13:44:36.736" endtime="20210930 13:44:36.736"/>
</kw>
<status status="PASS" starttime="20210930 13:44:36.735" endtime="20210930 13:44:36.736"/>
</iter>
<iter>
<var name="${i}">13</var>
<kw name="Get Table Row" library="RPA.Tables">
<var>${row_data}</var>
<arg>${policydata}</arg>
<arg>${i}</arg>
<arg>False</arg>
<doc>Get a single row from a table.</doc>
<msg timestamp="20210930 13:44:36.736" level="INFO">${row_data} = {'Policy': '100441', 'Expiry': datetime.datetime(2021, 1, 10, 0, 0), 'Location': 'Urban', 'State': 'NJ', 'Region': 'East', 'InsuredValue': 472800, 'Construction': 'Masonry', 'BusinessType': 'Retail', ...</msg>
<status status="PASS" starttime="20210930 13:44:36.736" endtime="20210930 13:44:36.736"/>
</kw>
<kw name="Log" library="BuiltIn">
<arg>${row_data}</arg>
<doc>Logs the given message with the given level.</doc>
<msg timestamp="20210930 13:44:36.736" level="INFO">{'Policy': '100441', 'Expiry': datetime.datetime(2021, 1, 10, 0, 0), 'Location': 'Urban', 'State': 'NJ', 'Region': 'East', 'InsuredValue': 472800, 'Construction': 'Masonry', 'BusinessType': 'Retail', 'Earthquake': 'Y', 'Flood': 'Y'}</msg>
<status status="PASS" starttime="20210930 13:44:36.736" endtime="20210930 13:44:36.736"/>
</kw>
<status status="PASS" starttime="20210930 13:44:36.736" endtime="20210930 13:44:36.736"/>
</iter>
<iter>
<var name="${i}">14</var>
<kw name="Get Table Row" library="RPA.Tables">
<var>${row_data}</var>
<arg>${policydata}</arg>
<arg>${i}</arg>
<arg>False</arg>
<doc>Get a single row from a table.</doc>
<msg timestamp="20210930 13:44:36.737" level="INFO">${row_data} = {'Policy': '100442', 'Expiry': datetime.datetime(2021, 1, 10, 0, 0), 'Location': 'Urban', 'State': 'WI', 'Region': 'Midwest', 'InsuredValue': 11710880, 'Construction': 'Masonry', 'BusinessType': 'Apar...</msg>
<status status="PASS" starttime="20210930 13:44:36.736" endtime="20210930 13:44:36.737"/>
</kw>
<kw name="Log" library="BuiltIn">
<arg>${row_data}</arg>
<doc>Logs the given message with the given level.</doc>
<msg timestamp="20210930 13:44:36.737" level="INFO">{'Policy': '100442', 'Expiry': datetime.datetime(2021, 1, 10, 0, 0), 'Location': 'Urban', 'State': 'WI', 'Region': 'Midwest', 'InsuredValue': 11710880, 'Construction': 'Masonry', 'BusinessType': 'Apartment', 'Earthquake': 'Y', 'Flood': 'Y'}</msg>
<status status="PASS" starttime="20210930 13:44:36.737" endtime="20210930 13:44:36.737"/>
</kw>
<status status="PASS" starttime="20210930 13:44:36.736" endtime="20210930 13:44:36.737"/>
</iter>
<iter>
<var name="${i}">15</var>
<kw name="Get Table Row" library="RPA.Tables">
<var>${row_data}</var>
<arg>${policydata}</arg>
<arg>${i}</arg>
<arg>False</arg>
<doc>Get a single row from a table.</doc>
<msg timestamp="20210930 13:44:36.737" level="INFO">${row_data} = {'Policy': '100372', 'Expiry': datetime.datetime(2021, 1, 12, 0, 0), 'Location': 'Urban', 'State': 'NY', 'Region': 'East', 'InsuredValue': 1370300, 'Construction': 'Frame', 'BusinessType': 'Apartment'...</msg>
<status status="PASS" starttime="20210930 13:44:36.737" endtime="20210930 13:44:36.737"/>
</kw>
<kw name="Log" library="BuiltIn">
<arg>${row_data}</arg>
<doc>Logs the given message with the given level.</doc>
<msg timestamp="20210930 13:44:36.737" level="INFO">{'Policy': '100372', 'Expiry': datetime.datetime(2021, 1, 12, 0, 0), 'Location': 'Urban', 'State': 'NY', 'Region': 'East', 'InsuredValue': 1370300, 'Construction': 'Frame', 'BusinessType': 'Apartment', 'Earthquake': 'Y', 'Flood': 'Y'}</msg>
<status status="PASS" starttime="20210930 13:44:36.737" endtime="20210930 13:44:36.737"/>
</kw>
<status status="PASS" starttime="20210930 13:44:36.737" endtime="20210930 13:44:36.737"/>
</iter>
<iter>
<var name="${i}">16</var>
<kw name="Get Table Row" library="RPA.Tables">
<var>${row_data}</var>
<arg>${policydata}</arg>
<arg>${i}</arg>
<arg>False</arg>
<doc>Get a single row from a table.</doc>
<msg timestamp="20210930 13:44:36.738" level="INFO">${row_data} = {'Policy': '100281', 'Expiry': datetime.datetime(2021, 1, 13, 0, 0), 'Location': 'Rural', 'State': 'WI', 'Region': 'Midwest', 'InsuredValue': 1432835, 'Construction': 'Frame', 'BusinessType': 'Farming...</msg>
<status status="PASS" starttime="20210930 13:44:36.738" endtime="20210930 13:44:36.738"/>
</kw>
<kw name="Log" library="BuiltIn">
<arg>${row_data}</arg>
<doc>Logs the given message with the given level.</doc>
<msg timestamp="20210930 13:44:36.738" level="INFO">{'Policy': '100281', 'Expiry': datetime.datetime(2021, 1, 13, 0, 0), 'Location': 'Rural', 'State': 'WI', 'Region': 'Midwest', 'InsuredValue': 1432835, 'Construction': 'Frame', 'BusinessType': 'Farming', 'Earthquake': 'N', 'Flood': 'N'}</msg>
<status status="PASS" starttime="20210930 13:44:36.738" endtime="20210930 13:44:36.738"/>
</kw>
<status status="PASS" starttime="20210930 13:44:36.738" endtime="20210930 13:44:36.738"/>
</iter>
<iter>
<var name="${i}">17</var>
<kw name="Get Table Row" library="RPA.Tables">
<var>${row_data}</var>
<arg>${policydata}</arg>
<arg>${i}</arg>
<arg>False</arg>
<doc>Get a single row from a table.</doc>
<msg timestamp="20210930 13:44:36.739" level="INFO">${row_data} = {'Policy': '100280', 'Expiry': datetime.datetime(2021, 1, 15, 0, 0), 'Location': 'Urban', 'State': 'NY', 'Region': 'East', 'InsuredValue': 82000, 'Construction': 'Masonry', 'BusinessType': 'Organizati...</msg>
<status status="PASS" starttime="20210930 13:44:36.738" endtime="20210930 13:44:36.739"/>
</kw>
<kw name="Log" library="BuiltIn">
<arg>${row_data}</arg>
<doc>Logs the given message with the given level.</doc>
<msg timestamp="20210930 13:44:36.739" level="INFO">{'Policy': '100280', 'Expiry': datetime.datetime(2021, 1, 15, 0, 0), 'Location': 'Urban', 'State': 'NY', 'Region': 'East', 'InsuredValue': 82000, 'Construction': 'Masonry', 'BusinessType': 'Organization', 'Earthquake': 'Y', 'Flood': 'Y'}</msg>
<status status="PASS" starttime="20210930 13:44:36.739" endtime="20210930 13:44:36.739"/>
</kw>
<status status="PASS" starttime="20210930 13:44:36.738" endtime="20210930 13:44:36.739"/>
</iter>
<iter>
<var name="${i}">18</var>
<kw name="Get Table Row" library="RPA.Tables">
<var>${row_data}</var>
<arg>${policydata}</arg>
<arg>${i}</arg>
<arg>False</arg>
<doc>Get a single row from a table.</doc>
<msg timestamp="20210930 13:44:36.739" level="INFO">${row_data} = {'Policy': '100424', 'Expiry': datetime.datetime(2021, 1, 16, 0, 0), 'Location': 'Urban', 'State': 'NY', 'Region': 'East', 'InsuredValue': 192000, 'Construction': 'Masonry', 'BusinessType': 'Retail', ...</msg>
<status status="PASS" starttime="20210930 13:44:36.739" endtime="20210930 13:44:36.739"/>
</kw>
<kw name="Log" library="BuiltIn">
<arg>${row_data}</arg>
<doc>Logs the given message with the given level.</doc>
<msg timestamp="20210930 13:44:36.739" level="INFO">{'Policy': '100424', 'Expiry': datetime.datetime(2021, 1, 16, 0, 0), 'Location': 'Urban', 'State': 'NY', 'Region': 'East', 'InsuredValue': 192000, 'Construction': 'Masonry', 'BusinessType': 'Retail', 'Earthquake': 'N', 'Flood': 'N'}</msg>
<status status="PASS" starttime="20210930 13:44:36.739" endtime="20210930 13:44:36.739"/>
</kw>
<status status="PASS" starttime="20210930 13:44:36.739" endtime="20210930 13:44:36.739"/>
</iter>
<iter>
<var name="${i}">19</var>
<kw name="Get Table Row" library="RPA.Tables">
<var>${row_data}</var>
<arg>${policydata}</arg>
<arg>${i}</arg>
<arg>False</arg>
<doc>Get a single row from a table.</doc>
<msg timestamp="20210930 13:44:36.740" level="INFO">${row_data} = {'Policy': '100425', 'Expiry': datetime.datetime(2021, 1, 16, 0, 0), 'Location': 'Urban', 'State': 'NY', 'Region': 'East', 'InsuredValue': 4950000, 'Construction': 'Frame', 'BusinessType': 'Office Bld...</msg>
<status status="PASS" starttime="20210930 13:44:36.740" endtime="20210930 13:44:36.740"/>
</kw>
<kw name="Log" library="BuiltIn">
<arg>${row_data}</arg>
<doc>Logs the given message with the given level.</doc>
<msg timestamp="20210930 13:44:36.740" level="INFO">{'Policy': '100425', 'Expiry': datetime.datetime(2021, 1, 16, 0, 0), 'Location': 'Urban', 'State': 'NY', 'Region': 'East', 'InsuredValue': 4950000, 'Construction': 'Frame', 'BusinessType': 'Office Bldg', 'Earthquake': 'Y', 'Flood': 'Y'}</msg>
<status status="PASS" starttime="20210930 13:44:36.740" endtime="20210930 13:44:36.740"/>
</kw>
<status status="PASS" starttime="20210930 13:44:36.739" endtime="20210930 13:44:36.740"/>
</iter>
<iter>
<var name="${i}">20</var>
<kw name="Get Table Row" library="RPA.Tables">
<var>${row_data}</var>
<arg>${policydata}</arg>
<arg>${i}</arg>
<arg>False</arg>
<doc>Get a single row from a table.</doc>
<msg timestamp="20210930 13:44:36.740" level="INFO">${row_data} = {'Policy': '100426', 'Expiry': datetime.datetime(2021, 1, 16, 0, 0), 'Location': 'Urban', 'State': 'VT', 'Region': 'Northeast', 'InsuredValue': 2432875, 'Construction': 'Fire Resist', 'BusinessType': ...</msg>
<status status="PASS" starttime="20210930 13:44:36.740" endtime="20210930 13:44:36.740"/>
</kw>
<kw name="Log" library="BuiltIn">
<arg>${row_data}</arg>
<doc>Logs the given message with the given level.</doc>
<msg timestamp="20210930 13:44:36.741" level="INFO">{'Policy': '100426', 'Expiry': datetime.datetime(2021, 1, 16, 0, 0), 'Location': 'Urban', 'State': 'VT', 'Region': 'Northeast', 'InsuredValue': 2432875, 'Construction': 'Fire Resist', 'BusinessType': 'Apartment', 'Earthquake': 'N', 'Flood': 'N'}</msg>
<status status="PASS" starttime="20210930 13:44:36.740" endtime="20210930 13:44:36.741"/>
</kw>
<status status="PASS" starttime="20210930 13:44:36.740" endtime="20210930 13:44:36.741"/>
</iter>
<iter>
<var name="${i}">21</var>
<kw name="Get Table Row" library="RPA.Tables">
<var>${row_data}</var>
<arg>${policydata}</arg>
<arg>${i}</arg>
<arg>False</arg>
<doc>Get a single row from a table.</doc>
<msg timestamp="20210930 13:44:36.741" level="INFO">${row_data} = {'Policy': '100252', 'Expiry': datetime.datetime(2021, 1, 17, 0, 0), 'Location': 'Urban', 'State': 'OH', 'Region': 'Central', 'InsuredValue': 1529600, 'Construction': 'Masonry', 'BusinessType': 'Apart...</msg>
<status status="PASS" starttime="20210930 13:44:36.741" endtime="20210930 13:44:36.741"/>
</kw>
<kw name="Log" library="BuiltIn">
<arg>${row_data}</arg>
<doc>Logs the given message with the given level.</doc>
<msg timestamp="20210930 13:44:36.741" level="INFO">{'Policy': '100252', 'Expiry': datetime.datetime(2021, 1, 17, 0, 0), 'Location': 'Urban', 'State': 'OH', 'Region': 'Central', 'InsuredValue': 1529600, 'Construction': 'Masonry', 'BusinessType': 'Apartment', 'Earthquake': 'N', 'Flood': 'N'}</msg>
<status status="PASS" starttime="20210930 13:44:36.741" endtime="20210930 13:44:36.741"/>
</kw>
<status status="PASS" starttime="20210930 13:44:36.741" endtime="20210930 13:44:36.741"/>
</iter>
<iter>
<var name="${i}">22</var>
<kw name="Get Table Row" library="RPA.Tables">
<var>${row_data}</var>
<arg>${policydata}</arg>
<arg>${i}</arg>
<arg>False</arg>
<doc>Get a single row from a table.</doc>
<msg timestamp="20210930 13:44:36.741" level="INFO">${row_data} = {'Policy': '100279', 'Expiry': datetime.datetime(2021, 1, 18, 0, 0), 'Location': 'Urban', 'State': 'NY', 'Region': 'East', 'InsuredValue': 7677000, 'Construction': 'Frame', 'BusinessType': 'Apartment'...</msg>
<status status="PASS" starttime="20210930 13:44:36.741" endtime="20210930 13:44:36.741"/>
</kw>
<kw name="Log" library="BuiltIn">
<arg>${row_data}</arg>
<doc>Logs the given message with the given level.</doc>
<msg timestamp="20210930 13:44:36.742" level="INFO">{'Policy': '100279', 'Expiry': datetime.datetime(2021, 1, 18, 0, 0), 'Location': 'Urban', 'State': 'NY', 'Region': 'East', 'InsuredValue': 7677000, 'Construction': 'Frame', 'BusinessType': 'Apartment', 'Earthquake': 'Y', 'Flood': 'Y'}</msg>
<status status="PASS" starttime="20210930 13:44:36.742" endtime="20210930 13:44:36.742"/>
</kw>
<status status="PASS" starttime="20210930 13:44:36.741" endtime="20210930 13:44:36.742"/>
</iter>
<iter>
<var name="${i}">23</var>
<kw name="Get Table Row" library="RPA.Tables">
<var>${row_data}</var>
<arg>${policydata}</arg>
<arg>${i}</arg>
<arg>False</arg>
<doc>Get a single row from a table.</doc>
<msg timestamp="20210930 13:44:36.742" level="INFO">${row_data} = {'Policy': '100292', 'Expiry': datetime.datetime(2021, 1, 18, 0, 0), 'Location': 'Urban', 'State': 'NY', 'Region': 'East', 'InsuredValue': 13750000, 'Construction': 'Frame', 'BusinessType': 'Apartment...</msg>
<status status="PASS" starttime="20210930 13:44:36.742" endtime="20210930 13:44:36.742"/>
</kw>
<kw name="Log" library="BuiltIn">
<arg>${row_data}</arg>
<doc>Logs the given message with the given level.</doc>
<msg timestamp="20210930 13:44:36.742" level="INFO">{'Policy': '100292', 'Expiry': datetime.datetime(2021, 1, 18, 0, 0), 'Location': 'Urban', 'State': 'NY', 'Region': 'East', 'InsuredValue': 13750000, 'Construction': 'Frame', 'BusinessType': 'Apartment', 'Earthquake': 'Y', 'Flood': 'Y'}</msg>
<status status="PASS" starttime="20210930 13:44:36.742" endtime="20210930 13:44:36.742"/>
</kw>
<status status="PASS" starttime="20210930 13:44:36.742" endtime="20210930 13:44:36.742"/>
</iter>
<iter>
<var name="${i}">24</var>
<kw name="Get Table Row" library="RPA.Tables">
<var>${row_data}</var>
<arg>${policydata}</arg>
<arg>${i}</arg>
<arg>False</arg>
<doc>Get a single row from a table.</doc>
<msg timestamp="20210930 13:44:36.743" level="INFO">${row_data} = {'Policy': '100398', 'Expiry': datetime.datetime(2021, 1, 18, 0, 0), 'Location': 'Rural', 'State': 'NY', 'Region': 'East', 'InsuredValue': 2529400, 'Construction': 'Frame', 'BusinessType': 'Farming', ...</msg>
<status status="PASS" starttime="20210930 13:44:36.742" endtime="20210930 13:44:36.743"/>
</kw>
<kw name="Log" library="BuiltIn">
<arg>${row_data}</arg>
<doc>Logs the given message with the given level.</doc>
<msg timestamp="20210930 13:44:36.743" level="INFO">{'Policy': '100398', 'Expiry': datetime.datetime(2021, 1, 18, 0, 0), 'Location': 'Rural', 'State': 'NY', 'Region': 'East', 'InsuredValue': 2529400, 'Construction': 'Frame', 'BusinessType': 'Farming', 'Earthquake': 'N', 'Flood': 'N'}</msg>
<status status="PASS" starttime="20210930 13:44:36.743" endtime="20210930 13:44:36.743"/>
</kw>
<status status="PASS" starttime="20210930 13:44:36.742" endtime="20210930 13:44:36.743"/>
</iter>
<iter>
<var name="${i}">25</var>
<kw name="Get Table Row" library="RPA.Tables">
<var>${row_data}</var>
<arg>${policydata}</arg>
<arg>${i}</arg>
<arg>False</arg>
<doc>Get a single row from a table.</doc>
<msg timestamp="20210930 13:44:36.743" level="INFO">${row_data} = {'Policy': '100382', 'Expiry': datetime.datetime(2021, 1, 19, 0, 0), 'Location': 'Urban', 'State': 'NJ', 'Region': 'East', 'InsuredValue': 2328650, 'Construction': 'Frame', 'BusinessType': 'Organizati...</msg>
<status status="PASS" starttime="20210930 13:44:36.743" endtime="20210930 13:44:36.743"/>
</kw>
<kw name="Log" library="BuiltIn">
<arg>${row_data}</arg>
<doc>Logs the given message with the given level.</doc>
<msg timestamp="20210930 13:44:36.744" level="INFO">{'Policy': '100382', 'Expiry': datetime.datetime(2021, 1, 19, 0, 0), 'Location': 'Urban', 'State': 'NJ', 'Region': 'East', 'InsuredValue': 2328650, 'Construction': 'Frame', 'BusinessType': 'Organization', 'Earthquake': 'N', 'Flood': 'N'}</msg>
<status status="PASS" starttime="20210930 13:44:36.743" endtime="20210930 13:44:36.744"/>
</kw>
<status status="PASS" starttime="20210930 13:44:36.743" endtime="20210930 13:44:36.744"/>
</iter>
<iter>
<var name="${i}">26</var>
<kw name="Get Table Row" library="RPA.Tables">
<var>${row_data}</var>
<arg>${policydata}</arg>
<arg>${i}</arg>
<arg>False</arg>
<doc>Get a single row from a table.</doc>
<msg timestamp="20210930 13:44:36.744" level="INFO">${row_data} = {'Policy': '100461', 'Expiry': datetime.datetime(2021, 1, 20, 0, 0), 'Location': 'Urban', 'State': 'WI', 'Region': 'Midwest', 'InsuredValue': 4380200, 'Construction': 'Masonry', 'BusinessType': 'Offic...</msg>
<status status="PASS" starttime="20210930 13:44:36.744" endtime="20210930 13:44:36.744"/>
</kw>
<kw name="Log" library="BuiltIn">
<arg>${row_data}</arg>
<doc>Logs the given message with the given level.</doc>
<msg timestamp="20210930 13:44:36.744" level="INFO">{'Policy': '100461', 'Expiry': datetime.datetime(2021, 1, 20, 0, 0), 'Location': 'Urban', 'State': 'WI', 'Region': 'Midwest', 'InsuredValue': 4380200, 'Construction': 'Masonry', 'BusinessType': 'Office Bldg', 'Earthquake': 'Y', 'Flood': 'Y'}</msg>
<status status="PASS" starttime="20210930 13:44:36.744" endtime="20210930 13:44:36.744"/>
</kw>
<status status="PASS" starttime="20210930 13:44:36.744" endtime="20210930 13:44:36.744"/>
</iter>
<iter>
<var name="${i}">27</var>
<kw name="Get Table Row" library="RPA.Tables">
<var>${row_data}</var>
<arg>${policydata}</arg>
<arg>${i}</arg>
<arg>False</arg>
<doc>Get a single row from a table.</doc>
<msg timestamp="20210930 13:44:36.745" level="INFO">${row_data} = {'Policy': '100263', 'Expiry': datetime.datetime(2021, 1, 22, 0, 0), 'Location': 'Urban', 'State': 'NJ', 'Region': 'East', 'InsuredValue': 2815000, 'Construction': 'Metal Clad', 'BusinessType': 'Apart...</msg>
<status status="PASS" starttime="20210930 13:44:36.744" endtime="20210930 13:44:36.745"/>
</kw>
<kw name="Log" library="BuiltIn">
<arg>${row_data}</arg>
<doc>Logs the given message with the given level.</doc>
<msg timestamp="20210930 13:44:36.745" level="INFO">{'Policy': '100263', 'Expiry': datetime.datetime(2021, 1, 22, 0, 0), 'Location': 'Urban', 'State': 'NJ', 'Region': 'East', 'InsuredValue': 2815000, 'Construction': 'Metal Clad', 'BusinessType': 'Apartment', 'Earthquake': 'Y', 'Flood': 'Y'}</msg>
<status status="PASS" starttime="20210930 13:44:36.745" endtime="20210930 13:44:36.745"/>
</kw>
<status status="PASS" starttime="20210930 13:44:36.744" endtime="20210930 13:44:36.745"/>
</iter>
<iter>
<var name="${i}">28</var>
<kw name="Get Table Row" library="RPA.Tables">
<var>${row_data}</var>
<arg>${policydata}</arg>
<arg>${i}</arg>
<arg>False</arg>
<doc>Get a single row from a table.</doc>
<msg timestamp="20210930 13:44:36.745" level="INFO">${row_data} = {'Policy': '100453', 'Expiry': datetime.datetime(2021, 1, 22, 0, 0), 'Location': 'Urban', 'State': 'NY', 'Region': 'East', 'InsuredValue': 1177700, 'Construction': 'Frame', 'BusinessType': 'Hospitalit...</msg>
<status status="PASS" starttime="20210930 13:44:36.745" endtime="20210930 13:44:36.745"/>
</kw>
<kw name="Log" library="BuiltIn">
<arg>${row_data}</arg>
<doc>Logs the given message with the given level.</doc>
<msg timestamp="20210930 13:44:36.745" level="INFO">{'Policy': '100453', 'Expiry': datetime.datetime(2021, 1, 22, 0, 0), 'Location': 'Urban', 'State': 'NY', 'Region': 'East', 'InsuredValue': 1177700, 'Construction': 'Frame', 'BusinessType': 'Hospitality', 'Earthquake': 'N', 'Flood': 'N'}</msg>
<status status="PASS" starttime="20210930 13:44:36.745" endtime="20210930 13:44:36.745"/>
</kw>
<status status="PASS" starttime="20210930 13:44:36.745" endtime="20210930 13:44:36.745"/>
</iter>
<iter>
<var name="${i}">29</var>
<kw name="Get Table Row" library="RPA.Tables">
<var>${row_data}</var>
<arg>${policydata}</arg>
<arg>${i}</arg>
<arg>False</arg>
<doc>Get a single row from a table.</doc>
<msg timestamp="20210930 13:44:36.746" level="INFO">${row_data} = {'Policy': '100381', 'Expiry': datetime.datetime(2021, 1, 23, 0, 0), 'Location': 'Urban', 'State': 'VT', 'Region': 'Northeast', 'InsuredValue': 7203500, 'Construction': 'Frame', 'BusinessType': 'Offic...</msg>
<status status="PASS" starttime="20210930 13:44:36.746" endtime="20210930 13:44:36.746"/>
</kw>
<kw name="Log" library="BuiltIn">
<arg>${row_data}</arg>
<doc>Logs the given message with the given level.</doc>
<msg timestamp="20210930 13:44:36.746" level="INFO">{'Policy': '100381', 'Expiry': datetime.datetime(2021, 1, 23, 0, 0), 'Location': 'Urban', 'State': 'VT', 'Region': 'Northeast', 'InsuredValue': 7203500, 'Construction': 'Frame', 'BusinessType': 'Office Bldg', 'Earthquake': 'Y', 'Flood': 'Y'}</msg>
<status status="PASS" starttime="20210930 13:44:36.746" endtime="20210930 13:44:36.746"/>
</kw>
<status status="PASS" starttime="20210930 13:44:36.745" endtime="20210930 13:44:36.746"/>
</iter>
<iter>
<var name="${i}">30</var>
<kw name="Get Table Row" library="RPA.Tables">
<var>${row_data}</var>
<arg>${policydata}</arg>
<arg>${i}</arg>
<arg>False</arg>
<doc>Get a single row from a table.</doc>
<msg timestamp="20210930 13:44:36.746" level="INFO">${row_data} = {'Policy': '100275', 'Expiry': datetime.datetime(2021, 1, 25, 0, 0), 'Location': 'Urban', 'State': 'WI', 'Region': 'Midwest', 'InsuredValue': 53410614, 'Construction': 'Frame', 'BusinessType': 'Constr...</msg>
<status status="PASS" starttime="20210930 13:44:36.746" endtime="20210930 13:44:36.746"/>
</kw>
<kw name="Log" library="BuiltIn">
<arg>${row_data}</arg>
<doc>Logs the given message with the given level.</doc>
<msg timestamp="20210930 13:44:36.746" level="INFO">{'Policy': '100275', 'Expiry': datetime.datetime(2021, 1, 25, 0, 0), 'Location': 'Urban', 'State': 'WI', 'Region': 'Midwest', 'InsuredValue': 53410614, 'Construction': 'Frame', 'BusinessType': 'Construction', 'Earthquake': 'Y', 'Flood': 'Y'}</msg>
<status status="PASS" starttime="20210930 13:44:36.746" endtime="20210930 13:44:36.747"/>
</kw>
<status status="PASS" starttime="20210930 13:44:36.746" endtime="20210930 13:44:36.747"/>
</iter>
<iter>
<var name="${i}">31</var>
<kw name="Get Table Row" library="RPA.Tables">
<var>${row_data}</var>
<arg>${policydata}</arg>
<arg>${i}</arg>
<arg>False</arg>
<doc>Get a single row from a table.</doc>
<msg timestamp="20210930 13:44:36.747" level="INFO">${row_data} = {'Policy': '100277', 'Expiry': datetime.datetime(2021, 1, 25, 0, 0), 'Location': 'Urban', 'State': 'NJ', 'Region': 'East', 'InsuredValue': 3189300, 'Construction': 'Masonry', 'BusinessType': 'Service'...</msg>
<status status="PASS" starttime="20210930 13:44:36.747" endtime="20210930 13:44:36.747"/>
</kw>
<kw name="Log" library="BuiltIn">
<arg>${row_data}</arg>
<doc>Logs the given message with the given level.</doc>
<msg timestamp="20210930 13:44:36.747" level="INFO">{'Policy': '100277', 'Expiry': datetime.datetime(2021, 1, 25, 0, 0), 'Location': 'Urban', 'State': 'NJ', 'Region': 'East', 'InsuredValue': 3189300, 'Construction': 'Masonry', 'BusinessType': 'Service', 'Earthquake': 'Y', 'Flood': 'Y'}</msg>
<status status="PASS" starttime="20210930 13:44:36.747" endtime="20210930 13:44:36.747"/>
</kw>
<status status="PASS" starttime="20210930 13:44:36.747" endtime="20210930 13:44:36.747"/>
</iter>
<iter>
<var name="${i}">32</var>
<kw name="Get Table Row" library="RPA.Tables">
<var>${row_data}</var>
<arg>${policydata}</arg>
<arg>${i}</arg>
<arg>False</arg>
<doc>Get a single row from a table.</doc>
<msg timestamp="20210930 13:44:36.748" level="INFO">${row_data} = {'Policy': '100312', 'Expiry': datetime.datetime(2021, 1, 25, 0, 0), 'Location': 'Rural', 'State': 'IL', 'Region': 'Midwest', 'InsuredValue': 3145700, 'Construction': 'Frame', 'BusinessType': 'Educati...</msg>
<status status="PASS" starttime="20210930 13:44:36.747" endtime="20210930 13:44:36.748"/>
</kw>
<kw name="Log" library="BuiltIn">
<arg>${row_data}</arg>
<doc>Logs the given message with the given level.</doc>
<msg timestamp="20210930 13:44:36.748" level="INFO">{'Policy': '100312', 'Expiry': datetime.datetime(2021, 1, 25, 0, 0), 'Location': 'Rural', 'State': 'IL', 'Region': 'Midwest', 'InsuredValue': 3145700, 'Construction': 'Frame', 'BusinessType': 'Education', 'Earthquake': 'N', 'Flood': 'N'}</msg>
<status status="PASS" starttime="20210930 13:44:36.748" endtime="20210930 13:44:36.748"/>
</kw>
<status status="PASS" starttime="20210930 13:44:36.747" endtime="20210930 13:44:36.748"/>
</iter>
<iter>
<var name="${i}">33</var>
<kw name="Get Table Row" library="RPA.Tables">
<var>${row_data}</var>
<arg>${policydata}</arg>
<arg>${i}</arg>
<arg>False</arg>
<doc>Get a single row from a table.</doc>
<msg timestamp="20210930 13:44:36.748" level="INFO">${row_data} = {'Policy': '100327', 'Expiry': datetime.datetime(2021, 1, 25, 0, 0), 'Location': 'Urban', 'State': 'WI', 'Region': 'Midwest', 'InsuredValue': 1451100, 'Construction': 'Frame', 'BusinessType': 'Recreat...</msg>
<status status="PASS" starttime="20210930 13:44:36.748" endtime="20210930 13:44:36.748"/>
</kw>
<kw name="Log" library="BuiltIn">
<arg>${row_data}</arg>
<doc>Logs the given message with the given level.</doc>
<msg timestamp="20210930 13:44:36.748" level="INFO">{'Policy': '100327', 'Expiry': datetime.datetime(2021, 1, 25, 0, 0), 'Location': 'Urban', 'State': 'WI', 'Region': 'Midwest', 'InsuredValue': 1451100, 'Construction': 'Frame', 'BusinessType': 'Recreation', 'Earthquake': 'N', 'Flood': 'N'}</msg>
<status status="PASS" starttime="20210930 13:44:36.748" endtime="20210930 13:44:36.748"/>
</kw>
<status status="PASS" starttime="20210930 13:44:36.748" endtime="20210930 13:44:36.748"/>
</iter>
<iter>
<var name="${i}">34</var>
<kw name="Get Table Row" library="RPA.Tables">
<var>${row_data}</var>
<arg>${policydata}</arg>
<arg>${i}</arg>
<arg>False</arg>
<doc>Get a single row from a table.</doc>
<msg timestamp="20210930 13:44:36.749" level="INFO">${row_data} = {'Policy': '100326', 'Expiry': datetime.datetime(2021, 1, 26, 0, 0), 'Location': 'Urban', 'State': 'OH', 'Region': 'Central', 'InsuredValue': 1787900, 'Construction': 'Frame', 'BusinessType': 'Office ...</msg>
<status status="PASS" starttime="20210930 13:44:36.748" endtime="20210930 13:44:36.749"/>
</kw>
<kw name="Log" library="BuiltIn">
<arg>${row_data}</arg>
<doc>Logs the given message with the given level.</doc>
<msg timestamp="20210930 13:44:36.749" level="INFO">{'Policy': '100326', 'Expiry': datetime.datetime(2021, 1, 26, 0, 0), 'Location': 'Urban', 'State': 'OH', 'Region': 'Central', 'InsuredValue': 1787900, 'Construction': 'Frame', 'BusinessType': 'Office Bldg', 'Earthquake': 'N', 'Flood': 'N'}</msg>
<status status="PASS" starttime="20210930 13:44:36.749" endtime="20210930 13:44:36.749"/>
</kw>
<status status="PASS" starttime="20210930 13:44:36.748" endtime="20210930 13:44:36.749"/>
</iter>
<iter>
<var name="${i}">35</var>
<kw name="Get Table Row" library="RPA.Tables">
<var>${row_data}</var>
<arg>${policydata}</arg>
<arg>${i}</arg>
<arg>False</arg>
<doc>Get a single row from a table.</doc>
<msg timestamp="20210930 13:44:36.749" level="INFO">${row_data} = {'Policy': '100379', 'Expiry': datetime.datetime(2021, 1, 26, 0, 0), 'Location': 'Urban', 'State': 'NY', 'Region': 'East', 'InsuredValue': 18777355, 'Construction': 'Frame', 'BusinessType': 'Apartment...</msg>
<status status="PASS" starttime="20210930 13:44:36.749" endtime="20210930 13:44:36.749"/>
</kw>
<kw name="Log" library="BuiltIn">
<arg>${row_data}</arg>
<doc>Logs the given message with the given level.</doc>
<msg timestamp="20210930 13:44:36.749" level="INFO">{'Policy': '100379', 'Expiry': datetime.datetime(2021, 1, 26, 0, 0), 'Location': 'Urban', 'State': 'NY', 'Region': 'East', 'InsuredValue': 18777355, 'Construction': 'Frame', 'BusinessType': 'Apartment', 'Earthquake': 'Y', 'Flood': 'Y'}</msg>
<status status="PASS" starttime="20210930 13:44:36.749" endtime="20210930 13:44:36.749"/>
</kw>
<status status="PASS" starttime="20210930 13:44:36.749" endtime="20210930 13:44:36.749"/>
</iter>
<iter>
<var name="${i}">36</var>
<kw name="Get Table Row" library="RPA.Tables">
<var>${row_data}</var>
<arg>${policydata}</arg>
<arg>${i}</arg>
<arg>False</arg>
<doc>Get a single row from a table.</doc>
<msg timestamp="20210930 13:44:36.750" level="INFO">${row_data} = {'Policy': '100310', 'Expiry': datetime.datetime(2021, 1, 28, 0, 0), 'Location': 'Urban', 'State': 'WI', 'Region': 'Midwest', 'InsuredValue': 8800000, 'Construction': 'Fire Resist', 'BusinessType': 'O...</msg>
<status status="PASS" starttime="20210930 13:44:36.750" endtime="20210930 13:44:36.750"/>
</kw>
<kw name="Log" library="BuiltIn">
<arg>${row_data}</arg>
<doc>Logs the given message with the given level.</doc>
<msg timestamp="20210930 13:44:36.750" level="INFO">{'Policy': '100310', 'Expiry': datetime.datetime(2021, 1, 28, 0, 0), 'Location': 'Urban', 'State': 'WI', 'Region': 'Midwest', 'InsuredValue': 8800000, 'Construction': 'Fire Resist', 'BusinessType': 'Office Bldg', 'Earthquake': 'Y', 'Flood': 'Y'}</msg>
<status status="PASS" starttime="20210930 13:44:36.750" endtime="20210930 13:44:36.750"/>
</kw>
<status status="PASS" starttime="20210930 13:44:36.749" endtime="20210930 13:44:36.750"/>
</iter>
<iter>
<var name="${i}">37</var>
<kw name="Get Table Row" library="RPA.Tables">
<var>${row_data}</var>
<arg>${policydata}</arg>
<arg>${i}</arg>
<arg>False</arg>
<doc>Get a single row from a table.</doc>
<msg timestamp="20210930 13:44:36.750" level="INFO">${row_data} = {'Policy': '100341', 'Expiry': datetime.datetime(2021, 1, 28, 0, 0), 'Location': 'Urban', 'State': 'NY', 'Region': 'East', 'InsuredValue': 1123000, 'Construction': 'Frame', 'BusinessType': 'Office Bld...</msg>
<status status="PASS" starttime="20210930 13:44:36.750" endtime="20210930 13:44:36.750"/>
</kw>
<kw name="Log" library="BuiltIn">
<arg>${row_data}</arg>
<doc>Logs the given message with the given level.</doc>
<msg timestamp="20210930 13:44:36.751" level="INFO">{'Policy': '100341', 'Expiry': datetime.datetime(2021, 1, 28, 0, 0), 'Location': 'Urban', 'State': 'NY', 'Region': 'East', 'InsuredValue': 1123000, 'Construction': 'Frame', 'BusinessType': 'Office Bldg', 'Earthquake': 'Y', 'Flood': 'Y'}</msg>
<status status="PASS" starttime="20210930 13:44:36.750" endtime="20210930 13:44:36.751"/>
</kw>
<status status="PASS" starttime="20210930 13:44:36.750" endtime="20210930 13:44:36.751"/>
</iter>
<iter>
<var name="${i}">38</var>
<kw name="Get Table Row" library="RPA.Tables">
<var>${row_data}</var>
<arg>${policydata}</arg>
<arg>${i}</arg>
<arg>False</arg>
<doc>Get a single row from a table.</doc>
<msg timestamp="20210930 13:44:36.751" level="INFO">${row_data} = {'Policy': '100289', 'Expiry': datetime.datetime(2021, 1, 29, 0, 0), 'Location': 'Rural', 'State': 'NY', 'Region': 'East', 'InsuredValue': 2145420, 'Construction': 'Frame', 'BusinessType': 'Farming', ...</msg>
<status status="PASS" starttime="20210930 13:44:36.751" endtime="20210930 13:44:36.751"/>
</kw>
<kw name="Log" library="BuiltIn">
<arg>${row_data}</arg>
<doc>Logs the given message with the given level.</doc>
<msg timestamp="20210930 13:44:36.751" level="INFO">{'Policy': '100289', 'Expiry': datetime.datetime(2021, 1, 29, 0, 0), 'Location': 'Rural', 'State': 'NY', 'Region': 'East', 'InsuredValue': 2145420, 'Construction': 'Frame', 'BusinessType': 'Farming', 'Earthquake': 'N', 'Flood': 'N'}</msg>
<status status="PASS" starttime="20210930 13:44:36.751" endtime="20210930 13:44:36.751"/>
</kw>
<status status="PASS" starttime="20210930 13:44:36.751" endtime="20210930 13:44:36.751"/>
</iter>
<iter>
<var name="${i}">39</var>
<kw name="Get Table Row" library="RPA.Tables">
<var>${row_data}</var>
<arg>${policydata}</arg>
<arg>${i}</arg>
<arg>False</arg>
<doc>Get a single row from a table.</doc>
<msg timestamp="20210930 13:44:36.752" level="INFO">${row_data} = {'Policy': '100290', 'Expiry': datetime.datetime(2021, 1, 29, 0, 0), 'Location': 'Urban', 'State': 'NY', 'Region': 'East', 'InsuredValue': 18933000, 'Construction': 'Frame', 'BusinessType': 'Office Bl...</msg>
<status status="PASS" starttime="20210930 13:44:36.751" endtime="20210930 13:44:36.752"/>
</kw>
<kw name="Log" library="BuiltIn">
<arg>${row_data}</arg>
<doc>Logs the given message with the given level.</doc>
<msg timestamp="20210930 13:44:36.752" level="INFO">{'Policy': '100290', 'Expiry': datetime.datetime(2021, 1, 29, 0, 0), 'Location': 'Urban', 'State': 'NY', 'Region': 'East', 'InsuredValue': 18933000, 'Construction': 'Frame', 'BusinessType': 'Office Bldg', 'Earthquake': 'Y', 'Flood': 'Y'}</msg>
<status status="PASS" starttime="20210930 13:44:36.752" endtime="20210930 13:44:36.752"/>
</kw>
<status status="PASS" starttime="20210930 13:44:36.751" endtime="20210930 13:44:36.752"/>
</iter>
<iter>
<var name="${i}">40</var>
<kw name="Get Table Row" library="RPA.Tables">
<var>${row_data}</var>
<arg>${policydata}</arg>
<arg>${i}</arg>
<arg>False</arg>
<doc>Get a single row from a table.</doc>
<msg timestamp="20210930 13:44:36.752" level="INFO">${row_data} = {'Policy': '100291', 'Expiry': datetime.datetime(2021, 1, 29, 0, 0), 'Location': 'Urban', 'State': 'NY', 'Region': 'East', 'InsuredValue': 21400000, 'Construction': 'Fire Resist', 'BusinessType': 'Apa...</msg>
<status status="PASS" starttime="20210930 13:44:36.752" endtime="20210930 13:44:36.752"/>
</kw>
<kw name="Log" library="BuiltIn">
<arg>${row_data}</arg>
<doc>Logs the given message with the given level.</doc>
<msg timestamp="20210930 13:44:36.752" level="INFO">{'Policy': '100291', 'Expiry': datetime.datetime(2021, 1, 29, 0, 0), 'Location': 'Urban', 'State': 'NY', 'Region': 'East', 'InsuredValue': 21400000, 'Construction': 'Fire Resist', 'BusinessType': 'Apartment', 'Earthquake': 'Y', 'Flood': 'Y'}</msg>
<status status="PASS" starttime="20210930 13:44:36.752" endtime="20210930 13:44:36.752"/>
</kw>
<status status="PASS" starttime="20210930 13:44:36.752" endtime="20210930 13:44:36.752"/>
</iter>
<iter>
<var name="${i}">41</var>
<kw name="Get Table Row" library="RPA.Tables">
<var>${row_data}</var>
<arg>${policydata}</arg>
<arg>${i}</arg>
<arg>False</arg>
<doc>Get a single row from a table.</doc>
<msg timestamp="20210930 13:44:36.753" level="INFO">${row_data} = {'Policy': '100340', 'Expiry': datetime.datetime(2021, 1, 30, 0, 0), 'Location': 'Urban', 'State': 'NY', 'Region': 'East', 'InsuredValue': 3754000, 'Construction': 'Frame', 'BusinessType': 'Office Bld...</msg>
<status status="PASS" starttime="20210930 13:44:36.752" endtime="20210930 13:44:36.753"/>
</kw>
<kw name="Log" library="BuiltIn">
<arg>${row_data}</arg>
<doc>Logs the given message with the given level.</doc>
<msg timestamp="20210930 13:44:36.753" level="INFO">{'Policy': '100340', 'Expiry': datetime.datetime(2021, 1, 30, 0, 0), 'Location': 'Urban', 'State': 'NY', 'Region': 'East', 'InsuredValue': 3754000, 'Construction': 'Frame', 'BusinessType': 'Office Bldg', 'Earthquake': 'Y', 'Flood': 'Y'}</msg>
<status status="PASS" starttime="20210930 13:44:36.753" endtime="20210930 13:44:36.753"/>
</kw>
<status status="PASS" starttime="20210930 13:44:36.752" endtime="20210930 13:44:36.753"/>
</iter>
<iter>
<var name="${i}">42</var>
<kw name="Get Table Row" library="RPA.Tables">
<var>${row_data}</var>
<arg>${policydata}</arg>
<arg>${i}</arg>
<arg>False</arg>
<doc>Get a single row from a table.</doc>
<msg timestamp="20210930 13:44:36.753" level="INFO">${row_data} = {'Policy': '100415', 'Expiry': datetime.datetime(2021, 1, 31, 0, 0), 'Location': 'Urban', 'State': 'NY', 'Region': 'East', 'InsuredValue': 9650000, 'Construction': 'Frame', 'BusinessType': 'Office Bld...</msg>
<status status="PASS" starttime="20210930 13:44:36.753" endtime="20210930 13:44:36.753"/>
</kw>
<kw name="Log" library="BuiltIn">
<arg>${row_data}</arg>
<doc>Logs the given message with the given level.</doc>
<msg timestamp="20210930 13:44:36.753" level="INFO">{'Policy': '100415', 'Expiry': datetime.datetime(2021, 1, 31, 0, 0), 'Location': 'Urban', 'State': 'NY', 'Region': 'East', 'InsuredValue': 9650000, 'Construction': 'Frame', 'BusinessType': 'Office Bldg', 'Earthquake': 'Y', 'Flood': 'Y'}</msg>
<status status="PASS" starttime="20210930 13:44:36.753" endtime="20210930 13:44:36.753"/>
</kw>
<status status="PASS" starttime="20210930 13:44:36.753" endtime="20210930 13:44:36.753"/>
</iter>
<iter>
<var name="${i}">43</var>
<kw name="Get Table Row" library="RPA.Tables">
<var>${row_data}</var>
<arg>${policydata}</arg>
<arg>${i}</arg>
<arg>False</arg>
<doc>Get a single row from a table.</doc>
<msg timestamp="20210930 13:44:36.754" level="INFO">${row_data} = {'Policy': '100421', 'Expiry': datetime.datetime(2021, 1, 31, 0, 0), 'Location': 'Urban', 'State': 'NY', 'Region': 'East', 'InsuredValue': 9503000, 'Construction': 'Frame', 'BusinessType': 'Office Bld...</msg>
<status status="PASS" starttime="20210930 13:44:36.754" endtime="20210930 13:44:36.754"/>
</kw>
<kw name="Log" library="BuiltIn">
<arg>${row_data}</arg>
<doc>Logs the given message with the given level.</doc>
<msg timestamp="20210930 13:44:36.754" level="INFO">{'Policy': '100421', 'Expiry': datetime.datetime(2021, 1, 31, 0, 0), 'Location': 'Urban', 'State': 'NY', 'Region': 'East', 'InsuredValue': 9503000, 'Construction': 'Frame', 'BusinessType': 'Office Bldg', 'Earthquake': 'Y', 'Flood': 'Y'}</msg>
<status status="PASS" starttime="20210930 13:44:36.754" endtime="20210930 13:44:36.754"/>
</kw>
<status status="PASS" starttime="20210930 13:44:36.754" endtime="20210930 13:44:36.754"/>
</iter>
<iter>
<var name="${i}">44</var>
<kw name="Get Table Row" library="RPA.Tables">
<var>${row_data}</var>
<arg>${policydata}</arg>
<arg>${i}</arg>
<arg>False</arg>
<doc>Get a single row from a table.</doc>
<msg timestamp="20210930 13:44:36.754" level="INFO">${row_data} = {'Policy': '100304', 'Expiry': datetime.datetime(2021, 2, 1, 0, 0), 'Location': 'Urban', 'State': 'NJ', 'Region': 'East', 'InsuredValue': 1688300, 'Construction': 'Frame', 'BusinessType': 'Hospitality...</msg>
<status status="PASS" starttime="20210930 13:44:36.754" endtime="20210930 13:44:36.754"/>
</kw>
<kw name="Log" library="BuiltIn">
<arg>${row_data}</arg>
<doc>Logs the given message with the given level.</doc>
<msg timestamp="20210930 13:44:36.755" level="INFO">{'Policy': '100304', 'Expiry': datetime.datetime(2021, 2, 1, 0, 0), 'Location': 'Urban', 'State': 'NJ', 'Region': 'East', 'InsuredValue': 1688300, 'Construction': 'Frame', 'BusinessType': 'Hospitality', 'Earthquake': 'N', 'Flood': 'Y'}</msg>
<status status="PASS" starttime="20210930 13:44:36.754" endtime="20210930 13:44:36.755"/>
</kw>
<status status="PASS" starttime="20210930 13:44:36.754" endtime="20210930 13:44:36.755"/>
</iter>
<iter>
<var name="${i}">45</var>
<kw name="Get Table Row" library="RPA.Tables">
<var>${row_data}</var>
<arg>${policydata}</arg>
<arg>${i}</arg>
<arg>False</arg>
<doc>Get a single row from a table.</doc>
<msg timestamp="20210930 13:44:36.755" level="INFO">${row_data} = {'Policy': '100414', 'Expiry': datetime.datetime(2021, 2, 2, 0, 0), 'Location': 'Urban', 'State': 'WI', 'Region': 'Midwest', 'InsuredValue': 17856705, 'Construction': 'Masonry', 'BusinessType': 'Apart...</msg>
<status status="PASS" starttime="20210930 13:44:36.755" endtime="20210930 13:44:36.755"/>
</kw>
<kw name="Log" library="BuiltIn">
<arg>${row_data}</arg>
<doc>Logs the given message with the given level.</doc>
<msg timestamp="20210930 13:44:36.755" level="INFO">{'Policy': '100414', 'Expiry': datetime.datetime(2021, 2, 2, 0, 0), 'Location': 'Urban', 'State': 'WI', 'Region': 'Midwest', 'InsuredValue': 17856705, 'Construction': 'Masonry', 'BusinessType': 'Apartment', 'Earthquake': 'Y', 'Flood': 'Y'}</msg>
<status status="PASS" starttime="20210930 13:44:36.755" endtime="20210930 13:44:36.755"/>
</kw>
<status status="PASS" starttime="20210930 13:44:36.755" endtime="20210930 13:44:36.755"/>
</iter>
<iter>
<var name="${i}">46</var>
<kw name="Get Table Row" library="RPA.Tables">
<var>${row_data}</var>
<arg>${policydata}</arg>
<arg>${i}</arg>
<arg>False</arg>
<doc>Get a single row from a table.</doc>
<msg timestamp="20210930 13:44:36.756" level="INFO">${row_data} = {'Policy': '100420', 'Expiry': datetime.datetime(2021, 2, 2, 0, 0), 'Location': 'Urban', 'State': 'NY', 'Region': 'East', 'InsuredValue': 7577000, 'Construction': 'Frame', 'BusinessType': 'Apartment',...</msg>
<status status="PASS" starttime="20210930 13:44:36.755" endtime="20210930 13:44:36.756"/>
</kw>
<kw name="Log" library="BuiltIn">
<arg>${row_data}</arg>
<doc>Logs the given message with the given level.</doc>
<msg timestamp="20210930 13:44:36.756" level="INFO">{'Policy': '100420', 'Expiry': datetime.datetime(2021, 2, 2, 0, 0), 'Location': 'Urban', 'State': 'NY', 'Region': 'East', 'InsuredValue': 7577000, 'Construction': 'Frame', 'BusinessType': 'Apartment', 'Earthquake': 'Y', 'Flood': 'Y'}</msg>
<status status="PASS" starttime="20210930 13:44:36.756" endtime="20210930 13:44:36.756"/>
</kw>
<status status="PASS" starttime="20210930 13:44:36.755" endtime="20210930 13:44:36.756"/>
</iter>
<iter>
<var name="${i}">47</var>
<kw name="Get Table Row" library="RPA.Tables">
<var>${row_data}</var>
<arg>${policydata}</arg>
<arg>${i}</arg>
<arg>False</arg>
<doc>Get a single row from a table.</doc>
<msg timestamp="20210930 13:44:36.756" level="INFO">${row_data} = {'Policy': '100481', 'Expiry': datetime.datetime(2021, 2, 2, 0, 0), 'Location': 'Urban', 'State': 'WI', 'Region': 'Midwest', 'InsuredValue': 1990915, 'Construction': 'Masonry', 'BusinessType': 'Office...</msg>
<status status="PASS" starttime="20210930 13:44:36.756" endtime="20210930 13:44:36.756"/>
</kw>
<kw name="Log" library="BuiltIn">
<arg>${row_data}</arg>
<doc>Logs the given message with the given level.</doc>
<msg timestamp="20210930 13:44:36.756" level="INFO">{'Policy': '100481', 'Expiry': datetime.datetime(2021, 2, 2, 0, 0), 'Location': 'Urban', 'State': 'WI', 'Region': 'Midwest', 'InsuredValue': 1990915, 'Construction': 'Masonry', 'BusinessType': 'Office Bldg', 'Earthquake': 'N', 'Flood': 'N'}</msg>
<status status="PASS" starttime="20210930 13:44:36.756" endtime="20210930 13:44:36.756"/>
</kw>
<status status="PASS" starttime="20210930 13:44:36.756" endtime="20210930 13:44:36.756"/>
</iter>
<iter>
<var name="${i}">48</var>
<kw name="Get Table Row" library="RPA.Tables">
<var>${row_data}</var>
<arg>${policydata}</arg>
<arg>${i}</arg>
<arg>False</arg>
<doc>Get a single row from a table.</doc>
<msg timestamp="20210930 13:44:36.757" level="INFO">${row_data} = {'Policy': '100352', 'Expiry': datetime.datetime(2021, 2, 3, 0, 0), 'Location': 'Urban', 'State': 'NJ', 'Region': 'East', 'InsuredValue': 1245000, 'Construction': 'Frame', 'BusinessType': 'Hospitality...</msg>
<status status="PASS" starttime="20210930 13:44:36.757" endtime="20210930 13:44:36.757"/>
</kw>
<kw name="Log" library="BuiltIn">
<arg>${row_data}</arg>
<doc>Logs the given message with the given level.</doc>
<msg timestamp="20210930 13:44:36.757" level="INFO">{'Policy': '100352', 'Expiry': datetime.datetime(2021, 2, 3, 0, 0), 'Location': 'Urban', 'State': 'NJ', 'Region': 'East', 'InsuredValue': 1245000, 'Construction': 'Frame', 'BusinessType': 'Hospitality', 'Earthquake': 'Y', 'Flood': 'Y'}</msg>
<status status="PASS" starttime="20210930 13:44:36.757" endtime="20210930 13:44:36.757"/>
</kw>
<status status="PASS" starttime="20210930 13:44:36.757" endtime="20210930 13:44:36.757"/>
</iter>
<iter>
<var name="${i}">49</var>
<kw name="Get Table Row" library="RPA.Tables">
<var>${row_data}</var>
<arg>${policydata}</arg>
<arg>${i}</arg>
<arg>False</arg>
<doc>Get a single row from a table.</doc>
<msg timestamp="20210930 13:44:36.757" level="INFO">${row_data} = {'Policy': '100496', 'Expiry': datetime.datetime(2021, 2, 4, 0, 0), 'Location': 'Urban', 'State': 'IL', 'Region': 'Midwest', 'InsuredValue': 1895000, 'Construction': 'Masonry', 'BusinessType': 'Office...</msg>
<status status="PASS" starttime="20210930 13:44:36.757" endtime="20210930 13:44:36.757"/>
</kw>
<kw name="Log" library="BuiltIn">
<arg>${row_data}</arg>
<doc>Logs the given message with the given level.</doc>
<msg timestamp="20210930 13:44:36.758" level="INFO">{'Policy': '100496', 'Expiry': datetime.datetime(2021, 2, 4, 0, 0), 'Location': 'Urban', 'State': 'IL', 'Region': 'Midwest', 'InsuredValue': 1895000, 'Construction': 'Masonry', 'BusinessType': 'Office Bldg', 'Earthquake': 'N', 'Flood': 'N'}</msg>
<status status="PASS" starttime="20210930 13:44:36.757" endtime="20210930 13:44:36.758"/>
</kw>
<status status="PASS" starttime="20210930 13:44:36.757" endtime="20210930 13:44:36.758"/>
</iter>
<iter>
<var name="${i}">50</var>
<kw name="Get Table Row" library="RPA.Tables">
<var>${row_data}</var>
<arg>${policydata}</arg>
<arg>${i}</arg>
<arg>False</arg>
<doc>Get a single row from a table.</doc>
<msg timestamp="20210930 13:44:36.758" level="INFO">${row_data} = {'Policy': '100309', 'Expiry': datetime.datetime(2021, 2, 5, 0, 0), 'Location': 'Urban', 'State': 'WI', 'Region': 'Midwest', 'InsuredValue': 5000368, 'Construction': 'Masonry', 'BusinessType': 'Manufa...</msg>
<status status="PASS" starttime="20210930 13:44:36.758" endtime="20210930 13:44:36.758"/>
</kw>
<kw name="Log" library="BuiltIn">
<arg>${row_data}</arg>
<doc>Logs the given message with the given level.</doc>
<msg timestamp="20210930 13:44:36.758" level="INFO">{'Policy': '100309', 'Expiry': datetime.datetime(2021, 2, 5, 0, 0), 'Location': 'Urban', 'State': 'WI', 'Region': 'Midwest', 'InsuredValue': 5000368, 'Construction': 'Masonry', 'BusinessType': 'Manufacturing', 'Earthquake': 'N', 'Flood': 'N'}</msg>
<status status="PASS" starttime="20210930 13:44:36.758" endtime="20210930 13:44:36.758"/>
</kw>
<status status="PASS" starttime="20210930 13:44:36.758" endtime="20210930 13:44:36.758"/>
</iter>
<iter>
<var name="${i}">51</var>
<kw name="Get Table Row" library="RPA.Tables">
<var>${row_data}</var>
<arg>${policydata}</arg>
<arg>${i}</arg>
<arg>False</arg>
<doc>Get a single row from a table.</doc>
<msg timestamp="20210930 13:44:36.759" level="INFO">${row_data} = {'Policy': '100413', 'Expiry': datetime.datetime(2021, 2, 5, 0, 0), 'Location': 'Urban', 'State': 'NY', 'Region': 'East', 'InsuredValue': 8397700, 'Construction': 'Frame', 'BusinessType': 'Apartment',...</msg>
<status status="PASS" starttime="20210930 13:44:36.758" endtime="20210930 13:44:36.759"/>
</kw>
<kw name="Log" library="BuiltIn">
<arg>${row_data}</arg>
<doc>Logs the given message with the given level.</doc>
<msg timestamp="20210930 13:44:36.759" level="INFO">{'Policy': '100413', 'Expiry': datetime.datetime(2021, 2, 5, 0, 0), 'Location': 'Urban', 'State': 'NY', 'Region': 'East', 'InsuredValue': 8397700, 'Construction': 'Frame', 'BusinessType': 'Apartment', 'Earthquake': 'Y', 'Flood': 'Y'}</msg>
<status status="PASS" starttime="20210930 13:44:36.759" endtime="20210930 13:44:36.759"/>
</kw>
<status status="PASS" starttime="20210930 13:44:36.758" endtime="20210930 13:44:36.759"/>
</iter>
<iter>
<var name="${i}">52</var>
<kw name="Get Table Row" library="RPA.Tables">
<var>${row_data}</var>
<arg>${policydata}</arg>
<arg>${i}</arg>
<arg>False</arg>
<doc>Get a single row from a table.</doc>
<msg timestamp="20210930 13:44:36.759" level="INFO">${row_data} = {'Policy': '100498', 'Expiry': datetime.datetime(2021, 2, 6, 0, 0), 'Location': 'Urban', 'State': 'NJ', 'Region': 'East', 'InsuredValue': 36356000, 'Construction': 'Fire Resist', 'BusinessType': 'Apar...</msg>
<status status="PASS" starttime="20210930 13:44:36.759" endtime="20210930 13:44:36.759"/>
</kw>
<kw name="Log" library="BuiltIn">
<arg>${row_data}</arg>
<doc>Logs the given message with the given level.</doc>
<msg timestamp="20210930 13:44:36.759" level="INFO">{'Policy': '100498', 'Expiry': datetime.datetime(2021, 2, 6, 0, 0), 'Location': 'Urban', 'State': 'NJ', 'Region': 'East', 'InsuredValue': 36356000, 'Construction': 'Fire Resist', 'BusinessType': 'Apartment', 'Earthquake': 'Y', 'Flood': 'Y'}</msg>
<status status="PASS" starttime="20210930 13:44:36.759" endtime="20210930 13:44:36.759"/>
</kw>
<status status="PASS" starttime="20210930 13:44:36.759" endtime="20210930 13:44:36.759"/>
</iter>
<iter>
<var name="${i}">53</var>
<kw name="Get Table Row" library="RPA.Tables">
<var>${row_data}</var>
<arg>${policydata}</arg>
<arg>${i}</arg>
<arg>False</arg>
<doc>Get a single row from a table.</doc>
<msg timestamp="20210930 13:44:36.760" level="INFO">${row_data} = {'Policy': '100499', 'Expiry': datetime.datetime(2021, 2, 7, 0, 0), 'Location': 'Urban', 'State': 'NJ', 'Region': 'East', 'InsuredValue': 16932600, 'Construction': 'Fire Resist', 'BusinessType': 'Apar...</msg>
<status status="PASS" starttime="20210930 13:44:36.760" endtime="20210930 13:44:36.760"/>
</kw>
<kw name="Log" library="BuiltIn">
<arg>${row_data}</arg>
<doc>Logs the given message with the given level.</doc>
<msg timestamp="20210930 13:44:36.760" level="INFO">{'Policy': '100499', 'Expiry': datetime.datetime(2021, 2, 7, 0, 0), 'Location': 'Urban', 'State': 'NJ', 'Region': 'East', 'InsuredValue': 16932600, 'Construction': 'Fire Resist', 'BusinessType': 'Apartment', 'Earthquake': 'Y', 'Flood': 'Y'}</msg>
<status status="PASS" starttime="20210930 13:44:36.760" endtime="20210930 13:44:36.760"/>
</kw>
<status status="PASS" starttime="20210930 13:44:36.759" endtime="20210930 13:44:36.760"/>
</iter>
<iter>
<var name="${i}">54</var>
<kw name="Get Table Row" library="RPA.Tables">
<var>${row_data}</var>
<arg>${policydata}</arg>
<arg>${i}</arg>
<arg>False</arg>
<doc>Get a single row from a table.</doc>
<msg timestamp="20210930 13:44:36.760" level="INFO">${row_data} = {'Policy': '100509', 'Expiry': datetime.datetime(2021, 2, 7, 0, 0), 'Location': 'Urban', 'State': 'OH', 'Region': 'Central', 'InsuredValue': 1849000, 'Construction': 'Metal Clad', 'BusinessType': 'Ret...</msg>
<status status="PASS" starttime="20210930 13:44:36.760" endtime="20210930 13:44:36.760"/>
</kw>
<kw name="Log" library="BuiltIn">
<arg>${row_data}</arg>
<doc>Logs the given message with the given level.</doc>
<msg timestamp="20210930 13:44:36.761" level="INFO">{'Policy': '100509', 'Expiry': datetime.datetime(2021, 2, 7, 0, 0), 'Location': 'Urban', 'State': 'OH', 'Region': 'Central', 'InsuredValue': 1849000, 'Construction': 'Metal Clad', 'BusinessType': 'Retail', 'Earthquake': 'N', 'Flood': 'N'}</msg>
<status status="PASS" starttime="20210930 13:44:36.760" endtime="20210930 13:44:36.761"/>
</kw>
<status status="PASS" starttime="20210930 13:44:36.760" endtime="20210930 13:44:36.761"/>
</iter>
<iter>
<var name="${i}">55</var>
<kw name="Get Table Row" library="RPA.Tables">
<var>${row_data}</var>
<arg>${policydata}</arg>
<arg>${i}</arg>
<arg>False</arg>
<doc>Get a single row from a table.</doc>
<msg timestamp="20210930 13:44:36.761" level="INFO">${row_data} = {'Policy': '100371', 'Expiry': datetime.datetime(2021, 2, 8, 0, 0), 'Location': 'Urban', 'State': 'OH', 'Region': 'Central', 'InsuredValue': 218490, 'Construction': 'Frame', 'BusinessType': 'Apartment...</msg>
<status status="PASS" starttime="20210930 13:44:36.761" endtime="20210930 13:44:36.761"/>
</kw>
<kw name="Log" library="BuiltIn">
<arg>${row_data}</arg>
<doc>Logs the given message with the given level.</doc>
<msg timestamp="20210930 13:44:36.761" level="INFO">{'Policy': '100371', 'Expiry': datetime.datetime(2021, 2, 8, 0, 0), 'Location': 'Urban', 'State': 'OH', 'Region': 'Central', 'InsuredValue': 218490, 'Construction': 'Frame', 'BusinessType': 'Apartment', 'Earthquake': 'N', 'Flood': 'N'}</msg>
<status status="PASS" starttime="20210930 13:44:36.761" endtime="20210930 13:44:36.761"/>
</kw>
<status status="PASS" starttime="20210930 13:44:36.761" endtime="20210930 13:44:36.761"/>
</iter>
<iter>
<var name="${i}">56</var>
<kw name="Get Table Row" library="RPA.Tables">
<var>${row_data}</var>
<arg>${policydata}</arg>
<arg>${i}</arg>
<arg>False</arg>
<doc>Get a single row from a table.</doc>
<msg timestamp="20210930 13:44:36.761" level="INFO">${row_data} = {'Policy': '100412', 'Expiry': datetime.datetime(2021, 2, 8, 0, 0), 'Location': 'Urban', 'State': 'NJ', 'Region': 'East', 'InsuredValue': 3052600, 'Construction': 'Frame', 'BusinessType': 'Apartment',...</msg>
<status status="PASS" starttime="20210930 13:44:36.761" endtime="20210930 13:44:36.762"/>
</kw>
<kw name="Log" library="BuiltIn">
<arg>${row_data}</arg>
<doc>Logs the given message with the given level.</doc>
<msg timestamp="20210930 13:44:36.762" level="INFO">{'Policy': '100412', 'Expiry': datetime.datetime(2021, 2, 8, 0, 0), 'Location': 'Urban', 'State': 'NJ', 'Region': 'East', 'InsuredValue': 3052600, 'Construction': 'Frame', 'BusinessType': 'Apartment', 'Earthquake': 'Y', 'Flood': 'N'}</msg>
<status status="PASS" starttime="20210930 13:44:36.762" endtime="20210930 13:44:36.762"/>
</kw>
<status status="PASS" starttime="20210930 13:44:36.761" endtime="20210930 13:44:36.762"/>
</iter>
<iter>
<var name="${i}">57</var>
<kw name="Get Table Row" library="RPA.Tables">
<var>${row_data}</var>
<arg>${policydata}</arg>
<arg>${i}</arg>
<arg>False</arg>
<doc>Get a single row from a table.</doc>
<msg timestamp="20210930 13:44:36.762" level="INFO">${row_data} = {'Policy': '100370', 'Expiry': datetime.datetime(2021, 2, 9, 0, 0), 'Location': 'Urban', 'State': 'WI', 'Region': 'Midwest', 'InsuredValue': 8126500, 'Construction': 'Masonry', 'BusinessType': 'Organi...</msg>
<status status="PASS" starttime="20210930 13:44:36.762" endtime="20210930 13:44:36.762"/>
</kw>
<kw name="Log" library="BuiltIn">
<arg>${row_data}</arg>
<doc>Logs the given message with the given level.</doc>
<msg timestamp="20210930 13:44:36.762" level="INFO">{'Policy': '100370', 'Expiry': datetime.datetime(2021, 2, 9, 0, 0), 'Location': 'Urban', 'State': 'WI', 'Region': 'Midwest', 'InsuredValue': 8126500, 'Construction': 'Masonry', 'BusinessType': 'Organization', 'Earthquake': 'Y', 'Flood': 'Y'}</msg>
<status status="PASS" starttime="20210930 13:44:36.762" endtime="20210930 13:44:36.762"/>
</kw>
<status status="PASS" starttime="20210930 13:44:36.762" endtime="20210930 13:44:36.762"/>
</iter>
<iter>
<var name="${i}">58</var>
<kw name="Get Table Row" library="RPA.Tables">
<var>${row_data}</var>
<arg>${policydata}</arg>
<arg>${i}</arg>
<arg>False</arg>
<doc>Get a single row from a table.</doc>
<msg timestamp="20210930 13:44:36.763" level="INFO">${row_data} = {'Policy': '100377', 'Expiry': datetime.datetime(2021, 2, 9, 0, 0), 'Location': 'Urban', 'State': 'NY', 'Region': 'East', 'InsuredValue': 11400000, 'Construction': 'Masonry', 'BusinessType': 'Apartmen...</msg>
<status status="PASS" starttime="20210930 13:44:36.762" endtime="20210930 13:44:36.763"/>
</kw>
<kw name="Log" library="BuiltIn">
<arg>${row_data}</arg>
<doc>Logs the given message with the given level.</doc>
<msg timestamp="20210930 13:44:36.763" level="INFO">{'Policy': '100377', 'Expiry': datetime.datetime(2021, 2, 9, 0, 0), 'Location': 'Urban', 'State': 'NY', 'Region': 'East', 'InsuredValue': 11400000, 'Construction': 'Masonry', 'BusinessType': 'Apartment', 'Earthquake': 'Y', 'Flood': 'Y'}</msg>
<status status="PASS" starttime="20210930 13:44:36.763" endtime="20210930 13:44:36.763"/>
</kw>
<status status="PASS" starttime="20210930 13:44:36.762" endtime="20210930 13:44:36.763"/>
</iter>
<iter>
<var name="${i}">59</var>
<kw name="Get Table Row" library="RPA.Tables">
<var>${row_data}</var>
<arg>${policydata}</arg>
<arg>${i}</arg>
<arg>False</arg>
<doc>Get a single row from a table.</doc>
<msg timestamp="20210930 13:44:36.763" level="INFO">${row_data} = {'Policy': '100452', 'Expiry': datetime.datetime(2021, 2, 9, 0, 0), 'Location': 'Urban', 'State': 'NJ', 'Region': 'East', 'InsuredValue': 5918400, 'Construction': 'Frame', 'BusinessType': 'Farming', '...</msg>
<status status="PASS" starttime="20210930 13:44:36.763" endtime="20210930 13:44:36.763"/>
</kw>
<kw name="Log" library="BuiltIn">
<arg>${row_data}</arg>
<doc>Logs the given message with the given level.</doc>
<msg timestamp="20210930 13:44:36.763" level="INFO">{'Policy': '100452', 'Expiry': datetime.datetime(2021, 2, 9, 0, 0), 'Location': 'Urban', 'State': 'NJ', 'Region': 'East', 'InsuredValue': 5918400, 'Construction': 'Frame', 'BusinessType': 'Farming', 'Earthquake': 'Y', 'Flood': 'N'}</msg>
<status status="PASS" starttime="20210930 13:44:36.763" endtime="20210930 13:44:36.763"/>
</kw>
<status status="PASS" starttime="20210930 13:44:36.763" endtime="20210930 13:44:36.763"/>
</iter>
<iter>
<var name="${i}">60</var>
<kw name="Get Table Row" library="RPA.Tables">
<var>${row_data}</var>
<arg>${policydata}</arg>
<arg>${i}</arg>
<arg>False</arg>
<doc>Get a single row from a table.</doc>
<msg timestamp="20210930 13:44:36.764" level="INFO">${row_data} = {'Policy': '100459', 'Expiry': datetime.datetime(2021, 2, 9, 0, 0), 'Location': 'Rural', 'State': 'NY', 'Region': 'East', 'InsuredValue': 2550750, 'Construction': 'Frame', 'BusinessType': 'Farming', '...</msg>
<status status="PASS" starttime="20210930 13:44:36.764" endtime="20210930 13:44:36.764"/>
</kw>
<kw name="Log" library="BuiltIn">
<arg>${row_data}</arg>
<doc>Logs the given message with the given level.</doc>
<msg timestamp="20210930 13:44:36.764" level="INFO">{'Policy': '100459', 'Expiry': datetime.datetime(2021, 2, 9, 0, 0), 'Location': 'Rural', 'State': 'NY', 'Region': 'East', 'InsuredValue': 2550750, 'Construction': 'Frame', 'BusinessType': 'Farming', 'Earthquake': 'N', 'Flood': 'N'}</msg>
<status status="PASS" starttime="20210930 13:44:36.764" endtime="20210930 13:44:36.764"/>
</kw>
<status status="PASS" starttime="20210930 13:44:36.764" endtime="20210930 13:44:36.764"/>
</iter>
<iter>
<var name="${i}">61</var>
<kw name="Get Table Row" library="RPA.Tables">
<var>${row_data}</var>
<arg>${policydata}</arg>
<arg>${i}</arg>
<arg>False</arg>
<doc>Get a single row from a table.</doc>
<msg timestamp="20210930 13:44:36.764" level="INFO">${row_data} = {'Policy': '100325', 'Expiry': datetime.datetime(2021, 2, 13, 0, 0), 'Location': 'Urban', 'State': 'NY', 'Region': 'East', 'InsuredValue': 140000, 'Construction': 'Masonry', 'BusinessType': 'Retail', ...</msg>
<status status="PASS" starttime="20210930 13:44:36.764" endtime="20210930 13:44:36.764"/>
</kw>
<kw name="Log" library="BuiltIn">
<arg>${row_data}</arg>
<doc>Logs the given message with the given level.</doc>
<msg timestamp="20210930 13:44:36.765" level="INFO">{'Policy': '100325', 'Expiry': datetime.datetime(2021, 2, 13, 0, 0), 'Location': 'Urban', 'State': 'NY', 'Region': 'East', 'InsuredValue': 140000, 'Construction': 'Masonry', 'BusinessType': 'Retail', 'Earthquake': 'N', 'Flood': 'N'}</msg>
<status status="PASS" starttime="20210930 13:44:36.764" endtime="20210930 13:44:36.765"/>
</kw>
<status status="PASS" starttime="20210930 13:44:36.764" endtime="20210930 13:44:36.765"/>
</iter>
<iter>
<var name="${i}">62</var>
<kw name="Get Table Row" library="RPA.Tables">
<var>${row_data}</var>
<arg>${policydata}</arg>
<arg>${i}</arg>
<arg>False</arg>
<doc>Get a single row from a table.</doc>
<msg timestamp="20210930 13:44:36.765" level="INFO">${row_data} = {'Policy': '100419', 'Expiry': datetime.datetime(2021, 2, 13, 0, 0), 'Location': 'Urban', 'State': 'NY', 'Region': 'East', 'InsuredValue': 725000, 'Construction': 'Masonry', 'BusinessType': 'Service',...</msg>
<status status="PASS" starttime="20210930 13:44:36.765" endtime="20210930 13:44:36.765"/>
</kw>
<kw name="Log" library="BuiltIn">
<arg>${row_data}</arg>
<doc>Logs the given message with the given level.</doc>
<msg timestamp="20210930 13:44:36.765" level="INFO">{'Policy': '100419', 'Expiry': datetime.datetime(2021, 2, 13, 0, 0), 'Location': 'Urban', 'State': 'NY', 'Region': 'East', 'InsuredValue': 725000, 'Construction': 'Masonry', 'BusinessType': 'Service', 'Earthquake': 'N', 'Flood': 'N'}</msg>
<status status="PASS" starttime="20210930 13:44:36.765" endtime="20210930 13:44:36.765"/>
</kw>
<status status="PASS" starttime="20210930 13:44:36.765" endtime="20210930 13:44:36.765"/>
</iter>
<iter>
<var name="${i}">63</var>
<kw name="Get Table Row" library="RPA.Tables">
<var>${row_data}</var>
<arg>${policydata}</arg>
<arg>${i}</arg>
<arg>False</arg>
<doc>Get a single row from a table.</doc>
<msg timestamp="20210930 13:44:36.766" level="INFO">${row_data} = {'Policy': '100512', 'Expiry': datetime.datetime(2021, 2, 13, 0, 0), 'Location': 'Urban', 'State': 'NY', 'Region': 'East', 'InsuredValue': 10098900, 'Construction': 'Frame', 'BusinessType': 'Office Bl...</msg>
<status status="PASS" starttime="20210930 13:44:36.765" endtime="20210930 13:44:36.766"/>
</kw>
<kw name="Log" library="BuiltIn">
<arg>${row_data}</arg>
<doc>Logs the given message with the given level.</doc>
<msg timestamp="20210930 13:44:36.766" level="INFO">{'Policy': '100512', 'Expiry': datetime.datetime(2021, 2, 13, 0, 0), 'Location': 'Urban', 'State': 'NY', 'Region': 'East', 'InsuredValue': 10098900, 'Construction': 'Frame', 'BusinessType': 'Office Bldg', 'Earthquake': 'Y', 'Flood': 'Y'}</msg>
<status status="PASS" starttime="20210930 13:44:36.766" endtime="20210930 13:44:36.766"/>
</kw>
<status status="PASS" starttime="20210930 13:44:36.765" endtime="20210930 13:44:36.766"/>
</iter>
<iter>
<var name="${i}">64</var>
<kw name="Get Table Row" library="RPA.Tables">
<var>${row_data}</var>
<arg>${policydata}</arg>
<arg>${i}</arg>
<arg>False</arg>
<doc>Get a single row from a table.</doc>
<msg timestamp="20210930 13:44:36.766" level="INFO">${row_data} = {'Policy': '100513', 'Expiry': datetime.datetime(2021, 2, 13, 0, 0), 'Location': 'Rural', 'State': 'NY', 'Region': 'East', 'InsuredValue': 2937200, 'Construction': 'Frame', 'BusinessType': 'Farming', ...</msg>
<status status="PASS" starttime="20210930 13:44:36.766" endtime="20210930 13:44:36.766"/>
</kw>
<kw name="Log" library="BuiltIn">
<arg>${row_data}</arg>
<doc>Logs the given message with the given level.</doc>
<msg timestamp="20210930 13:44:36.766" level="INFO">{'Policy': '100513', 'Expiry': datetime.datetime(2021, 2, 13, 0, 0), 'Location': 'Rural', 'State': 'NY', 'Region': 'East', 'InsuredValue': 2937200, 'Construction': 'Frame', 'BusinessType': 'Farming', 'Earthquake': 'N', 'Flood': 'N'}</msg>
[...]
<doc>Logs the given message with the given level.</doc>
<msg timestamp="20210930 13:44:37.028" level="INFO">{'Policy': '101111', 'Expiry': datetime.datetime(2021, 12, 26, 0, 0), 'Location': 'Rural', 'State': 'NY', 'Region': 'East', 'InsuredValue': 6235057, 'Construction': 'Frame', 'BusinessType': 'Farming', 'Earthquake': 'N', 'Flood': 'N'}</msg>
<status status="PASS" starttime="20210930 13:44:37.028" endtime="20210930 13:44:37.028"/>
</kw>
<status status="PASS" starttime="20210930 13:44:37.028" endtime="20210930 13:44:37.028"/>
</iter>
<iter>
<var name="${i}">484</var>
<kw name="Get Table Row" library="RPA.Tables">
<var>${row_data}</var>
<arg>${policydata}</arg>
<arg>${i}</arg>
<arg>False</arg>
<doc>Get a single row from a table.</doc>
<msg timestamp="20210930 13:44:37.029" level="INFO">${row_data} = {'Policy': '100400', 'Expiry': datetime.datetime(2021, 12, 27, 0, 0), 'Location': 'Rural', 'State': 'VT', 'Region': 'Northeast', 'InsuredValue': 1960000, 'Construction': 'Frame', 'BusinessType': 'Farm...</msg>
<status status="PASS" starttime="20210930 13:44:37.029" endtime="20210930 13:44:37.029"/>
</kw>
<kw name="Log" library="BuiltIn">
<arg>${row_data}</arg>
<doc>Logs the given message with the given level.</doc>
<msg timestamp="20210930 13:44:37.029" level="INFO">{'Policy': '100400', 'Expiry': datetime.datetime(2021, 12, 27, 0, 0), 'Location': 'Rural', 'State': 'VT', 'Region': 'Northeast', 'InsuredValue': 1960000, 'Construction': 'Frame', 'BusinessType': 'Farming', 'Earthquake': 'N', 'Flood': 'N'}</msg>
<status status="PASS" starttime="20210930 13:44:37.029" endtime="20210930 13:44:37.029"/>
</kw>
<status status="PASS" starttime="20210930 13:44:37.029" endtime="20210930 13:44:37.029"/>
</iter>
<iter>
<var name="${i}">485</var>
<kw name="Get Table Row" library="RPA.Tables">
<var>${row_data}</var>
<arg>${policydata}</arg>
<arg>${i}</arg>
<arg>False</arg>
<doc>Get a single row from a table.</doc>
<msg timestamp="20210930 13:44:37.029" level="INFO">${row_data} = {'Policy': '101113', 'Expiry': datetime.datetime(2021, 12, 27, 0, 0), 'Location': 'Rural', 'State': 'NY', 'Region': 'East', 'InsuredValue': 2500000, 'Construction': 'Metal Clad', 'BusinessType': 'Farm...</msg>
<status status="PASS" starttime="20210930 13:44:37.029" endtime="20210930 13:44:37.029"/>
</kw>
<kw name="Log" library="BuiltIn">
<arg>${row_data}</arg>
<doc>Logs the given message with the given level.</doc>
<msg timestamp="20210930 13:44:37.030" level="INFO">{'Policy': '101113', 'Expiry': datetime.datetime(2021, 12, 27, 0, 0), 'Location': 'Rural', 'State': 'NY', 'Region': 'East', 'InsuredValue': 2500000, 'Construction': 'Metal Clad', 'BusinessType': 'Farming', 'Earthquake': 'N', 'Flood': 'N'}</msg>
<status status="PASS" starttime="20210930 13:44:37.029" endtime="20210930 13:44:37.030"/>
</kw>
<status status="PASS" starttime="20210930 13:44:37.029" endtime="20210930 13:44:37.030"/>
</iter>
<iter>
<var name="${i}">486</var>
<kw name="Get Table Row" library="RPA.Tables">
<var>${row_data}</var>
<arg>${policydata}</arg>
<arg>${i}</arg>
<arg>False</arg>
<doc>Get a single row from a table.</doc>
<msg timestamp="20210930 13:44:37.030" level="INFO">${row_data} = {'Policy': '101114', 'Expiry': datetime.datetime(2021, 12, 27, 0, 0), 'Location': 'Urban', 'State': 'IL', 'Region': 'Midwest', 'InsuredValue': 3883300, 'Construction': 'Metal Clad', 'BusinessType': 'F...</msg>
<status status="PASS" starttime="20210930 13:44:37.030" endtime="20210930 13:44:37.030"/>
</kw>
<kw name="Log" library="BuiltIn">
<arg>${row_data}</arg>
<doc>Logs the given message with the given level.</doc>
<msg timestamp="20210930 13:44:37.030" level="INFO">{'Policy': '101114', 'Expiry': datetime.datetime(2021, 12, 27, 0, 0), 'Location': 'Urban', 'State': 'IL', 'Region': 'Midwest', 'InsuredValue': 3883300, 'Construction': 'Metal Clad', 'BusinessType': 'Farming', 'Earthquake': 'N', 'Flood': 'N'}</msg>
<status status="PASS" starttime="20210930 13:44:37.030" endtime="20210930 13:44:37.030"/>
</kw>
<status status="PASS" starttime="20210930 13:44:37.030" endtime="20210930 13:44:37.030"/>
</iter>
<iter>
<var name="${i}">487</var>
<kw name="Get Table Row" library="RPA.Tables">
<var>${row_data}</var>
<arg>${policydata}</arg>
<arg>${i}</arg>
<arg>False</arg>
<doc>Get a single row from a table.</doc>
<msg timestamp="20210930 13:44:37.031" level="INFO">${row_data} = {'Policy': '100200', 'Expiry': datetime.datetime(2021, 12, 28, 0, 0), 'Location': 'Urban', 'State': 'NY', 'Region': 'East', 'InsuredValue': 1425000, 'Construction': 'Masonry', 'BusinessType': 'Apartme...</msg>
<status status="PASS" starttime="20210930 13:44:37.030" endtime="20210930 13:44:37.031"/>
</kw>
<kw name="Log" library="BuiltIn">
<arg>${row_data}</arg>
<doc>Logs the given message with the given level.</doc>
<msg timestamp="20210930 13:44:37.031" level="INFO">{'Policy': '100200', 'Expiry': datetime.datetime(2021, 12, 28, 0, 0), 'Location': 'Urban', 'State': 'NY', 'Region': 'East', 'InsuredValue': 1425000, 'Construction': 'Masonry', 'BusinessType': 'Apartment', 'Earthquake': 'N', 'Flood': 'N'}</msg>
<status status="PASS" starttime="20210930 13:44:37.031" endtime="20210930 13:44:37.031"/>
</kw>
<status status="PASS" starttime="20210930 13:44:37.030" endtime="20210930 13:44:37.031"/>
</iter>
<iter>
<var name="${i}">488</var>
<kw name="Get Table Row" library="RPA.Tables">
<var>${row_data}</var>
<arg>${policydata}</arg>
<arg>${i}</arg>
<arg>False</arg>
<doc>Get a single row from a table.</doc>
<msg timestamp="20210930 13:44:37.031" level="INFO">${row_data} = {'Policy': '100330', 'Expiry': datetime.datetime(2021, 12, 28, 0, 0), 'Location': 'Urban', 'State': 'NY', 'Region': 'East', 'InsuredValue': 1545100, 'Construction': 'Frame', 'BusinessType': 'Office Bl...</msg>
<status status="PASS" starttime="20210930 13:44:37.031" endtime="20210930 13:44:37.031"/>
</kw>
<kw name="Log" library="BuiltIn">
<arg>${row_data}</arg>
<doc>Logs the given message with the given level.</doc>
<msg timestamp="20210930 13:44:37.031" level="INFO">{'Policy': '100330', 'Expiry': datetime.datetime(2021, 12, 28, 0, 0), 'Location': 'Urban', 'State': 'NY', 'Region': 'East', 'InsuredValue': 1545100, 'Construction': 'Frame', 'BusinessType': 'Office Bldg', 'Earthquake': 'Y', 'Flood': 'Y'}</msg>
<status status="PASS" starttime="20210930 13:44:37.031" endtime="20210930 13:44:37.032"/>
</kw>
<status status="PASS" starttime="20210930 13:44:37.031" endtime="20210930 13:44:37.032"/>
</iter>
<iter>
<var name="${i}">489</var>
<kw name="Get Table Row" library="RPA.Tables">
<var>${row_data}</var>
<arg>${policydata}</arg>
<arg>${i}</arg>
<arg>False</arg>
<doc>Get a single row from a table.</doc>
<msg timestamp="20210930 13:44:37.032" level="INFO">${row_data} = {'Policy': '101115', 'Expiry': datetime.datetime(2021, 12, 28, 0, 0), 'Location': 'Urban', 'State': 'WI', 'Region': 'Midwest', 'InsuredValue': 1665100, 'Construction': 'Frame', 'BusinessType': 'Apartm...</msg>
<status status="PASS" starttime="20210930 13:44:37.032" endtime="20210930 13:44:37.032"/>
</kw>
<kw name="Log" library="BuiltIn">
<arg>${row_data}</arg>
<doc>Logs the given message with the given level.</doc>
<msg timestamp="20210930 13:44:37.032" level="INFO">{'Policy': '101115', 'Expiry': datetime.datetime(2021, 12, 28, 0, 0), 'Location': 'Urban', 'State': 'WI', 'Region': 'Midwest', 'InsuredValue': 1665100, 'Construction': 'Frame', 'BusinessType': 'Apartment', 'Earthquake': 'N', 'Flood': 'N'}</msg>
<status status="PASS" starttime="20210930 13:44:37.032" endtime="20210930 13:44:37.032"/>
</kw>
<status status="PASS" starttime="20210930 13:44:37.032" endtime="20210930 13:44:37.032"/>
</iter>
<iter>
<var name="${i}">490</var>
<kw name="Get Table Row" library="RPA.Tables">
<var>${row_data}</var>
<arg>${policydata}</arg>
<arg>${i}</arg>
<arg>False</arg>
<doc>Get a single row from a table.</doc>
<msg timestamp="20210930 13:44:37.032" level="INFO">${row_data} = {'Policy': '101116', 'Expiry': datetime.datetime(2021, 12, 29, 0, 0), 'Location': 'Urban', 'State': 'NY', 'Region': 'East', 'InsuredValue': 8245000, 'Construction': 'Frame', 'BusinessType': 'Apartment...</msg>
<status status="PASS" starttime="20210930 13:44:37.032" endtime="20210930 13:44:37.032"/>
</kw>
<kw name="Log" library="BuiltIn">
<arg>${row_data}</arg>
<doc>Logs the given message with the given level.</doc>
<msg timestamp="20210930 13:44:37.033" level="INFO">{'Policy': '101116', 'Expiry': datetime.datetime(2021, 12, 29, 0, 0), 'Location': 'Urban', 'State': 'NY', 'Region': 'East', 'InsuredValue': 8245000, 'Construction': 'Frame', 'BusinessType': 'Apartment', 'Earthquake': 'Y', 'Flood': 'Y'}</msg>
<status status="PASS" starttime="20210930 13:44:37.033" endtime="20210930 13:44:37.033"/>
</kw>
<status status="PASS" starttime="20210930 13:44:37.032" endtime="20210930 13:44:37.033"/>
</iter>
<iter>
<var name="${i}">491</var>
<kw name="Get Table Row" library="RPA.Tables">
<var>${row_data}</var>
<arg>${policydata}</arg>
<arg>${i}</arg>
<arg>False</arg>
<doc>Get a single row from a table.</doc>
<msg timestamp="20210930 13:44:37.033" level="INFO">${row_data} = {'Policy': '100216', 'Expiry': datetime.datetime(2021, 12, 30, 0, 0), 'Location': 'Urban', 'State': 'NJ', 'Region': 'East', 'InsuredValue': 2432600, 'Construction': 'Frame', 'BusinessType': 'Retail', ...</msg>
<status status="PASS" starttime="20210930 13:44:37.033" endtime="20210930 13:44:37.033"/>
</kw>
<kw name="Log" library="BuiltIn">
<arg>${row_data}</arg>
<doc>Logs the given message with the given level.</doc>
<msg timestamp="20210930 13:44:37.033" level="INFO">{'Policy': '100216', 'Expiry': datetime.datetime(2021, 12, 30, 0, 0), 'Location': 'Urban', 'State': 'NJ', 'Region': 'East', 'InsuredValue': 2432600, 'Construction': 'Frame', 'BusinessType': 'Retail', 'Earthquake': 'Y', 'Flood': 'Y'}</msg>
<status status="PASS" starttime="20210930 13:44:37.033" endtime="20210930 13:44:37.033"/>
</kw>
<status status="PASS" starttime="20210930 13:44:37.033" endtime="20210930 13:44:37.033"/>
</iter>
<iter>
<var name="${i}">492</var>
<kw name="Get Table Row" library="RPA.Tables">
<var>${row_data}</var>
<arg>${policydata}</arg>
<arg>${i}</arg>
<arg>False</arg>
<doc>Get a single row from a table.</doc>
<msg timestamp="20210930 13:44:37.034" level="INFO">${row_data} = {'Policy': '100389', 'Expiry': datetime.datetime(2021, 12, 30, 0, 0), 'Location': 'Urban', 'State': 'NY', 'Region': 'East', 'InsuredValue': 1480000, 'Construction': 'Fire Resist', 'BusinessType': 'Hos...</msg>
<status status="PASS" starttime="20210930 13:44:37.033" endtime="20210930 13:44:37.034"/>
</kw>
<kw name="Log" library="BuiltIn">
<arg>${row_data}</arg>
<doc>Logs the given message with the given level.</doc>
<msg timestamp="20210930 13:44:37.034" level="INFO">{'Policy': '100389', 'Expiry': datetime.datetime(2021, 12, 30, 0, 0), 'Location': 'Urban', 'State': 'NY', 'Region': 'East', 'InsuredValue': 1480000, 'Construction': 'Fire Resist', 'BusinessType': 'Hospitality', 'Earthquake': 'Y', 'Flood': 'Y'}</msg>
<status status="PASS" starttime="20210930 13:44:37.034" endtime="20210930 13:44:37.034"/>
</kw>
<status status="PASS" starttime="20210930 13:44:37.033" endtime="20210930 13:44:37.034"/>
</iter>
<iter>
<var name="${i}">493</var>
<kw name="Get Table Row" library="RPA.Tables">
<var>${row_data}</var>
<arg>${policydata}</arg>
<arg>${i}</arg>
<arg>False</arg>
<doc>Get a single row from a table.</doc>
<msg timestamp="20210930 13:44:37.034" level="INFO">${row_data} = {'Policy': '101117', 'Expiry': datetime.datetime(2021, 12, 30, 0, 0), 'Location': 'Urban', 'State': 'NY', 'Region': 'East', 'InsuredValue': 9050000, 'Construction': 'Frame', 'BusinessType': 'Apartment...</msg>
<status status="PASS" starttime="20210930 13:44:37.034" endtime="20210930 13:44:37.034"/>
</kw>
<kw name="Log" library="BuiltIn">
<arg>${row_data}</arg>
<doc>Logs the given message with the given level.</doc>
<msg timestamp="20210930 13:44:37.034" level="INFO">{'Policy': '101117', 'Expiry': datetime.datetime(2021, 12, 30, 0, 0), 'Location': 'Urban', 'State': 'NY', 'Region': 'East', 'InsuredValue': 9050000, 'Construction': 'Frame', 'BusinessType': 'Apartment', 'Earthquake': 'Y', 'Flood': 'Y'}</msg>
<status status="PASS" starttime="20210930 13:44:37.034" endtime="20210930 13:44:37.035"/>
</kw>
<status status="PASS" starttime="20210930 13:44:37.034" endtime="20210930 13:44:37.035"/>
</iter>
<iter>
<var name="${i}">494</var>
<kw name="Get Table Row" library="RPA.Tables">
<var>${row_data}</var>
<arg>${policydata}</arg>
<arg>${i}</arg>
<arg>False</arg>
<doc>Get a single row from a table.</doc>
<msg timestamp="20210930 13:44:37.035" level="INFO">${row_data} = {'Policy': '101120', 'Expiry': datetime.datetime(2021, 12, 30, 0, 0), 'Location': 'Rural', 'State': 'NY', 'Region': 'East', 'InsuredValue': 1480755, 'Construction': 'Frame', 'BusinessType': 'Farming',...</msg>
<status status="PASS" starttime="20210930 13:44:37.035" endtime="20210930 13:44:37.035"/>
</kw>
<kw name="Log" library="BuiltIn">
<arg>${row_data}</arg>
<doc>Logs the given message with the given level.</doc>
<msg timestamp="20210930 13:44:37.035" level="INFO">{'Policy': '101120', 'Expiry': datetime.datetime(2021, 12, 30, 0, 0), 'Location': 'Rural', 'State': 'NY', 'Region': 'East', 'InsuredValue': 1480755, 'Construction': 'Frame', 'BusinessType': 'Farming', 'Earthquake': 'N', 'Flood': 'N'}</msg>
<status status="PASS" starttime="20210930 13:44:37.035" endtime="20210930 13:44:37.035"/>
</kw>
<status status="PASS" starttime="20210930 13:44:37.035" endtime="20210930 13:44:37.035"/>
</iter>
<iter>
<var name="${i}">495</var>
<kw name="Get Table Row" library="RPA.Tables">
<var>${row_data}</var>
<arg>${policydata}</arg>
<arg>${i}</arg>
<arg>False</arg>
<doc>Get a single row from a table.</doc>
<msg timestamp="20210930 13:44:37.036" level="INFO">${row_data} = {'Policy': '101121', 'Expiry': datetime.datetime(2021, 12, 31, 0, 0), 'Location': 'Urban', 'State': 'VT', 'Region': 'Northeast', 'InsuredValue': 4101750, 'Construction': 'Fire Resist', 'BusinessType':...</msg>
<status status="PASS" starttime="20210930 13:44:37.035" endtime="20210930 13:44:37.036"/>
</kw>
<kw name="Log" library="BuiltIn">
<arg>${row_data}</arg>
<doc>Logs the given message with the given level.</doc>
<msg timestamp="20210930 13:44:37.036" level="INFO">{'Policy': '101121', 'Expiry': datetime.datetime(2021, 12, 31, 0, 0), 'Location': 'Urban', 'State': 'VT', 'Region': 'Northeast', 'InsuredValue': 4101750, 'Construction': 'Fire Resist', 'BusinessType': 'Office Bldg', 'Earthquake': 'Y', 'Flood': 'Y'}</msg>
<status status="PASS" starttime="20210930 13:44:37.036" endtime="20210930 13:44:37.036"/>
</kw>
<status status="PASS" starttime="20210930 13:44:37.035" endtime="20210930 13:44:37.036"/>
</iter>
<iter>
<var name="${i}">496</var>
<kw name="Get Table Row" library="RPA.Tables">
<var>${row_data}</var>
<arg>${policydata}</arg>
<arg>${i}</arg>
<arg>False</arg>
<doc>Get a single row from a table.</doc>
<msg timestamp="20210930 13:44:37.036" level="INFO">${row_data} = {'Policy': '101122', 'Expiry': datetime.datetime(2021, 12, 31, 0, 0), 'Location': 'Urban', 'State': 'OH', 'Region': 'Central', 'InsuredValue': 1739100, 'Construction': 'Frame', 'BusinessType': 'Apartm...</msg>
<status status="PASS" starttime="20210930 13:44:37.036" endtime="20210930 13:44:37.036"/>
</kw>
<kw name="Log" library="BuiltIn">
<arg>${row_data}</arg>
<doc>Logs the given message with the given level.</doc>
<msg timestamp="20210930 13:44:37.036" level="INFO">{'Policy': '101122', 'Expiry': datetime.datetime(2021, 12, 31, 0, 0), 'Location': 'Urban', 'State': 'OH', 'Region': 'Central', 'InsuredValue': 1739100, 'Construction': 'Frame', 'BusinessType': 'Apartment', 'Earthquake': 'N', 'Flood': 'N'}</msg>
<status status="PASS" starttime="20210930 13:44:37.036" endtime="20210930 13:44:37.037"/>
</kw>
<status status="PASS" starttime="20210930 13:44:37.036" endtime="20210930 13:44:37.037"/>
</iter>
<iter>
<var name="${i}">497</var>
<kw name="Get Table Row" library="RPA.Tables">
<var>${row_data}</var>
<arg>${policydata}</arg>
<arg>${i}</arg>
<arg>False</arg>
<doc>Get a single row from a table.</doc>
<msg timestamp="20210930 13:44:37.037" level="INFO">${row_data} = {'Policy': '101123', 'Expiry': datetime.datetime(2021, 12, 31, 0, 0), 'Location': 'Urban', 'State': 'NY', 'Region': 'East', 'InsuredValue': 2250000, 'Construction': 'Frame', 'BusinessType': 'Office Bl...</msg>
<status status="PASS" starttime="20210930 13:44:37.037" endtime="20210930 13:44:37.037"/>
</kw>
<kw name="Log" library="BuiltIn">
<arg>${row_data}</arg>
<doc>Logs the given message with the given level.</doc>
<msg timestamp="20210930 13:44:37.037" level="INFO">{'Policy': '101123', 'Expiry': datetime.datetime(2021, 12, 31, 0, 0), 'Location': 'Urban', 'State': 'NY', 'Region': 'East', 'InsuredValue': 2250000, 'Construction': 'Frame', 'BusinessType': 'Office Bldg', 'Earthquake': 'Y', 'Flood': 'Y'}</msg>
<status status="PASS" starttime="20210930 13:44:37.037" endtime="20210930 13:44:37.037"/>
</kw>
<status status="PASS" starttime="20210930 13:44:37.037" endtime="20210930 13:44:37.037"/>
</iter>
<iter>
<var name="${i}">498</var>
<kw name="Get Table Row" library="RPA.Tables">
<var>${row_data}</var>
<arg>${policydata}</arg>
<arg>${i}</arg>
<arg>False</arg>
<doc>Get a single row from a table.</doc>
<msg timestamp="20210930 13:44:37.037" level="INFO">${row_data} = {'Policy': '101125', 'Expiry': datetime.datetime(2021, 12, 31, 0, 0), 'Location': 'Urban', 'State': 'NY', 'Region': 'East', 'InsuredValue': 16482200, 'Construction': 'Frame', 'BusinessType': 'Office B...</msg>
<status status="PASS" starttime="20210930 13:44:37.037" endtime="20210930 13:44:37.037"/>
</kw>
<kw name="Log" library="BuiltIn">
<arg>${row_data}</arg>
<doc>Logs the given message with the given level.</doc>
<msg timestamp="20210930 13:44:37.038" level="INFO">{'Policy': '101125', 'Expiry': datetime.datetime(2021, 12, 31, 0, 0), 'Location': 'Urban', 'State': 'NY', 'Region': 'East', 'InsuredValue': 16482200, 'Construction': 'Frame', 'BusinessType': 'Office Bldg', 'Earthquake': 'Y', 'Flood': 'Y'}</msg>
<status status="PASS" starttime="20210930 13:44:37.038" endtime="20210930 13:44:37.038"/>
</kw>
<status status="PASS" starttime="20210930 13:44:37.037" endtime="20210930 13:44:37.038"/>
</iter>
<iter>
<var name="${i}">499</var>
<kw name="Get Table Row" library="RPA.Tables">
<var>${row_data}</var>
<arg>${policydata}</arg>
<arg>${i}</arg>
<arg>False</arg>
<doc>Get a single row from a table.</doc>
<msg timestamp="20210930 13:44:37.038" level="INFO">${row_data} = {'Policy': '101126', 'Expiry': datetime.datetime(2021, 12, 31, 0, 0), 'Location': 'Urban', 'State': 'WI', 'Region': 'Midwest', 'InsuredValue': 1776800, 'Construction': 'Frame', 'BusinessType': 'Farmin...</msg>
<status status="PASS" starttime="20210930 13:44:37.038" endtime="20210930 13:44:37.038"/>
</kw>
<kw name="Log" library="BuiltIn">
<arg>${row_data}</arg>
<doc>Logs the given message with the given level.</doc>
<msg timestamp="20210930 13:44:37.038" level="INFO">{'Policy': '101126', 'Expiry': datetime.datetime(2021, 12, 31, 0, 0), 'Location': 'Urban', 'State': 'WI', 'Region': 'Midwest', 'InsuredValue': 1776800, 'Construction': 'Frame', 'BusinessType': 'Farming', 'Earthquake': 'N', 'Flood': 'N'}</msg>
<status status="PASS" starttime="20210930 13:44:37.038" endtime="20210930 13:44:37.038"/>
</kw>
<status status="PASS" starttime="20210930 13:44:37.038" endtime="20210930 13:44:37.038"/>
</iter>
<status status="PASS" starttime="20210930 13:44:36.727" endtime="20210930 13:44:37.038"/>
</for>
<status status="PASS" starttime="20210930 13:44:36.598" endtime="20210930 13:44:37.038"/>
</test>
<doc>Excel File Related Keyword Examples</doc>
<status status="PASS" starttime="20210930 13:44:36.124" endtime="20210930 13:44:37.039"/>
</suite>
<statistics>
<total>
<stat pass="1" fail="0" skip="0">All Tasks</stat>
</total>
<tag>
</tag>
<suite>
<stat pass="1" fail="0" skip="0" id="s1" name="Tasks">Tasks</stat>
</suite>
</statistics>
<errors>
</errors>
</robot>
