<?xml version="1.0" encoding="UTF-8"?>
<robot generator="Robot 4.1.1 (Python 3.7.5 on win32)" generated="20210930 14:45:06.308" rpa="false" schemaversion="2">
<suite id="s1" name="Robot Interactive Console" source="c:\Users\mksma\.vscode\extensions\robocorp.robotframework-lsp-0.23.2\src\robotframework_ls\vendored\robotframework_interactive\robot_interactive_console.robot">
<test id="s1-t1" name="Default Task/Test">
<kw name="Interpreter Main Loop" library="MainLoop">
<status status="PASS" starttime="20210930 14:45:06.342" endtime="20210930 14:45:12.808"/>
</kw>
<status status="PASS" starttime="20210930 14:45:06.341" endtime="20210930 14:45:12.808"/>
</test>
<status status="PASS" starttime="20210930 14:45:06.309" endtime="20210930 14:45:12.809"/>
</suite>
<statistics>
<total>
<stat pass="1" fail="0" skip="0">All Tests</stat>
</total>
<tag>
</tag>
<suite>
<stat pass="1" fail="0" skip="0" id="s1" name="Robot Interactive Console">Robot Interactive Console</stat>
</suite>
</statistics>
<errors>
</errors>
</robot>
